15:39:26  server on
15:39:45  server on
15:41:7  server on
15:46:45  server on
15:46:45  52ecae74de76df040b09cccc join the game!
15:46:45  ojiJFwPALeaWSFs6trYO disconnect!
15:46:45  J2ISmgFAUCeBc7qdtrYP start monitor!
15:46:45  0V-LVj17kkea5AlJtrYN disconnect!
15:46:45  J2ISmgFAUCeBc7qdtrYP disconnect!
15:46:45  697CEeRuZJdbKdDktrYQ start monitor!
15:46:45  52ecae74de76df040b09cccc join the game!
15:46:45  jneTVxWXGjlKYcwktrYS start monitor!
15:46:45  697CEeRuZJdbKdDktrYQ disconnect!
15:46:45  kJkreOB26gwE1l1ttrYT start monitor!
15:46:45  jneTVxWXGjlKYcwktrYS disconnect!
15:46:45  4RalxXDREXX3gDSMtrYU start monitor!
15:52:5  server on
15:52:5  c884yYKkmw_sVYZ1u5Xj disconnect!
15:52:5  AevjFPhgArdhvkAau5Xl start monitor!
15:52:5  2yX7T8qB5HkkwFVpu5Xk disconnect!
15:52:5  52ecae74de76df040b09cccc join the game!
15:52:5  OpgrGYjxOYeMoUNYu5Xm say to world : hello world
15:52:5  OpgrGYjxOYeMoUNYu5Xm disconnect!
15:52:5  52e3e7e621cd27b412872063 join the game!
15:52:5  nTUmWEZpxBQcKKBRu5Xo disconnect!
15:52:5  AevjFPhgArdhvkAau5Xl disconnect!
15:58:11  server on
15:58:11  ZU-mHPE8fRaqmev2wSpA disconnect!
15:58:11  Ci_BD27I8HIGHqfmwSpB disconnect!
15:58:26  server on
15:59:34  server on
15:59:34  GgLY1N6Sr_NgwtfHwnFw start monitor!
15:59:34  52ecae74de76df040b09cccc join the game!
15:59:34  xOoMf5z4LAn1Mw4YwnFx say to world : 我擦擦擦擦,你们一群混蛋
16:59:47  server on
16:59:50  5GjT6G5XH1UWx3j_-Y_j disconnect!
16:59:51  GmBVpEB0Tbw8JZGG-Y_k start monitor!
16:59:54  -oec3kzu0SazdfBP-Y_i disconnect!
17:0:4  52ecae74de76df040b09cccc join the game!
17:0:17  MUKcROMWQi3v4vXS-Y_l say to world : 大家好
17:4:41  52e3e7e621cd27b412872063 join the game!
17:5:10  XCz8bFqxG7qn3FXv-Y_m say to world : 大家好,我是新玩家王迪,请多多关照
17:14:1  server on
17:14:6  1OF0NxFIUL9z8jrYBpjf disconnect!
17:14:8  uOYSwpHadU3UZxi_Bpjh disconnect!
17:14:16  52e3e7e621cd27b412872063 join the game!
17:14:17  _qaBMEVwpkrJQSdUBpjg disconnect!
17:14:17  YES4jf0nfzCuti3tBpjj start monitor!
17:14:29  52ecae74de76df040b09cccc join the game!
17:14:33  aBAl2nIyP-htI44sBpjk say to world : 你好
17:29:43  server on
17:43:39  server on
20:41:36  Cqvk9MmkN9wnNQEEIbsN disconnect!
20:41:36  TPDbYhFsBgCkSjMVIbsM disconnect!
20:41:36  eHRsB6ewiXYEZ8VJIbsO disconnect!
21:14:18  server on
21:14:29  52ecae74de76df040b09cccc join the game!
21:22:13  WHKeKhqHIJaPwjDQ4pU5 disconnect!
21:22:14  52ecae74de76df040b09cccc join the game!
21:25:11  7i8t3XdGt7GrIMFP4pU6 disconnect!
21:25:11  52ecae74de76df040b09cccc join the game!
21:25:45  HdOk6mQeQYnZ4joD4pU7 disconnect!
21:25:45  52ecae74de76df040b09cccc join the game!
21:25:58  9Jya1PjJiyuwSvFL4pU8 disconnect!
21:25:58  52ecae74de76df040b09cccc join the game!
21:26:17  rJ4ROZ8gddjuikGN4pU9 disconnect!
21:26:17  52ecae74de76df040b09cccc join the game!
21:38:34  server on
21:38:39  E9z4VzOQS-JoHTPF-Mxs disconnect!
21:38:54  52ecae74de76df040b09cccc join the game!
21:40:19  sqbioUwtyCyomuiw-Mxu disconnect!
21:40:20  52ecae74de76df040b09cccc join the game!
22:39:55  server on
22:40:2  gf2NIsVjLsYzgDQNMPjk disconnect!
22:42:53  server on
22:43:35  server on
22:44:38  52ecae74de76df040b09cccc join the game!
22:44:57  zPCF-ocdDNHX7wEpNFJ0 disconnect!
22:45:11  52e3e7e621cd27b412872063 join the game!
22:46:29  R685WcSrTPxpFJ-xNFJy disconnect!
22:46:29  52ecae74de76df040b09cccc join the game!
22:48:14  matUC-VQfZqzgoaMNFJ2 disconnect!
22:48:14  52ecae74de76df040b09cccc join the game!
22:48:16  Ovb9sXpA_w7Lq5HkNFJ3 say to world : a
22:48:24  JDCuTONa6uTGNnZoNFJ1 disconnect!
22:48:24  52e3e7e621cd27b412872063 join the game!
22:48:26  N58iwWSAbXf_KCFMNFJ4 say to world : a
22:51:39  server on
22:51:43  9PcW459au3w03w03O7eR start monitor!
22:51:52  52ecae74de76df040b09cccc join the game!
22:52:0  52e3e7e621cd27b412872063 join the game!
22:52:4  3AttBo6acgkV3GtbO7eT say to world : hello
22:54:29  server on
22:54:32  96mVyhTlsxJFKIXpPk-b disconnect!
22:54:40  52ecae74de76df040b09cccc join the game!
22:54:43  rzKsTXZXJ1gPzNI_Pk-e say to world : a
22:55:31  server on
22:55:34  7MJxgh3rGyvutWFtPz_w disconnect!
22:55:40  52ecae74de76df040b09cccc join the game!
22:55:43  AP2I_ysrrkzxBo46Pz_z say to world : a
23:39:39  server on
23:39:42  ZVXwckx2ZkN7-QLxZ6k- disconnect!
23:39:48  52ecae74de76df040b09cccc join the game!
23:53:55  server on
23:54:4  52ecae74de76df040b09cccc join the game!
23:54:43  server on
23:54:50  52ecae74de76df040b09cccc join the game!
