13:12:17  server on
13:12:22  world time : 00年06日12时52分
13:12:23  _Eh2DRxYVenyGv7AD3BH start monitor!
13:12:27  world time : 00年06日12时53分
13:12:32  world time : 00年06日12时54分
13:12:32  world time update--> 00年06日12时54分
13:12:37  world time : 00年06日12时55分
13:16:25  server on
13:19:49  server on
13:19:54  world time : 00年06日12时55分
13:19:55  gyR18AvQJTksbDq5Flht start monitor!
13:19:59  world time : 00年06日12时56分
13:20:5  world time : 00年06日12时57分
13:20:5  world time update--> 00年06日12时57分
13:20:10  world time : 00年06日12时58分
13:20:15  world time : 00年06日12时59分
13:20:20  world time : 00年06日13时00分
13:20:20  world time update--> 00年06日13时00分
13:20:25  world time : 00年06日13时01分
13:20:30  world time : 00年06日13时02分
13:20:35  world time : 00年06日13时03分
13:20:35  world time update--> 00年06日13时03分
13:20:40  world time : 00年06日13时04分
13:20:45  world time : 00年06日13时05分
13:20:50  world time : 00年06日13时06分
13:20:50  world time update--> 00年06日13时06分
13:20:55  world time : 00年06日13时07分
13:22:54  server on
13:23:3  52ecae74de76df040b09cccc join the game!
13:25:11  server on
13:25:17  1lBKefJtiTGUA8Q5G0AR disconnect!
13:25:26  world time update--> 00年06日13时09分
13:25:35  52ecae74de76df040b09cccc join the game!
13:31:20  server on
13:31:35  world time update--> 00年06日13时12分
13:31:41  52ecae74de76df040b09cccc join the game!
13:39:2  server on
13:39:17  world time update--> 00年06日13时15分
13:39:24  52ecae74de76df040b09cccc join the game!
13:43:59  server on
13:44:14  world time update--> 00年06日13时18分
13:44:21  52ecae74de76df040b09cccc join the game!
13:48:29  server on
13:48:42  52ecae74de76df040b09cccc join the game!
14:6:43  server on
14:6:54  52ecae74de76df040b09cccc join the game!
14:8:9  server on
14:8:21  52ecae74de76df040b09cccc join the game!
14:8:24  world time update--> 00年06日13时21分
14:8:39  world time update--> 00年06日13时24分
14:14:43  server on
14:14:58  world time update--> 00年06日13时27分
14:15:13  world time update--> 00年06日13时30分
14:15:28  world time update--> 00年06日13时33分
14:15:43  world time update--> 00年06日13时36分
14:15:58  world time update--> 00年06日13时39分
14:16:13  world time update--> 00年06日13时42分
14:16:28  world time update--> 00年06日13时45分
14:16:43  world time update--> 00年06日13时48分
14:16:45  52ecae74de76df040b09cccc join the game!
14:17:50  server on
14:17:59  52ecae74de76df040b09cccc join the game!
14:18:5  world time update--> 00年06日13时51分
14:18:20  world time update--> 00年06日13时54分
14:18:35  world time update--> 00年06日13时57分
14:18:50  world time update--> 00年06日14时00分
14:19:5  world time update--> 00年06日14时03分
14:19:20  world time update--> 00年06日14时06分
14:19:35  world time update--> 00年06日14时09分
14:19:50  world time update--> 00年06日14时12分
14:20:5  world time update--> 00年06日14时15分
14:20:20  world time update--> 00年06日14时18分
14:20:35  world time update--> 00年06日14时21分
14:20:50  world time update--> 00年06日14时24分
14:21:5  world time update--> 00年06日14时27分
14:21:20  world time update--> 00年06日14时30分
14:21:33  server on
14:21:37  UTgOOGQUKtenNNNlTtn2 start monitor!
14:21:39  dJfJ1usl_VsqoE04Ttn1 disconnect!
14:21:44  52ecae74de76df040b09cccc join the game!
14:21:48  world time update--> 00年06日14时33分
14:22:3  world time update--> 00年06日14时36分
14:22:18  world time update--> 00年06日14时39分
14:22:33  world time update--> 00年06日14时42分
14:22:48  world time update--> 00年06日14时45分
14:23:3  world time update--> 00年06日14时48分
14:23:18  world time update--> 00年06日14时51分
14:23:33  world time update--> 00年06日14时54分
14:23:48  world time update--> 00年06日14时57分
14:24:3  world time update--> 00年06日15时00分
14:24:18  world time update--> 00年06日15时03分
14:24:33  world time update--> 00年06日15时06分
14:24:48  world time update--> 00年06日15时09分
14:25:3  world time update--> 00年06日15时12分
14:25:18  world time update--> 00年06日15时15分
14:25:33  world time update--> 00年06日15时18分
14:25:47  server on
14:25:52  VxmOHXpVvLK0OwWFUrsg disconnect!
14:25:52  HgsUhmzvTuZePxC0Ursh start monitor!
14:25:56  94MwxvRugGOO69jpUrsf disconnect!
14:26:1  52ecae74de76df040b09cccc join the game!
14:26:2  world time update--> 00年06日15时21分
14:26:17  world time update--> 00年06日15时24分
14:26:32  world time update--> 00年06日15时27分
14:26:47  world time update--> 00年06日15时30分
14:27:2  world time update--> 00年06日15时33分
14:27:17  world time update--> 00年06日15时36分
14:27:32  world time update--> 00年06日15时39分
14:27:47  world time update--> 00年06日15时42分
14:28:2  world time update--> 00年06日15时45分
14:28:17  world time update--> 00年06日15时48分
14:28:32  world time update--> 00年06日15时51分
14:28:40  server on
14:28:43  PyrI8jlIA8_5gCSAVWF8 disconnect!
14:28:49  52ecae74de76df040b09cccc join the game!
14:28:52  dKbRFscIgRu5ubYeVWF7 disconnect!
14:28:52  FqAwoArqCOsna1AmVWF- start monitor!
14:28:56  world time update--> 00年06日15时54分
14:29:11  world time update--> 00年06日15时57分
14:29:26  world time update--> 00年06日16时00分
14:29:41  world time update--> 00年06日16时03分
14:29:56  world time update--> 00年06日16时06分
14:30:11  world time update--> 00年06日16时09分
14:30:26  world time update--> 00年06日16时12分
14:30:41  world time update--> 00年06日16时15分
14:30:56  world time update--> 00年06日16时18分
14:31:11  world time update--> 00年06日16时21分
14:31:26  world time update--> 00年06日16时24分
14:31:41  world time update--> 00年06日16时27分
14:31:56  world time update--> 00年06日16时30分
14:32:11  world time update--> 00年06日16时33分
14:32:32  server on
14:32:44  nYzUgaVI-o3yJyu9WOhw start monitor!
14:32:47  world time update--> 00年06日16时36分
14:33:2  world time update--> 00年06日16时39分
14:33:17  world time update--> 00年06日16时42分
14:33:32  world time update--> 00年06日16时45分
14:33:36  52ecae74de76df040b09cccc join the game!
14:33:47  world time update--> 00年06日16时48分
14:34:2  world time update--> 00年06日16时51分
14:34:17  world time update--> 00年06日16时54分
14:34:32  world time update--> 00年06日16时57分
14:34:47  world time update--> 00年06日17时00分
14:35:2  world time update--> 00年06日17时03分
14:35:17  world time update--> 00年06日17时06分
14:35:32  world time update--> 00年06日17时09分
14:35:47  world time update--> 00年06日17时12分
14:36:2  world time update--> 00年06日17时15分
14:36:17  world time update--> 00年06日17时18分
14:36:32  world time update--> 00年06日17时21分
14:36:47  world time update--> 00年06日17时24分
14:37:2  world time update--> 00年06日17时27分
14:37:18  world time update--> 00年06日17时30分
14:37:33  world time update--> 00年06日17时33分
14:37:48  world time update--> 00年06日17时36分
14:38:3  world time update--> 00年06日17时39分
14:38:18  world time update--> 00年06日17时42分
14:38:33  world time update--> 00年06日17时45分
14:38:48  world time update--> 00年06日17时48分
14:39:3  world time update--> 00年06日17时51分
14:39:18  world time update--> 00年06日17时54分
14:39:28  Ey7Ap7-E_0-7ujj7WOhx disconnect!
14:39:29  52ecae74de76df040b09cccc join the game!
14:39:33  world time update--> 00年06日17时57分
14:39:48  world time update--> 00年06日18时00分
14:40:3  world time update--> 00年06日18时03分
14:40:18  world time update--> 00年06日18时06分
14:40:33  world time update--> 00年06日18时09分
14:40:48  world time update--> 00年06日18时12分
14:41:3  world time update--> 00年06日18时15分
14:41:18  world time update--> 00年06日18时18分
14:41:33  world time update--> 00年06日18时21分
14:41:48  world time update--> 00年06日18时24分
14:42:3  world time update--> 00年06日18时27分
14:42:18  world time update--> 00年06日18时30分
14:42:34  world time update--> 00年06日18时33分
14:42:49  world time update--> 00年06日18时36分
14:43:4  world time update--> 00年06日18时39分
14:43:19  world time update--> 00年06日18时42分
14:43:34  world time update--> 00年06日18时45分
14:43:49  world time update--> 00年06日18时48分
14:44:4  world time update--> 00年06日18时51分
14:44:19  world time update--> 00年06日18时54分
14:44:34  world time update--> 00年06日18时57分
14:44:49  world time update--> 00年06日19时00分
14:45:4  world time update--> 00年06日19时03分
14:45:19  world time update--> 00年06日19时06分
14:45:34  world time update--> 00年06日19时09分
14:45:49  world time update--> 00年06日19时12分
14:46:4  world time update--> 00年06日19时15分
14:46:19  world time update--> 00年06日19时18分
14:46:34  world time update--> 00年06日19时21分
14:46:49  world time update--> 00年06日19时24分
14:47:4  world time update--> 00年06日19时27分
14:47:19  world time update--> 00年06日19时30分
14:47:34  world time update--> 00年06日19时33分
14:47:49  world time update--> 00年06日19时36分
14:48:4  world time update--> 00年06日19时39分
14:48:20  world time update--> 00年06日19时42分
14:48:35  world time update--> 00年06日19时45分
14:48:50  world time update--> 00年06日19时48分
14:49:5  world time update--> 00年06日19时51分
14:49:20  world time update--> 00年06日19时54分
14:49:35  world time update--> 00年06日19时57分
14:49:50  world time update--> 00年06日20时00分
14:50:5  world time update--> 00年06日20时03分
14:50:20  world time update--> 00年06日20时06分
14:50:35  world time update--> 00年06日20时09分
14:50:50  world time update--> 00年06日20时12分
14:51:5  world time update--> 00年06日20时15分
14:51:20  world time update--> 00年06日20时18分
14:51:35  world time update--> 00年06日20时21分
14:51:50  world time update--> 00年06日20时24分
14:52:5  world time update--> 00年06日20时27分
14:52:20  world time update--> 00年06日20时30分
14:52:35  world time update--> 00年06日20时33分
14:52:50  world time update--> 00年06日20时36分
14:53:5  world time update--> 00年06日20时39分
14:53:20  world time update--> 00年06日20时42分
14:53:35  world time update--> 00年06日20时45分
14:53:50  world time update--> 00年06日20时48分
14:54:5  world time update--> 00年06日20时51分
14:54:21  world time update--> 00年06日20时54分
14:54:36  world time update--> 00年06日20时57分
14:54:51  world time update--> 00年06日21时00分
14:55:6  world time update--> 00年06日21时03分
14:55:21  world time update--> 00年06日21时06分
14:55:36  world time update--> 00年06日21时09分
14:55:51  world time update--> 00年06日21时12分
14:56:6  world time update--> 00年06日21时15分
14:56:21  world time update--> 00年06日21时18分
14:56:36  world time update--> 00年06日21时21分
14:56:51  world time update--> 00年06日21时24分
14:56:57  server on
14:56:59  YwCAvRE8Qd0WA-sVb0V2 disconnect!
14:57:0  WBUfTRJbbbEcZzFjb0V4 start monitor!
14:57:12  world time update--> 00年06日21时27分
14:57:27  world time update--> 00年06日21时30分
14:57:42  world time update--> 00年06日21时33分
14:57:57  world time update--> 00年06日21时36分
14:58:12  world time update--> 00年06日21时39分
15:1:11  server on
15:1:15  9qGKYftcLIVrDPE3cyNU start monitor!
15:1:26  world time update--> 00年06日21时42分
15:1:31  building produce time out
15:1:31  building produce time out
15:1:31  找到领主信息
15:1:31  找到领主信息
15:1:41  world time update--> 00年06日21时45分
15:1:56  building produce time out
15:1:56  building produce time out
15:1:56  找到领主信息
15:1:56  world time update--> 00年06日21时48分
15:1:56  找到领主信息
15:2:11  world time update--> 00年06日21时51分
15:2:21  building produce time out
15:2:21  building produce time out
15:2:21  找到领主信息
15:2:21  找到领主信息
15:2:26  world time update--> 00年06日21时54分
15:2:41  world time update--> 00年06日21时57分
15:2:46  building produce time out
15:2:46  building produce time out
15:2:46  找到领主信息
15:2:46  找到领主信息
15:2:56  world time update--> 00年06日22时00分
15:3:11  building produce time out
15:3:11  building produce time out
15:3:11  world time update--> 00年06日22时03分
15:3:11  找到领主信息
15:3:11  找到领主信息
15:3:26  world time update--> 00年06日22时06分
15:3:36  building produce time out
15:3:36  building produce time out
15:3:36  找到领主信息
15:3:36  找到领主信息
15:3:41  world time update--> 00年06日22时09分
15:3:56  world time update--> 00年06日22时12分
15:4:1  building produce time out
15:4:1  building produce time out
15:4:1  找到领主信息
15:4:1  找到领主信息
15:4:11  world time update--> 00年06日22时15分
15:4:26  building produce time out
15:4:26  building produce time out
15:4:26  找到领主信息
15:4:26  world time update--> 00年06日22时18分
15:4:26  找到领主信息
15:4:41  world time update--> 00年06日22时21分
15:4:51  building produce time out
15:4:51  building produce time out
15:4:51  找到领主信息
15:4:51  找到领主信息
15:4:56  world time update--> 00年06日22时24分
15:5:11  world time update--> 00年06日22时27分
15:5:16  building produce time out
15:5:16  building produce time out
15:5:16  找到领主信息
15:5:16  找到领主信息
15:5:26  world time update--> 00年06日22时30分
15:5:41  building produce time out
15:5:41  building produce time out
15:5:41  找到领主信息
15:5:41  world time update--> 00年06日22时33分
15:5:41  找到领主信息
15:5:56  world time update--> 00年06日22时36分
15:6:7  building produce time out
15:6:7  building produce time out
15:6:7  找到领主信息
15:6:7  找到领主信息
15:6:12  world time update--> 00年06日22时39分
15:6:27  world time update--> 00年06日22时42分
15:6:32  building produce time out
15:6:32  building produce time out
15:6:32  找到领主信息
15:6:32  找到领主信息
15:6:42  world time update--> 00年06日22时45分
15:6:57  building produce time out
15:6:57  building produce time out
15:6:57  找到领主信息
15:6:57  world time update--> 00年06日22时48分
15:6:57  找到领主信息
15:7:12  world time update--> 00年06日22时51分
15:7:22  building produce time out
15:7:22  building produce time out
15:7:22  找到领主信息
15:7:22  找到领主信息
15:7:27  world time update--> 00年06日22时54分
15:7:42  world time update--> 00年06日22时57分
15:7:47  building produce time out
15:7:47  building produce time out
15:7:47  找到领主信息
15:7:47  找到领主信息
15:7:57  world time update--> 00年06日23时00分
15:8:12  building produce time out
15:8:12  building produce time out
15:8:12  找到领主信息
15:8:12  world time update--> 00年06日23时03分
15:8:12  找到领主信息
15:8:27  world time update--> 00年06日23时06分
15:8:37  building produce time out
15:8:37  building produce time out
15:8:37  找到领主信息
15:8:37  找到领主信息
15:8:42  world time update--> 00年06日23时09分
15:8:57  world time update--> 00年06日23时12分
15:9:2  building produce time out
15:9:2  building produce time out
15:9:2  找到领主信息
15:9:2  找到领主信息
15:9:12  world time update--> 00年06日23时15分
15:9:27  building produce time out
15:9:27  building produce time out
15:9:27  找到领主信息
15:9:27  world time update--> 00年06日23时18分
15:9:27  找到领主信息
15:9:42  world time update--> 00年06日23时21分
15:9:52  building produce time out
15:9:52  building produce time out
15:9:52  找到领主信息
15:9:52  找到领主信息
15:9:57  world time update--> 00年06日23时24分
15:10:12  world time update--> 00年06日23时27分
15:10:17  building produce time out
15:10:17  building produce time out
15:10:17  找到领主信息
15:10:17  找到领主信息
15:10:27  world time update--> 00年06日23时30分
15:10:42  building produce time out
15:10:42  building produce time out
15:10:42  找到领主信息
15:10:42  world time update--> 00年06日23时33分
15:10:42  找到领主信息
15:10:57  world time update--> 00年06日23时36分
15:11:7  building produce time out
15:11:7  building produce time out
15:11:7  找到领主信息
15:11:7  找到领主信息
15:11:12  world time update--> 00年06日23时39分
15:11:27  world time update--> 00年06日23时42分
15:11:32  building produce time out
15:11:32  building produce time out
15:11:32  找到领主信息
15:11:32  找到领主信息
15:11:42  world time update--> 00年06日23时45分
15:11:58  building produce time out
15:11:58  building produce time out
15:11:58  找到领主信息
15:11:58  world time update--> 00年06日23时48分
15:11:58  找到领主信息
15:12:13  world time update--> 00年06日23时51分
15:12:23  building produce time out
15:12:23  building produce time out
15:12:23  找到领主信息
15:12:23  找到领主信息
15:12:28  world time update--> 00年06日23时54分
15:12:43  world time update--> 00年06日23时57分
15:12:48  building produce time out
15:12:48  building produce time out
15:12:48  找到领主信息
15:12:48  找到领主信息
15:12:58  world time update--> 00年07日00时00分
15:13:14  server on
15:13:17  -58pVKAnMphyFovBfisL disconnect!
15:13:17  rlJcrDRgJKjzuuQ6fisN start monitor!
15:13:19  building produce time out
15:13:19  building produce time out
15:13:19  wsxxdwd生成了
15:13:28  yODTD23_QaANqLtRfisM disconnect!
15:13:29  world time update--> 00年07日00时03分
15:13:34  52ecae74de76df040b09cccc join the game!
15:13:44  building produce time out
15:13:44  building produce time out
15:13:44  world time update--> 00年07日00时06分
15:13:59  world time update--> 00年07日00时09分
15:14:9  building produce time out
15:14:9  building produce time out
15:14:14  world time update--> 00年07日00时12分
15:16:3  server on
15:18:23  server on
15:18:26  NM3IoHBw1h6PZkrTguP- start monitor!
15:18:38  world time update--> 00年07日00时15分
15:18:43  building produce time out
15:33:1  server on
15:33:8  0vPSRLmdfJKUNS6QkEsN start monitor!
15:33:16  world time update--> 00年07日00时18分
15:33:26  building produce time out
15:33:26  building produce time out
15:41:21  server on
15:41:28  Q2PM8lKqRQ7cToByl-vT start monitor!
15:41:36  world time update--> 00年07日00时21分
15:41:46  building produce time out
15:41:46  building produce time out
15:41:46  wsxxdwd生成了52ef8fd60163106814ff823d
15:41:51  world time update--> 00年07日00时24分
15:42:6  world time update--> 00年07日00时27分
15:42:11  building produce time out
15:42:11  building produce time out
15:42:11  wsxxdwd生成了52ef8fd60163106814ff823d
15:42:21  world time update--> 00年07日00时30分
15:42:36  building produce time out
15:42:36  building produce time out
15:42:36  wsxxdwd生成了52ef8fd60163106814ff823d
15:42:36  world time update--> 00年07日00时33分
15:42:51  world time update--> 00年07日00时36分
15:42:56  52ecae74de76df040b09cccc join the game!
15:43:1  building produce time out
15:43:1  building produce time out
15:43:7  world time update--> 00年07日00时39分
15:58:47  server on
15:58:50  9OdehY50O4iJRBsdp9-7 start monitor!
15:58:57  52ecae74de76df040b09cccc join the game!
15:58:57  building produce time out
15:58:57  building produce time out
15:59:2  world time update--> 00年07日00时42分
15:59:17  world time update--> 00年07日00时45分
15:59:22  building produce time out
15:59:22  building produce time out
15:59:32  world time update--> 00年07日00时48分
15:59:47  building produce time out
15:59:47  building produce time out
15:59:47  world time update--> 00年07日00时51分
16:0:2  world time update--> 00年07日00时54分
16:0:12  building produce time out
16:0:12  building produce time out
16:0:17  world time update--> 00年07日00时57分
16:0:32  world time update--> 00年07日01时00分
16:0:37  building produce time out
16:0:37  building produce time out
16:0:47  world time update--> 00年07日01时03分
16:2:11  server on
16:2:16  building produce time out
16:2:16  building produce time out
16:2:16  wsxxdwd生成了52ef8fd60163106814ff823d
16:2:19  52ecae74de76df040b09cccc join the game!
16:19:23  server on
16:19:27  zmVMpkgihkH5soOaury2 start monitor!
16:19:33  52ecae74de76df040b09cccc join the game!
16:19:38  world time update--> 00年07日01时06分
16:19:43  building produce time out
16:19:43  undefined生成了52ef8fd60163106814ff823d
16:19:43  building produce time out
16:19:43  undefined生成了52f395588d619f88084491e4
16:19:53  world time update--> 00年07日01时09分
16:25:59  server on
16:26:2  52ecae74de76df040b09cccc join the game!
16:26:4  AxM_NnIY7_TAZPzvwMj2 disconnect!
16:26:4  building produce time out
16:26:4  building produce time out
16:26:4  wsxxdwd离线生成了52ef8fd60163106814ff823d
16:26:9  52ecae74de76df040b09cccc join the game!
16:26:14  makEMjZRmPwBrQ4MwMj4 start monitor!
16:26:14  world time update--> 00年07日01时12分
16:26:29  building produce time out
16:26:29  undefined生成了52ef8fd60163106814ff823d
16:26:29  building produce time out
16:26:29  undefined生成了52f395588d619f88084491e4
16:26:29  world time update--> 00年07日01时15分
16:33:17  server on
16:33:27  52ecae74de76df040b09cccc join the game!
16:33:32  world time update--> 00年07日01时18分
16:33:35  B2ICpA6o1rzHp2Brx3WS start monitor!
16:33:37  building produce time out
16:33:37  wsxxdwd生成了52ef8fd60163106814ff823d
16:33:37  building produce time out
16:33:37  wsxxdwd生成了52f395588d619f88084491e4
16:33:47  world time update--> 00年07日01时21分
16:34:2  building produce time out
16:34:2  wsxxdwd生成了52ef8fd60163106814ff823d
16:34:2  building produce time out
16:34:2  wsxxdwd生成了52f395588d619f88084491e4
16:34:2  world time update--> 00年07日01时24分
16:34:7  54g2IEhb8AtzPV8_x3WR disconnect!
16:34:8  52ecae74de76df040b09cccc join the game!
16:34:15  dt5tuOqj4f_w6ayWx3WT disconnect!
16:34:15  52ecae74de76df040b09cccc join the game!
16:34:17  world time update--> 00年07日01时27分
16:34:25  RXUGaRWuoHIp9QL3x3WU disconnect!
16:34:27  building produce time out
16:34:27  building produce time out
16:34:27  wsxxdwd离线生成了52ef8fd60163106814ff823d
16:34:30  52ecae74de76df040b09cccc join the game!
16:34:32  world time update--> 00年07日01时30分
16:36:55  server on
16:37:3  52ecae74de76df040b09cccc join the game!
16:37:11  world time update--> 00年07日01时33分
16:37:16  building produce time out
16:37:16  wsxxdwd生成了52ef8fd60163106814ff823d
16:37:16  building produce time out
16:37:16  wsxxdwd生成了52f395588d619f88084491e4
16:52:32  server on
16:52:47  world time update--> 00年07日01时36分
16:52:47  52ecae74de76df040b09cccc join the game!
16:52:52  building produce time out
16:52:52  building produce time out
16:52:52  wsxxdwd离线生成了52ef8fd60163106814ff823d
16:53:2  world time update--> 00年07日01时39分
16:53:17  building produce time out
16:53:17  building produce time out
16:53:17  world time update--> 00年07日01时42分
16:53:17  wsxxdwd离线生成了52ef8fd60163106814ff823d
17:0:9  server on
17:0:24  building produce time out
17:0:24  building produce time out
17:0:24  world time update--> 00年07日01时45分
17:0:24  wsxxdwd离线生成了52ef8fd60163106814ff823d
17:0:35  52ecae74de76df040b09cccc join the game!
17:0:39  world time update--> 00年07日01时48分
17:0:49  building produce time out
17:0:49  building produce time out
17:0:54  world time update--> 00年07日01时51分
17:8:11  server on
17:8:22  52ecae74de76df040b09cccc join the game!
17:8:27  building produce time out
17:8:27  building produce time out
17:8:27  world time update--> 00年07日01时54分
17:8:42  world time update--> 00年07日01时57分
17:11:28  server on
17:11:38  building produce time out
17:11:38  building produce time out
17:11:38  wsxxdwd离线生成了52ef8fd60163106814ff823d
17:11:43  world time update--> 00年07日02时00分
17:11:44  52ecae74de76df040b09cccc join the game!
17:11:58  world time update--> 00年07日02时03分
17:12:3  building produce time out
17:12:3  building produce time out
17:20:11  server on
17:20:21  52ecae74de76df040b09cccc join the game!
17:20:26  world time update--> 00年07日02时06分
17:20:31  building produce time out
17:20:31  wsxxdwd生成了52ef8fd60163106814ff823d
17:20:31  building produce time out
17:20:41  world time update--> 00年07日02时09分
17:20:56  building produce time out
17:20:56  building produce time out
17:20:56  wsxxdwd生成了52ef8fd60163106814ff823d
17:20:56  world time update--> 00年07日02时12分
17:21:11  world time update--> 00年07日02时15分
17:21:21  wsxxdwd生成了52ef8fd60163106814ff823d
17:21:21  building produce time out
17:21:21  building produce time out
17:21:26  world time update--> 00年07日02时18分
17:21:41  world time update--> 00年07日02时21分
17:21:44  NTYV6S6JiLcF8fCf8mY- disconnect!
17:21:45  52ecae74de76df040b09cccc join the game!
17:21:46  building produce time out
17:21:46  wsxxdwd生成了52ef8fd60163106814ff823d
17:21:46  building produce time out
17:21:56  world time update--> 00年07日02时24分
17:22:11  wsxxdwd生成了52ef8fd60163106814ff823d
17:22:11  building produce time out
17:22:11  building produce time out
17:22:11  world time update--> 00年07日02时27分
17:22:26  world time update--> 00年07日02时30分
17:27:49  server on
17:27:54  building produce time out
17:27:54  building produce time out
17:27:54  wsxxdwd离线生成了52ef8fd60163106814ff823d
17:27:57  52ecae74de76df040b09cccc join the game!
17:28:4  world time update--> 00年07日02时33分
17:28:19  building produce time out
17:28:19  wsxxdwd生成了52ef8fd60163106814ff823d
17:28:19  building produce time out
17:28:19  world time update--> 00年07日02时36分
17:37:6  server on
17:37:21  world time update--> 00年07日02时39分
17:37:26  building produce time out
17:37:26  building produce time out
17:37:26  wsxxdwd离线生成了52ef8fd60163106814ff823d
17:37:36  world time update--> 00年07日02时42分
17:37:46  52ecae74de76df040b09cccc join the game!
17:37:51  wsxxdwd生成了52ef8fd60163106814ff823d
17:37:51  building produce time out
17:37:51  building produce time out
17:37:51  world time update--> 00年07日02时45分
17:46:49  server on
17:47:3  52ecae74de76df040b09cccc join the game!
17:47:4  world time update--> 00年07日02时48分
17:47:9  building produce time out
17:47:9  wsxxdwd生成了52ef8fd60163106814ff823d
17:47:9  building produce time out
17:49:53  server on
17:50:1  52ecae74de76df040b09cccc join the game!
17:50:8  world time update--> 00年07日02时51分
17:50:13  building produce time out
17:50:13  wsxxdwd生成了52ef8fd60163106814ff823d
17:50:13  building produce time out
17:53:44  server on
17:53:53  52ecae74de76df040b09cccc join the game!
17:53:59  world time update--> 00年07日02时54分
17:54:9  building produce time out
17:54:9  wsxxdwd生成了52ef8fd60163106814ff823d
17:54:9  building produce time out
17:54:14  world time update--> 00年07日02时57分
18:0:13  server on
18:0:17  52ecae74de76df040b09cccc join the game!
18:0:19  0bniGOSen29mwpwaFwxC disconnect!
18:0:25  52ecae74de76df040b09cccc join the game!
18:0:28  world time update--> 00年07日03时00分
18:0:33  building produce time out
18:0:33  building produce time out
18:0:33  wsxxdwd生成了52f395588d619f88084491e4
18:0:43  world time update--> 00年07日03时03分
18:4:39  server on
18:4:46  52ecae74de76df040b09cccc join the game!
18:4:49  building produce time out
18:4:49  building produce time out
18:4:49  wsxxdwd生成了52f395588d619f88084491e4
18:8:24  server on
18:8:32  52ecae74de76df040b09cccc join the game!
18:8:40  world time update--> 00年07日03时06分
18:8:50  building produce time out
18:8:50  building produce time out
18:8:50  wsxxdwd生成了52f395588d619f88084491e4
18:21:28  server on
18:21:37  52ecae74de76df040b09cccc join the game!
18:21:43  world time update--> 00年07日03时09分
18:21:53  building produce time out
18:21:53  building produce time out
18:21:53  wsxxdwd生成了52f395588d619f88084491e4
18:21:58  world time update--> 00年07日03时12分
18:22:13  world time update--> 00年07日03时15分
18:33:36  server on
18:33:41  building produce time out
18:33:41  building produce time out
18:33:41  wsxxdwd离线生成了52f395588d619f88084491e4
18:33:50  52ecae74de76df040b09cccc join the game!
18:33:51  world time update--> 00年07日03时18分
18:34:6  building produce time out
18:34:6  building produce time out
18:34:6  wsxxdwd生成了52f395588d619f88084491e4
18:34:6  world time update--> 00年07日03时21分
18:38:39  server on
18:38:51  52ecae74de76df040b09cccc join the game!
18:38:54  world time update--> 00年07日03时24分
18:38:59  building produce time out
18:38:59  building produce time out
18:38:59  wsxxdwd生成了52f395588d619f88084491e4
18:39:9  world time update--> 00年07日03时27分
18:42:14  server on
18:42:25  52ecae74de76df040b09cccc join the game!
18:42:29  building produce time out
18:42:29  building produce time out
18:42:29  wsxxdwd生成了52f395588d619f88084491e4
18:42:29  world time update--> 00年07日03时30分
18:48:35  server on
18:48:48  52ecae74de76df040b09cccc join the game!
18:48:50  world time update--> 00年07日03时33分
18:49:0  building produce time out
18:49:0  building produce time out
18:49:0  wsxxdwd生成了52f395588d619f88084491e4
18:49:5  world time update--> 00年07日03时36分
18:49:20  world time update--> 00年07日03时39分
18:49:25  building produce time out
18:49:25  building produce time out
18:49:25  wsxxdwd生成了52f395588d619f88084491e4
18:49:35  world time update--> 00年07日03时42分
18:49:50  building produce time out
18:49:50  building produce time out
18:49:51  wsxxdwd生成了52f395588d619f88084491e4
18:49:51  world time update--> 00年07日03时45分
18:50:6  world time update--> 00年07日03时48分
18:50:17  server on
18:50:22  building produce time out
18:50:22  building produce time out
18:50:22  wsxxdwd离线生成了52f395588d619f88084491e4
18:50:30  j9mmqQe9-xrsP7EUROMs disconnect!
18:50:32  world time update--> 00年07日03时51分
18:50:36  52ecae74de76df040b09cccc join the game!
18:50:47  building produce time out
18:50:47  building produce time out
18:50:47  wsxxdwd生成了52f395588d619f88084491e4
18:50:47  world time update--> 00年07日03时54分
19:1:15  server on
19:1:24  52ecae74de76df040b09cccc join the game!
19:1:30  world time update--> 00年07日03时57分
19:1:40  building produce time out
19:1:40  building produce time out
19:1:40  wsxxdwd生成了52f395588d619f88084491e4
19:3:53  server on
19:4:8  52ecae74de76df040b09cccc join the game!
19:4:8  world time update--> 00年07日04时00分
19:4:18  building produce time out
19:4:18  wsxxdwd生成了52ef8fd60163106814ff823d
19:4:18  building produce time out
19:4:18  wsxxdwd生成了52f395588d619f88084491e4
19:4:23  world time update--> 00年07日04时03分
19:5:57  server on
19:7:44  server on
19:7:49  building produce time out
19:7:49  building produce time out
19:7:49  wsxxdwd离线生成了52f395588d619f88084491e4
19:7:59  world time update--> 00年07日04时06分
19:10:37  server on
19:10:52  building produce time out
19:10:52  building produce time out
19:10:52  world time update--> 00年07日04时09分
19:10:52  wsxxdwd离线生成了52f395588d619f88084491e4
19:11:7  world time update--> 00年07日04时12分
19:11:17  building produce time out
19:11:17  building produce time out
19:11:17  wsxxdwd离线生成了52f395588d619f88084491e4
19:11:22  world time update--> 00年07日04时15分
19:11:37  world time update--> 00年07日04时18分
19:11:42  building produce time out
19:11:42  building produce time out
19:11:42  wsxxdwd离线生成了52f395588d619f88084491e4
19:11:52  world time update--> 00年07日04时21分
19:12:7  building produce time out
19:12:7  building produce time out
19:12:7  world time update--> 00年07日04时24分
19:12:7  wsxxdwd离线生成了52f395588d619f88084491e4
19:12:22  world time update--> 00年07日04时27分
19:12:32  building produce time out
19:12:32  building produce time out
19:12:32  wsxxdwd离线生成了52f395588d619f88084491e4
19:28:7  server on
19:28:22  world time update--> 00年07日04时30分
19:28:50  server on
19:29:0  building produce time out
19:29:0  building produce time out
19:29:0  wsxxdwd离线生成了52ef8fd60163106814ff823d
19:29:0  wsxxdwd离线生成了52f395588d619f88084491e4
19:29:52  server on
19:29:59  52ecae74de76df040b09cccc join the game!
19:30:7  world time update--> 00年07日04时33分
19:30:17  building produce time out
19:30:17  wsxxdwd生成了52ef8fd60163106814ff823d
19:30:17  building produce time out
19:30:17  wsxxdwd生成了52f395588d619f88084491e4
19:30:22  world time update--> 00年07日04时36分
19:30:26  IiVFHw5WmDgCcupaaSDh disconnect!
19:30:35  52ecae74de76df040b09cccc join the game!
19:30:37  7mqMDfknaLev_5EfaSDi disconnect!
19:30:37  world time update--> 00年07日04时39分
19:30:42  building produce time out
19:30:42  building produce time out
19:30:42  wsxxdwd离线生成了52ef8fd60163106814ff823d
19:30:42  wsxxdwd离线生成了52f395588d619f88084491e4
19:30:52  world time update--> 00年07日04时42分
19:31:7  building produce time out
19:31:7  building produce time out
19:31:7  world time update--> 00年07日04时45分
19:31:7  wsxxdwd离线生成了52ef8fd60163106814ff823d
19:31:7  wsxxdwd离线生成了52f395588d619f88084491e4
19:31:16  52ecae74de76df040b09cccc join the game!
19:31:22  world time update--> 00年07日04时48分
19:31:32  building produce time out
19:31:32  wsxxdwd生成了52ef8fd60163106814ff823d
19:31:32  building produce time out
19:31:32  wsxxdwd生成了52f395588d619f88084491e4
19:31:38  world time update--> 00年07日04时51分
19:38:5  server on
19:38:20  world time update--> 00年07日04时54分
19:38:25  building produce time out
19:38:25  building produce time out
19:38:25  wsxxdwd离线生成了52ef8fd60163106814ff823d
19:38:25  wsxxdwd离a线生成了52f395588d619f88084491e4
19:38:59  server on
19:39:14  world time update--> 00年07日04时57分
19:39:24  building produce time out
19:39:24  building produce time out
19:39:24  wsxxdwd离线b生成了52ef8fd60163106814ff823d
19:39:24  wsxxdwd离a线生成了52f395588d619f88084491e4
19:39:29  world time update--> 00年07日05时00分
19:39:44  world time update--> 00年07日05时03分
19:39:49  building produce time out
19:39:49  building produce time out
19:39:49  wsxxdwd离线b生成了52ef8fd60163106814ff823d
19:39:49  wsxxdwd离a线生成了52f395588d619f88084491e4
19:39:59  world time update--> 00年07日05时06分
19:40:14  building produce time out
19:40:14  building produce time out
19:40:14  world time update--> 00年07日05时09分
19:40:14  wsxxdwd离线b生成了52ef8fd60163106814ff823d
19:40:14  wsxxdwd离a线生成了52f395588d619f88084491e4
19:40:29  world time update--> 00年07日05时12分
19:40:39  building produce time out
19:40:39  building produce time out
19:40:39  wsxxdwd离a线生成了52f395588d619f88084491e4
19:40:39  wsxxdwd离线b生成了52ef8fd60163106814ff823d
19:40:44  world time update--> 00年07日05时15分
19:40:59  world time update--> 00年07日05时18分
19:41:4  building produce time out
19:41:4  building produce time out
19:41:4  wsxxdwd离线b生成了52ef8fd60163106814ff823d
19:41:4  wsxxdwd离a线生成了52f395588d619f88084491e4
19:41:14  world time update--> 00年07日05时21分
19:41:29  building produce time out
19:41:29  building produce time out
19:41:29  world time update--> 00年07日05时24分
19:41:29  wsxxdwd离线b生成了52ef8fd60163106814ff823d
19:41:29  wsxxdwd离a线生成了52f395588d619f88084491e4
19:41:44  world time update--> 00年07日05时27分
19:41:54  building produce time out
19:41:54  building produce time out
19:41:54  wsxxdwd离线b生成了52ef8fd60163106814ff823d
19:41:54  wsxxdwd离a线生成了52f395588d619f88084491e4
19:41:59  world time update--> 00年07日05时30分
19:42:14  world time update--> 00年07日05时33分
19:42:19  building produce time out
19:42:19  building produce time out
19:42:19  wsxxdwd离线b生成了52ef8fd60163106814ff823d
19:42:19  wsxxdwd离a线生成了52f395588d619f88084491e4
19:42:29  world time update--> 00年07日05时36分
19:42:44  server on
19:42:49  building produce time out
19:42:49  building produce time out
19:42:49  wsxxdwd离线b生成了1个52ef8fd60163106814ff823d
19:42:49  wsxxdwd离a线生成了1个52f395588d619f88084491e4
19:42:59  world time update--> 00年07日05时39分
19:43:12  Y7RQ_V0E68QHQKmtdOdf disconnect!
19:43:14  building produce time out
19:43:14  building produce time out
19:43:14  wsxxdwd离线b生成了1个52ef8fd60163106814ff823d
19:43:14  world time update--> 00年07日05时42分
19:43:14  wsxxdwd离a线生成了1个52f395588d619f88084491e4
19:43:21  52ecae74de76df040b09cccc join the game!
19:43:29  world time update--> 00年07日05时45分
19:43:39  building produce time out
19:43:39  wsxxdwd生成了52ef8fd60163106814ff823d
19:43:39  building produce time out
19:43:39  wsxxdwd生成了52f395588d619f88084491e4
19:43:44  world time update--> 00年07日05时48分
19:43:47  Ps7RHoWdRw-JkR55dOdg disconnect!
19:43:59  world time update--> 00年07日05时51分
19:44:4  building produce time out
19:44:4  building produce time out
19:44:4  wsxxdwd离线b生成了1个52ef8fd60163106814ff823d
19:44:4  wsxxdwd离a线生成了1个52f395588d619f88084491e4
19:44:14  world time update--> 00年07日05时54分
19:44:18  52ecae74de76df040b09cccc join the game!
19:44:29  building produce time out
19:44:29  wsxxdwd生成了52ef8fd60163106814ff823d
19:44:29  building produce time out
19:44:29  wsxxdwd生成了52f395588d619f88084491e4
19:44:29  world time update--> 00年07日05时57分
19:44:36  NoUnv_irdnoAps-KdOdh disconnect!
19:44:44  world time update--> 00年07日06时00分
19:44:54  building produce time out
19:44:54  building produce time out
19:44:54  wsxxdwd离线b生成了1个52ef8fd60163106814ff823d
19:44:54  wsxxdwd离a线生成了1个52f395588d619f88084491e4
19:44:59  world time update--> 00年07日06时03分
19:45:14  world time update--> 00年07日06时06分
19:45:19  building produce time out
19:45:19  building produce time out
19:45:19  wsxxdwd离线b生成了1个52ef8fd60163106814ff823d
19:45:19  wsxxdwd离a线生成了1个52f395588d619f88084491e4
19:45:29  world time update--> 00年07日06时09分
19:45:42  52ecae74de76df040b09cccc join the game!
19:45:44  building produce time out
19:45:44  wsxxdwd生成了52ef8fd60163106814ff823d
19:45:44  building produce time out
19:45:44  wsxxdwd生成了52f395588d619f88084491e4
19:45:44  world time update--> 00年07日06时12分
19:45:50  IGraJsk6dqDRnAJXdOdi disconnect!
19:45:59  world time update--> 00年07日06时15分
19:46:9  building produce time out
19:46:9  building produce time out
19:46:9  wsxxdwd离线b生成了1个52ef8fd60163106814ff823d
19:46:9  wsxxdwd离a线生成了1个52f395588d619f88084491e4
19:46:14  world time update--> 00年07日06时18分
19:46:29  world time update--> 00年07日06时21分
19:46:30  52ecae74de76df040b09cccc join the game!
19:46:34  building produce time out
19:46:34  wsxxdwd生成了52ef8fd60163106814ff823d
19:46:34  building produce time out
19:46:34  wsxxdwd生成了52f395588d619f88084491e4
19:46:39  R_VYhA_DzmSkgYIddOdj disconnect!
19:46:44  world time update--> 00年07日06时24分
19:46:59  building produce time out
19:46:59  building produce time out
19:46:59  world time update--> 00年07日06时27分
19:46:59  wsxxdwd离线b生成了1个52ef8fd60163106814ff823d
19:46:59  wsxxdwd离a线生成了1个52f395588d619f88084491e4
19:55:50  server on
19:56:5  world time update--> 00年07日06时30分
19:56:10  building produce time out
19:56:10  building produce time out
19:56:10  wsxxdwd离线b生成了1个52ef8fd60163106814ff823d
19:56:10  wsxxdwd离a线生成了1个52f395588d619f88084491e4
19:58:45  server on
19:58:57  52ecae74de76df040b09cccc join the game!
19:59:0  world time update--> 00年07日06时33分
20:2:25  server on
20:2:30  building produce time out
20:2:30  building produce time out
20:2:30  wsxxdwd离线d生成了1个52ef8fd60163106814ff823d
20:2:30  wsxxdwd离a线生成了1个52f395588d619f88084491e4
20:2:56  server on
20:3:2  52ecae74de76df040b09cccc join the game!
21:20:33  server on
21:20:48  building produce time out
21:20:48  building produce time out
21:20:48  world time update--> 00年07日06时36分
21:20:48  wsxxdwd离线d生成了1个52ef8fd60163106814ff823d
21:20:48  wsxxdwd离a线生成了1个52f395588d619f88084491e4
