0:0:51  server on
0:0:56  building produce time out
0:0:56  building produce time out
0:0:59  52ecae74de76df040b09cccc join the game!
0:1:6  world time update--> 00年07日17时00分
0:23:39  server on
0:23:50  52ecae74de76df040b09cccc join the game!
0:23:55  building produce time out
0:23:55  building produce time out
0:23:55  wsxxdwd生成了52f395588d619f88084491e4
0:23:55  world time update--> 00年07日17时03分
0:24:10  world time update--> 00年07日17时06分
0:24:20  building produce time out
0:24:20  building produce time out
0:24:20  wsxxdwd生成了52f395588d619f88084491e4
0:24:20  wsxxdwd生成了52ef8fd60163106814ff823d
0:24:25  world time update--> 00年07日17时09分
0:24:40  world time update--> 00年07日17时12分
0:24:45  building produce time out
0:24:45  building produce time out
0:24:45  wsxxdwd生成了52f395588d619f88084491e4
0:24:55  world time update--> 00年07日17时15分
0:25:10  world time update--> 00年07日17时18分
0:25:10  building produce time out
0:25:10  building produce time out
0:25:10  wsxxdwd生成了52f395588d619f88084491e4
0:25:25  world time update--> 00年07日17时21分
0:25:35  building produce time out
0:25:35  wsxxdwd生成了52ef8fd60163106814ff823d
0:25:35  building produce time out
0:25:35  wsxxdwd生成了52f395588d619f88084491e4
0:25:40  world time update--> 00年07日17时24分
0:25:55  world time update--> 00年07日17时27分
0:26:0  building produce time out
0:26:0  building produce time out
0:26:0  wsxxdwd生成了52f395588d619f88084491e4
0:26:10  world time update--> 00年07日17时30分
0:26:25  building produce time out
0:26:25  building produce time out
0:26:25  wsxxdwd生成了52f395588d619f88084491e4
0:26:25  world time update--> 00年07日17时33分
0:26:40  world time update--> 00年07日17时36分
0:26:50  building produce time out
0:26:50  wsxxdwd生成了52ef8fd60163106814ff823d
0:26:50  building produce time out
0:26:50  wsxxdwd生成了52f395588d619f88084491e4
0:26:55  world time update--> 00年07日17时39分
0:27:10  world time update--> 00年07日17时42分
0:27:15  building produce time out
0:27:15  building produce time out
0:27:15  wsxxdwd生成了52f395588d619f88084491e4
0:27:25  world time update--> 00年07日17时45分
0:27:40  building produce time out
0:27:40  building produce time out
0:27:40  wsxxdwd生成了52f395588d619f88084491e4
0:27:40  world time update--> 00年07日17时48分
0:27:55  world time update--> 00年07日17时51分
0:28:5  building produce time out
0:28:5  wsxxdwd生成了52ef8fd60163106814ff823d
0:28:5  building produce time out
0:28:5  wsxxdwd生成了52f395588d619f88084491e4
0:28:10  world time update--> 00年07日17时54分
0:28:25  world time update--> 00年07日17时57分
0:28:30  building produce time out
0:28:30  building produce time out
0:28:30  wsxxdwd生成了52f395588d619f88084491e4
0:28:40  world time update--> 00年07日18时00分
0:28:56  building produce time out
0:28:56  building produce time out
0:28:56  wsxxdwd生成了52f395588d619f88084491e4
0:28:56  world time update--> 00年07日18时03分
0:29:11  world time update--> 00年07日18时06分
0:29:21  building produce time out
0:29:21  wsxxdwd生成了52ef8fd60163106814ff823d
0:29:21  building produce time out
0:29:21  wsxxdwd生成了52f395588d619f88084491e4
0:29:26  world time update--> 00年07日18时09分
0:29:41  world time update--> 00年07日18时12分
0:29:46  building produce time out
0:29:46  building produce time out
0:29:46  wsxxdwd生成了52f395588d619f88084491e4
0:29:56  world time update--> 00年07日18时15分
0:30:11  building produce time out
0:30:11  building produce time out
0:30:11  wsxxdwd生成了52f395588d619f88084491e4
0:30:11  world time update--> 00年07日18时18分
0:30:26  world time update--> 00年07日18时21分
0:30:36  building produce time out
0:30:36  wsxxdwd生成了52ef8fd60163106814ff823d
0:30:36  building produce time out
0:30:36  wsxxdwd生成了52f395588d619f88084491e4
0:30:41  world time update--> 00年07日18时24分
0:30:55  FvdsxlB_bctDvI0snHaJ disconnect!
0:30:56  52ecae74de76df040b09cccc join the game!
0:32:4  server on
0:32:12  52ecae74de76df040b09cccc join the game!
0:32:14  building produce time out
0:32:14  building produce time out
0:32:14  wsxxdwd生成了52f395588d619f88084491e4
0:32:19  world time update--> 00年07日18时27分
0:32:25  g4rY9ngAuFln32k3pCiG disconnect!
0:32:25  52ecae74de76df040b09cccc join the game!
0:36:1  server on
0:36:9  52ecae74de76df040b09cccc join the game!
0:36:16  building produce time out
0:36:16  building produce time out
0:36:16  wsxxdwd生成了52f395588d619f88084491e4
0:36:16  world time update--> 00年07日18时30分
0:36:31  world time update--> 00年07日18时33分
0:36:41  building produce time out
0:36:41  wsxxdwd生成了52ef8fd60163106814ff823d
0:36:41  building produce time out
0:36:41  wsxxdwd生成了52f395588d619f88084491e4
0:36:46  world time update--> 00年07日18时36分
0:37:1  world time update--> 00年07日18时39分
0:37:6  building produce time out
0:37:6  building produce time out
0:37:6  wsxxdwd生成了52f395588d619f88084491e4
0:37:7  gKiGKzswC2K7JOjJp8dS disconnect!
0:37:7  52ecae74de76df040b09cccc join the game!
0:37:16  world time update--> 00年07日18时42分
0:37:17  _PkGoCw3KxdyW53lp8dT disconnect!
0:37:17  52ecae74de76df040b09cccc join the game!
0:37:31  world time update--> 00年07日18时45分
0:37:31  building produce time out
0:37:31  building produce time out
0:37:31  wsxxdwd生成了52f395588d619f88084491e4
0:37:36  server on
0:37:38  96x_vcL7LNMiLvMsqTic disconnect!
0:37:43  52ecae74de76df040b09cccc join the game!
0:37:47  BXFVnRTCC-zQF3dsqTid disconnect!
0:37:47  52ecae74de76df040b09cccc join the game!
0:37:51  world time update--> 00年07日18时48分
0:38:1  building produce time out
0:38:1  wsxxdwd生成了52ef8fd60163106814ff823d
0:38:1  building produce time out
0:38:1  wsxxdwd生成了52f395588d619f88084491e4
0:38:6  world time update--> 00年07日18时51分
0:38:21  world time update--> 00年07日18时54分
0:38:26  building produce time out
0:38:26  building produce time out
0:38:26  wsxxdwd生成了52f395588d619f88084491e4
0:38:36  world time update--> 00年07日18时57分
0:38:51  building produce time out
0:38:51  building produce time out
0:38:51  wsxxdwd生成了52f395588d619f88084491e4
0:38:51  world time update--> 00年07日19时00分
0:39:6  world time update--> 00年07日19时03分
0:39:16  building produce time out
0:39:16  wsxxdwd生成了52ef8fd60163106814ff823d
0:39:16  building produce time out
0:39:16  wsxxdwd生成了52f395588d619f88084491e4
0:39:21  world time update--> 00年07日19时06分
0:39:36  world time update--> 00年07日19时09分
0:39:41  building produce time out
0:39:41  building produce time out
0:39:41  wsxxdwd生成了52f395588d619f88084491e4
0:39:51  world time update--> 00年07日19时12分
0:40:6  building produce time out
0:40:6  building produce time out
0:40:6  wsxxdwd生成了52f395588d619f88084491e4
0:40:6  world time update--> 00年07日19时15分
0:40:21  world time update--> 00年07日19时18分
0:40:31  building produce time out
0:40:31  wsxxdwd生成了52ef8fd60163106814ff823d
0:40:31  wsxxdwd生成了52f395588d619f88084491e4
0:40:31  building produce time out
0:40:36  world time update--> 00年07日19时21分
0:40:51  world time update--> 00年07日19时24分
0:40:56  building produce time out
0:40:56  building produce time out
0:40:56  wsxxdwd生成了52f395588d619f88084491e4
0:41:6  world time update--> 00年07日19时27分
0:41:21  building produce time out
0:41:21  building produce time out
0:41:21  wsxxdwd生成了52f395588d619f88084491e4
0:41:21  world time update--> 00年07日19时30分
0:41:36  world time update--> 00年07日19时33分
0:41:37  kABoKL5wrGJx3vQTqTie disconnect!
0:41:37  52ecae74de76df040b09cccc join the game!
0:41:46  building produce time out
0:41:46  wsxxdwd生成了52ef8fd60163106814ff823d
0:41:46  building produce time out
0:41:46  wsxxdwd生成了52f395588d619f88084491e4
0:41:51  world time update--> 00年07日19时36分
0:42:6  world time update--> 00年07日19时39分
0:42:11  building produce time out
0:42:11  building produce time out
0:42:11  wsxxdwd生成了52f395588d619f88084491e4
0:42:21  world time update--> 00年07日19时42分
0:42:36  building produce time out
0:42:36  building produce time out
0:42:36  wsxxdwd生成了52f395588d619f88084491e4
0:42:36  world time update--> 00年07日19时45分
0:42:51  world time update--> 00年07日19时48分
0:43:1  building produce time out
0:43:1  wsxxdwd生成了52ef8fd60163106814ff823d
0:43:1  building produce time out
0:43:1  wsxxdwd生成了52f395588d619f88084491e4
0:43:6  world time update--> 00年07日19时51分
0:43:21  world time update--> 00年07日19时54分
0:43:26  building produce time out
0:43:26  building produce time out
0:43:26  wsxxdwd生成了52f395588d619f88084491e4
0:43:36  world time update--> 00年07日19时57分
0:43:51  building produce time out
0:43:51  building produce time out
0:43:51  wsxxdwd生成了52f395588d619f88084491e4
0:43:51  world time update--> 00年07日20时00分
0:44:6  world time update--> 00年07日20时03分
0:44:16  building produce time out
0:44:16  wsxxdwd生成了52ef8fd60163106814ff823d
0:44:16  building produce time out
0:44:16  wsxxdwd生成了52f395588d619f88084491e4
0:44:21  world time update--> 00年07日20时06分
0:44:36  world time update--> 00年07日20时09分
0:44:41  building produce time out
0:44:41  building produce time out
0:44:41  wsxxdwd生成了52f395588d619f88084491e4
0:44:51  world time update--> 00年07日20时12分
0:45:6  building produce time out
0:45:6  building produce time out
0:45:6  wsxxdwd生成了52f395588d619f88084491e4
0:45:6  world time update--> 00年07日20时15分
0:45:21  world time update--> 00年07日20时18分
0:45:31  building produce time out
0:45:31  wsxxdwd生成了52ef8fd60163106814ff823d
0:45:31  building produce time out
0:45:31  wsxxdwd生成了52f395588d619f88084491e4
0:45:36  world time update--> 00年07日20时21分
0:45:51  world time update--> 00年07日20时24分
0:45:56  building produce time out
0:45:56  building produce time out
0:45:56  wsxxdwd生成了52f395588d619f88084491e4
0:46:6  world time update--> 00年07日20时27分
0:46:22  world time update--> 00年07日20时30分
0:46:22  building produce time out
0:46:22  building produce time out
0:46:22  wsxxdwd生成了52f395588d619f88084491e4
0:46:37  world time update--> 00年07日20时33分
0:46:47  building produce time out
0:46:47  wsxxdwd生成了52ef8fd60163106814ff823d
0:46:47  building produce time out
0:46:47  wsxxdwd生成了52f395588d619f88084491e4
0:46:52  world time update--> 00年07日20时36分
0:47:7  world time update--> 00年07日20时39分
0:47:12  building produce time out
0:47:12  building produce time out
0:47:12  wsxxdwd生成了52f395588d619f88084491e4
0:47:22  world time update--> 00年07日20时42分
0:47:37  building produce time out
0:47:37  building produce time out
0:47:37  world time update--> 00年07日20时45分
0:47:37  wsxxdwd生成了52f395588d619f88084491e4
0:47:52  world time update--> 00年07日20时48分
0:48:2  building produce time out
0:48:2  wsxxdwd生成了52ef8fd60163106814ff823d
0:48:2  building produce time out
0:48:2  wsxxdwd生成了52f395588d619f88084491e4
0:48:7  world time update--> 00年07日20时51分
0:48:22  world time update--> 00年07日20时54分
0:48:27  building produce time out
0:48:27  building produce time out
0:48:27  wsxxdwd生成了52f395588d619f88084491e4
0:48:37  world time update--> 00年07日20时57分
0:48:52  building produce time out
0:48:52  building produce time out
0:48:52  wsxxdwd生成了52f395588d619f88084491e4
0:48:52  world time update--> 00年07日21时00分
0:49:7  world time update--> 00年07日21时03分
0:49:17  building produce time out
0:49:17  wsxxdwd生成了52ef8fd60163106814ff823d
0:49:17  building produce time out
0:49:17  wsxxdwd生成了52f395588d619f88084491e4
0:49:22  world time update--> 00年07日21时06分
0:49:36  server on
0:49:53  server on
0:50:8  world time update--> 00年07日21时09分
0:50:23  world time update--> 00年07日21时12分
0:50:38  world time update--> 00年07日21时15分
0:50:53  world time update--> 00年07日21时18分
0:50:54  52ecae74de76df040b09cccc join the game!
0:51:8  world time update--> 00年07日21时21分
0:51:18  building produce time out
0:51:18  wsxxdwd生成了52f395588d619f88084491e4
0:51:23  world time update--> 00年07日21时24分
0:51:38  world time update--> 00年07日21时27分
0:51:53  world time update--> 00年07日21时30分
0:52:8  world time update--> 00年07日21时33分
0:52:23  world time update--> 00年07日21时36分
0:52:38  world time update--> 00年07日21时39分
0:52:53  world time update--> 00年07日21时42分
0:52:58  building produce time out
0:52:58  wsxxdwd生成了52f395588d619f88084491e4
0:53:8  world time update--> 00年07日21时45分
0:53:23  world time update--> 00年07日21时48分
0:53:38  world time update--> 00年07日21时51分
0:53:48  building produce time out
0:53:53  world time update--> 00年07日21时54分
0:54:8  world time update--> 00年07日21时57分
0:54:23  world time update--> 00年07日22时00分
0:54:38  building produce time out
0:54:38  wsxxdwd生成了52f395588d619f88084491e4
0:54:38  world time update--> 00年07日22时03分
0:54:53  world time update--> 00年07日22时06分
0:55:8  world time update--> 00年07日22时09分
0:55:23  world time update--> 00年07日22时12分
0:55:38  world time update--> 00年07日22时15分
0:55:53  world time update--> 00年07日22时18分
0:56:8  world time update--> 00年07日22时21分
0:56:18  building produce time out
0:56:18  wsxxdwd生成了52f395588d619f88084491e4
0:56:23  world time update--> 00年07日22时24分
0:56:39  world time update--> 00年07日22时27分
0:56:54  world time update--> 00年07日22时30分
0:57:9  world time update--> 00年07日22时33分
0:57:24  world time update--> 00年07日22时36分
0:57:39  world time update--> 00年07日22时39分
0:57:54  world time update--> 00年07日22时42分
0:57:59  building produce time out
0:57:59  building produce time out
0:57:59  wsxxdwd生成了52f395588d619f88084491e4
0:58:9  world time update--> 00年07日22时45分
0:58:24  world time update--> 00年07日22时48分
0:58:39  world time update--> 00年07日22时51分
0:58:54  world time update--> 00年07日22时54分
0:59:9  world time update--> 00年07日22时57分
0:59:24  world time update--> 00年07日23时00分
0:59:39  building produce time out
0:59:39  wsxxdwd生成了52f395588d619f88084491e4
0:59:39  world time update--> 00年07日23时03分
0:59:54  world time update--> 00年07日23时06分
1:0:9  world time update--> 00年07日23时09分
1:0:24  world time update--> 00年07日23时12分
1:0:39  world time update--> 00年07日23时15分
1:0:54  world time update--> 00年07日23时18分
1:1:9  world time update--> 00年07日23时21分
1:1:19  building produce time out
1:1:19  wsxxdwd生成了52f395588d619f88084491e4
1:1:24  world time update--> 00年07日23时24分
1:1:39  world time update--> 00年07日23时27分
1:1:54  world time update--> 00年07日23时30分
1:2:9  building produce time out
1:2:9  world time update--> 00年07日23时33分
1:2:24  world time update--> 00年07日23时36分
1:2:39  world time update--> 00年07日23时39分
1:2:54  world time update--> 00年07日23时42分
1:2:59  building produce time out
1:2:59  wsxxdwd生成了52f395588d619f88084491e4
1:3:9  world time update--> 00年07日23时45分
1:3:24  world time update--> 00年07日23时48分
1:3:39  world time update--> 00年07日23时51分
1:3:54  world time update--> 00年07日23时54分
1:4:9  world time update--> 00年07日23时57分
1:4:24  world time update--> 00年08日00时00分
1:4:40  building produce time out
1:4:40  wsxxdwd生成了52f395588d619f88084491e4
1:4:40  world time update--> 00年08日00时03分
1:4:55  world time update--> 00年08日00时06分
1:5:10  world time update--> 00年08日00时09分
1:5:25  world time update--> 00年08日00时12分
1:5:40  world time update--> 00年08日00时15分
1:5:55  world time update--> 00年08日00时18分
1:6:10  world time update--> 00年08日00时21分
1:6:20  building produce time out
1:6:20  building produce time out
1:6:20  wsxxdwd生成了52f395588d619f88084491e4
1:6:25  world time update--> 00年08日00时24分
1:6:40  world time update--> 00年08日00时27分
1:6:55  world time update--> 00年08日00时30分
1:7:10  world time update--> 00年08日00时33分
1:7:25  world time update--> 00年08日00时36分
1:7:40  world time update--> 00年08日00时39分
1:7:55  world time update--> 00年08日00时42分
1:8:0  building produce time out
1:8:0  wsxxdwd生成了52f395588d619f88084491e4
1:8:10  world time update--> 00年08日00时45分
1:8:25  world time update--> 00年08日00时48分
1:8:40  world time update--> 00年08日00时51分
1:8:55  world time update--> 00年08日00时54分
1:9:10  world time update--> 00年08日00时57分
1:9:25  world time update--> 00年08日01时00分
1:9:40  building produce time out
1:9:40  wsxxdwd生成了52f395588d619f88084491e4
1:9:40  world time update--> 00年08日01时03分
1:9:55  world time update--> 00年08日01时06分
1:10:10  world time update--> 00年08日01时09分
1:10:25  world time update--> 00年08日01时12分
1:10:30  building produce time out
1:10:40  world time update--> 00年08日01时15分
1:10:55  world time update--> 00年08日01时18分
1:11:10  world time update--> 00年08日01时21分
1:11:20  building produce time out
1:11:20  wsxxdwd生成了52f395588d619f88084491e4
1:11:25  world time update--> 00年08日01时24分
1:11:40  world time update--> 00年08日01时27分
1:11:55  world time update--> 00年08日01时30分
1:12:10  world time update--> 00年08日01时33分
1:12:25  world time update--> 00年08日01时36分
1:12:40  world time update--> 00年08日01时39分
1:12:56  world time update--> 00年08日01时42分
1:13:1  building produce time out
1:13:1  wsxxdwd生成了52f395588d619f88084491e4
1:13:11  world time update--> 00年08日01时45分
1:13:26  world time update--> 00年08日01时48分
1:13:41  world time update--> 00年08日01时51分
1:13:56  world time update--> 00年08日01时54分
1:14:11  world time update--> 00年08日01时57分
1:14:26  world time update--> 00年08日02时00分
1:14:41  building produce time out
1:14:41  building produce time out
1:14:41  wsxxdwd生成了52f395588d619f88084491e4
1:14:41  world time update--> 00年08日02时03分
1:14:56  world time update--> 00年08日02时06分
1:15:11  world time update--> 00年08日02时09分
1:15:26  world time update--> 00年08日02时12分
1:15:41  world time update--> 00年08日02时15分
1:15:56  world time update--> 00年08日02时18分
1:16:11  world time update--> 00年08日02时21分
1:16:21  building produce time out
1:16:21  wsxxdwd生成了52f395588d619f88084491e4
1:16:26  world time update--> 00年08日02时24分
1:16:41  world time update--> 00年08日02时27分
1:16:56  world time update--> 00年08日02时30分
1:17:11  world time update--> 00年08日02时33分
1:17:26  world time update--> 00年08日02时36分
1:17:41  world time update--> 00年08日02时39分
1:17:56  world time update--> 00年08日02时42分
1:18:1  building produce time out
1:18:1  wsxxdwd生成了52f395588d619f88084491e4
1:18:11  world time update--> 00年08日02时45分
1:18:26  world time update--> 00年08日02时48分
1:18:41  world time update--> 00年08日02时51分
1:18:51  building produce time out
1:18:56  world time update--> 00年08日02时54分
1:19:11  world time update--> 00年08日02时57分
1:19:26  world time update--> 00年08日03时00分
1:19:41  building produce time out
1:19:41  wsxxdwd生成了52f395588d619f88084491e4
1:19:41  world time update--> 00年08日03时03分
1:19:56  world time update--> 00年08日03时06分
1:20:11  world time update--> 00年08日03时09分
1:20:26  world time update--> 00年08日03时12分
1:20:41  world time update--> 00年08日03时15分
1:20:56  world time update--> 00年08日03时18分
1:21:11  world time update--> 00年08日03时21分
1:21:21  wsxxdwd生成了52f395588d619f88084491e4
1:21:21  building produce time out
1:21:26  world time update--> 00年08日03时24分
1:21:41  world time update--> 00年08日03时27分
1:21:57  world time update--> 00年08日03时30分
1:22:12  world time update--> 00年08日03时33分
1:22:27  world time update--> 00年08日03时36分
1:22:42  world time update--> 00年08日03时39分
1:22:57  world time update--> 00年08日03时42分
1:23:2  building produce time out
1:23:2  building produce time out
1:23:2  wsxxdwd生成了52f395588d619f88084491e4
1:23:12  world time update--> 00年08日03时45分
1:23:27  world time update--> 00年08日03时48分
1:23:42  world time update--> 00年08日03时51分
1:23:57  world time update--> 00年08日03时54分
1:24:12  world time update--> 00年08日03时57分
1:24:27  world time update--> 00年08日04时00分
1:24:42  building produce time out
1:24:42  wsxxdwd生成了52f395588d619f88084491e4
1:24:42  world time update--> 00年08日04时03分
1:24:57  world time update--> 00年08日04时06分
1:25:12  world time update--> 00年08日04时09分
1:25:27  world time update--> 00年08日04时12分
1:25:42  world time update--> 00年08日04时15分
1:25:57  world time update--> 00年08日04时18分
1:26:12  world time update--> 00年08日04时21分
1:26:22  building produce time out
1:26:22  wsxxdwd生成了52f395588d619f88084491e4
1:26:27  world time update--> 00年08日04时24分
1:26:42  world time update--> 00年08日04时27分
1:26:57  world time update--> 00年08日04时30分
1:27:12  world time update--> 00年08日04时33分
1:27:12  building produce time out
1:27:27  world time update--> 00年08日04时36分
1:27:42  world time update--> 00年08日04时39分
1:27:57  world time update--> 00年08日04时42分
1:28:2  building produce time out
1:28:2  wsxxdwd生成了52f395588d619f88084491e4
1:28:12  world time update--> 00年08日04时45分
1:28:27  world time update--> 00年08日04时48分
1:28:42  world time update--> 00年08日04时51分
1:28:57  world time update--> 00年08日04时54分
1:29:12  world time update--> 00年08日04时57分
1:29:27  world time update--> 00年08日05时00分
1:29:42  building produce time out
1:29:42  wsxxdwd生成了52f395588d619f88084491e4
1:29:42  world time update--> 00年08日05时03分
1:29:57  world time update--> 00年08日05时06分
1:30:12  world time update--> 00年08日05时09分
1:30:27  world time update--> 00年08日05时12分
1:30:42  world time update--> 00年08日05时15分
1:30:57  world time update--> 00年08日05时18分
1:31:13  world time update--> 00年08日05时21分
1:31:23  building produce time out
1:31:23  building produce time out
1:31:23  wsxxdwd生成了52f395588d619f88084491e4
1:31:28  world time update--> 00年08日05时24分
1:31:43  world time update--> 00年08日05时27分
1:31:58  world time update--> 00年08日05时30分
1:32:13  world time update--> 00年08日05时33分
1:32:28  world time update--> 00年08日05时36分
1:32:43  world time update--> 00年08日05时39分
1:32:58  world time update--> 00年08日05时42分
1:33:3  building produce time out
1:33:3  wsxxdwd生成了52f395588d619f88084491e4
1:33:13  world time update--> 00年08日05时45分
1:33:28  world time update--> 00年08日05时48分
1:33:43  world time update--> 00年08日05时51分
1:33:58  world time update--> 00年08日05时54分
1:34:13  world time update--> 00年08日05时57分
1:34:28  world time update--> 00年08日06时00分
1:34:43  building produce time out
1:34:43  wsxxdwd生成了52f395588d619f88084491e4
1:34:43  world time update--> 00年08日06时03分
1:34:58  world time update--> 00年08日06时06分
1:35:13  world time update--> 00年08日06时09分
1:35:28  world time update--> 00年08日06时12分
1:35:33  building produce time out
1:35:43  world time update--> 00年08日06时15分
1:35:58  world time update--> 00年08日06时18分
1:36:13  world time update--> 00年08日06时21分
1:36:23  building produce time out
1:36:23  wsxxdwd生成了52f395588d619f88084491e4
1:36:28  world time update--> 00年08日06时24分
1:36:43  world time update--> 00年08日06时27分
1:36:58  world time update--> 00年08日06时30分
1:37:13  world time update--> 00年08日06时33分
1:37:28  world time update--> 00年08日06时36分
1:37:43  world time update--> 00年08日06时39分
1:37:58  world time update--> 00年08日06时42分
1:38:3  building produce time out
1:38:3  wsxxdwd生成了52f395588d619f88084491e4
1:38:13  world time update--> 00年08日06时45分
1:38:28  world time update--> 00年08日06时48分
1:38:43  world time update--> 00年08日06时51分
1:38:58  world time update--> 00年08日06时54分
1:39:13  world time update--> 00年08日06时57分
1:39:28  world time update--> 00年08日07时00分
1:39:43  building produce time out
1:39:43  building produce time out
1:39:43  wsxxdwd生成了52f395588d619f88084491e4
1:39:43  world time update--> 00年08日07时03分
1:39:58  world time update--> 00年08日07时06分
1:40:13  world time update--> 00年08日07时09分
1:40:28  world time update--> 00年08日07时12分
1:40:43  world time update--> 00年08日07时15分
1:40:58  world time update--> 00年08日07时18分
1:41:14  world time update--> 00年08日07时21分
1:41:24  building produce time out
1:41:24  wsxxdwd生成了52f395588d619f88084491e4
1:41:29  world time update--> 00年08日07时24分
1:41:44  world time update--> 00年08日07时27分
1:41:59  world time update--> 00年08日07时30分
1:42:14  world time update--> 00年08日07时33分
1:42:29  world time update--> 00年08日07时36分
1:42:44  world time update--> 00年08日07时39分
1:42:59  world time update--> 00年08日07时42分
1:43:4  building produce time out
1:43:4  wsxxdwd生成了52f395588d619f88084491e4
1:43:14  world time update--> 00年08日07时45分
1:43:29  world time update--> 00年08日07时48分
1:43:44  world time update--> 00年08日07时51分
1:43:54  building produce time out
1:43:59  world time update--> 00年08日07时54分
1:44:14  world time update--> 00年08日07时57分
1:44:29  world time update--> 00年08日08时00分
1:44:44  building produce time out
1:44:44  wsxxdwd生成了52f395588d619f88084491e4
1:44:44  world time update--> 00年08日08时03分
1:44:59  world time update--> 00年08日08时06分
1:45:14  world time update--> 00年08日08时09分
1:45:29  world time update--> 00年08日08时12分
1:45:44  world time update--> 00年08日08时15分
1:45:59  world time update--> 00年08日08时18分
1:46:14  world time update--> 00年08日08时21分
1:46:24  building produce time out
1:46:24  wsxxdwd生成了52f395588d619f88084491e4
1:46:29  world time update--> 00年08日08时24分
1:46:44  world time update--> 00年08日08时27分
1:46:59  world time update--> 00年08日08时30分
1:47:14  world time update--> 00年08日08时33分
1:47:29  world time update--> 00年08日08时36分
1:47:44  world time update--> 00年08日08时39分
1:47:59  world time update--> 00年08日08时42分
1:48:4  building produce time out
1:48:4  building produce time out
1:48:4  wsxxdwd生成了52f395588d619f88084491e4
1:48:14  world time update--> 00年08日08时45分
1:48:29  world time update--> 00年08日08时48分
1:48:44  world time update--> 00年08日08时51分
1:48:59  world time update--> 00年08日08时54分
1:49:14  world time update--> 00年08日08时57分
1:49:29  world time update--> 00年08日09时00分
1:49:44  building produce time out
1:49:44  wsxxdwd生成了52f395588d619f88084491e4
1:49:44  world time update--> 00年08日09时03分
1:49:59  world time update--> 00年08日09时06分
1:50:14  world time update--> 00年08日09时09分
1:50:29  world time update--> 00年08日09时12分
1:50:44  world time update--> 00年08日09时15分
1:50:59  world time update--> 00年08日09时18分
1:51:15  world time update--> 00年08日09时21分
1:51:25  wsxxdwd生成了52f395588d619f88084491e4
1:51:25  building produce time out
1:51:30  world time update--> 00年08日09时24分
1:51:45  world time update--> 00年08日09时27分
1:52:0  world time update--> 00年08日09时30分
1:52:15  building produce time out
1:52:15  world time update--> 00年08日09时33分
1:52:30  world time update--> 00年08日09时36分
1:52:45  world time update--> 00年08日09时39分
1:53:0  world time update--> 00年08日09时42分
1:53:5  building produce time out
1:53:5  wsxxdwd生成了52f395588d619f88084491e4
1:53:15  world time update--> 00年08日09时45分
1:53:30  world time update--> 00年08日09时48分
1:53:45  world time update--> 00年08日09时51分
1:54:0  world time update--> 00年08日09时54分
1:54:15  world time update--> 00年08日09时57分
1:54:30  world time update--> 00年08日10时00分
1:54:45  building produce time out
1:54:45  wsxxdwd生成了52f395588d619f88084491e4
1:54:45  world time update--> 00年08日10时03分
1:55:0  world time update--> 00年08日10时06分
1:55:15  world time update--> 00年08日10时09分
1:55:30  world time update--> 00年08日10时12分
1:55:45  world time update--> 00年08日10时15分
1:56:0  world time update--> 00年08日10时18分
1:56:15  world time update--> 00年08日10时21分
1:56:25  building produce time out
1:56:25  building produce time out
1:56:25  wsxxdwd生成了52f395588d619f88084491e4
1:56:30  world time update--> 00年08日10时24分
1:56:45  world time update--> 00年08日10时27分
1:57:0  world time update--> 00年08日10时30分
1:57:15  world time update--> 00年08日10时33分
1:57:30  world time update--> 00年08日10时36分
1:57:45  world time update--> 00年08日10时39分
1:58:0  world time update--> 00年08日10时42分
1:58:5  building produce time out
1:58:5  wsxxdwd生成了52f395588d619f88084491e4
1:58:15  world time update--> 00年08日10时45分
1:58:30  world time update--> 00年08日10时48分
1:58:45  world time update--> 00年08日10时51分
1:59:0  world time update--> 00年08日10时54分
1:59:15  world time update--> 00年08日10时57分
1:59:30  world time update--> 00年08日11时00分
1:59:45  building produce time out
1:59:45  wsxxdwd生成了52f395588d619f88084491e4
1:59:45  world time update--> 00年08日11时03分
2:0:0  world time update--> 00年08日11时06分
2:0:15  world time update--> 00年08日11时09分
2:0:30  world time update--> 00年08日11时12分
2:0:35  building produce time out
2:0:45  world time update--> 00年08日11时15分
2:1:0  world time update--> 00年08日11时18分
2:1:16  world time update--> 00年08日11时21分
2:1:26  building produce time out
2:1:26  wsxxdwd生成了52f395588d619f88084491e4
2:1:31  world time update--> 00年08日11时24分
2:1:46  world time update--> 00年08日11时27分
2:2:1  world time update--> 00年08日11时30分
2:2:16  world time update--> 00年08日11时33分
2:2:31  world time update--> 00年08日11时36分
2:2:46  world time update--> 00年08日11时39分
2:3:1  world time update--> 00年08日11时42分
2:3:6  building produce time out
2:3:6  wsxxdwd生成了52f395588d619f88084491e4
2:3:16  world time update--> 00年08日11时45分
2:3:31  world time update--> 00年08日11时48分
2:3:46  world time update--> 00年08日11时51分
2:4:1  world time update--> 00年08日11时54分
2:4:16  world time update--> 00年08日11时57分
2:4:31  world time update--> 00年08日12时00分
2:4:46  building produce time out
2:4:46  building produce time out
2:4:46  wsxxdwd生成了52f395588d619f88084491e4
2:4:46  world time update--> 00年08日12时03分
2:5:1  world time update--> 00年08日12时06分
2:5:16  world time update--> 00年08日12时09分
2:5:31  world time update--> 00年08日12时12分
2:5:46  world time update--> 00年08日12时15分
2:6:1  world time update--> 00年08日12时18分
2:6:16  world time update--> 00年08日12时21分
2:6:26  building produce time out
2:6:26  wsxxdwd生成了52f395588d619f88084491e4
2:6:31  world time update--> 00年08日12时24分
2:6:46  world time update--> 00年08日12时27分
2:9:4  server on
2:9:9  _QEjTWJ_hjMmH7EL_PmG disconnect!
2:9:19  world time update--> 00年08日12时30分
2:9:34  world time update--> 00年08日12时33分
2:9:50  world time update--> 00年08日12时36分
2:10:5  world time update--> 00年08日12时39分
2:10:15  building produce time out
2:10:20  world time update--> 00年08日12时42分
2:10:35  world time update--> 00年08日12时45分
2:10:40  52ecae74de76df040b09cccc join the game!
3:25:34  server on
3:25:43  52ecae74de76df040b09cccc join the game!
3:25:49  world time update--> 00年08日12时48分
3:25:54  building produce time out
3:26:4  world time update--> 00年08日12时51分
3:26:19  world time update--> 00年08日12时54分
3:26:34  world time update--> 00年08日12时57分
3:26:44  building produce time out
3:26:44  wsxxdwd生成了52f395588d619f88084491e4
3:26:49  world time update--> 00年08日13时00分
3:27:4  world time update--> 00年08日13时03分
3:27:19  world time update--> 00年08日13时06分
3:27:21  FlOXRQ2ATbZ3o_X0Qv_3 disconnect!
3:27:21  52ecae74de76df040b09cccc join the game!
3:27:34  world time update--> 00年08日13时09分
3:27:48  MmCSl4GxuhS6OSyYQv_4 disconnect!
3:27:48  52ecae74de76df040b09cccc join the game!
3:27:49  world time update--> 00年08日13时12分
3:28:4  world time update--> 00年08日13时15分
3:29:24  server on
3:29:33  52ecae74de76df040b09cccc join the game!
3:29:39  building produce time out
3:29:39  wsxxdwd生成了52f395588d619f88084491e4
3:29:39  world time update--> 00年08日13时18分
3:29:54  world time update--> 00年08日13时21分
3:29:55  Upv5nModgD_TCNYaRoNv disconnect!
3:29:55  52ecae74de76df040b09cccc join the game!
3:30:9  world time update--> 00年08日13时24分
3:30:15  fQcAE6ye6hypmCYPRoNw disconnect!
3:30:16  52ecae74de76df040b09cccc join the game!
3:30:24  world time update--> 00年08日13时27分
3:30:39  world time update--> 00年08日13时30分
3:30:54  world time update--> 00年08日13时33分
3:31:9  world time update--> 00年08日13时36分
3:31:19  building produce time out
3:31:19  building produce time out
3:31:19  wsxxdwd生成了52f395588d619f88084491e4
3:31:24  world time update--> 00年08日13时39分
3:31:25  o4qx_Pg96MWdhLcURoNx disconnect!
3:31:25  52ecae74de76df040b09cccc join the game!
3:31:39  world time update--> 00年08日13时42分
3:31:54  world time update--> 00年08日13时45分
3:32:8  Qol_8RJMo-_SgiWORoNy disconnect!
3:32:9  52ecae74de76df040b09cccc join the game!
3:32:9  world time update--> 00年08日13时48分
3:32:24  world time update--> 00年08日13时51分
3:32:39  world time update--> 00年08日13时54分
3:32:54  world time update--> 00年08日13时57分
3:32:59  building produce time out
3:32:59  wsxxdwd生成了52f395588d619f88084491e4
3:33:9  world time update--> 00年08日14时00分
3:33:24  world time update--> 00年08日14时03分
3:33:39  world time update--> 00年08日14时06分
3:33:54  world time update--> 00年08日14时09分
3:34:9  world time update--> 00年08日14时12分
3:34:24  world time update--> 00年08日14时15分
3:34:40  building produce time out
3:34:40  wsxxdwd生成了52f395588d619f88084491e4
3:34:40  world time update--> 00年08日14时18分
3:34:55  world time update--> 00年08日14时21分
3:35:10  world time update--> 00年08日14时24分
3:35:23  sZhcYGf2xQmia_N8RoNz disconnect!
3:35:23  52ecae74de76df040b09cccc join the game!
3:35:25  world time update--> 00年08日14时27分
3:35:30  building produce time out
3:35:40  world time update--> 00年08日14时30分
3:35:55  world time update--> 00年08日14时33分
3:36:10  world time update--> 00年08日14时36分
3:36:20  building produce time out
3:36:20  wsxxdwd生成了52f395588d619f88084491e4
3:36:25  world time update--> 00年08日14时39分
3:36:40  world time update--> 00年08日14时42分
3:36:55  world time update--> 00年08日14时45分
3:37:10  world time update--> 00年08日14时48分
3:37:25  world time update--> 00年08日14时51分
3:37:32  3CNJXy1Qa4jS__RIRoN0 disconnect!
3:37:32  52ecae74de76df040b09cccc join the game!
3:37:40  world time update--> 00年08日14时54分
3:38:51  server on
3:38:53  Roe_apQ6COu7kPzRTyli disconnect!
3:38:59  52ecae74de76df040b09cccc join the game!
3:45:16  server on
3:45:21  building produce time out
3:45:25  52ecae74de76df040b09cccc join the game!
3:45:31  world time update--> 00年08日14时57分
3:45:46  world time update--> 00年08日15时00分
3:46:1  world time update--> 00年08日15时03分
3:46:16  world time update--> 00年08日15时06分
3:46:31  world time update--> 00年08日15时09分
3:46:46  world time update--> 00年08日15时12分
3:47:1  building produce time out
3:47:1  building produce time out
3:47:1  wsxxdwd生成了52f395588d619f88084491e4
3:47:1  world time update--> 00年08日15时15分
3:47:16  world time update--> 00年08日15时18分
3:47:31  world time update--> 00年08日15时21分
3:47:46  world time update--> 00年08日15时24分
3:48:2  world time update--> 00年08日15时27分
3:48:17  world time update--> 00年08日15时30分
3:48:32  world time update--> 00年08日15时33分
3:48:42  building produce time out
3:48:42  wsxxdwd生成了52f395588d619f88084491e4
3:48:47  world time update--> 00年08日15时36分
3:49:2  world time update--> 00年08日15时39分
3:49:17  world time update--> 00年08日15时42分
3:49:32  world time update--> 00年08日15时45分
3:49:47  world time update--> 00年08日15时48分
3:49:55  server on
3:50:1  g9Tu9vy4lcwhiM_eWU14 disconnect!
3:50:7  52ecae74de76df040b09cccc join the game!
3:50:10  world time update--> 00年08日15时51分
3:50:28  server on
3:50:30  eQuNDbUyh0AwvCJgWc3k disconnect!
3:50:36  52ecae74de76df040b09cccc join the game!
3:50:43  world time update--> 00年08日15时54分
3:50:43  building produce time out
3:50:43  wsxxdwd生成了52f395588d619f88084491e4
3:51:55  server on
3:51:57  lIPCFuG-HI_x8LtNWyEE disconnect!
3:52:3  52ecae74de76df040b09cccc join the game!
3:52:10  world time update--> 00年08日15时57分
3:52:25  world time update--> 00年08日16时00分
3:52:45  server on
3:52:49  nahBzYiqb-gkiBNwW-Wj disconnect!
3:52:50  building produce time out
3:52:54  52ecae74de76df040b09cccc join the game!
3:53:0  world time update--> 00年08日16时03分
3:53:15  world time update--> 00年08日16时06分
3:53:30  world time update--> 00年08日16时09分
3:53:40  building produce time out
3:53:40  wsxxdwd生成了52f395588d619f88084491e4
3:53:45  world time update--> 00年08日16时12分
3:54:0  world time update--> 00年08日16时15分
3:54:15  world time update--> 00年08日16时18分
3:54:30  world time update--> 00年08日16时21分
3:54:46  world time update--> 00年08日16时24分
3:55:1  world time update--> 00年08日16时27分
3:55:16  world time update--> 00年08日16时30分
3:55:21  building produce time out
3:55:21  wsxxdwd生成了52f395588d619f88084491e4
3:55:31  world time update--> 00年08日16时33分
3:55:46  world time update--> 00年08日16时36分
3:56:1  world time update--> 00年08日16时39分
3:56:16  world time update--> 00年08日16时42分
3:56:31  world time update--> 00年08日16时45分
3:56:46  world time update--> 00年08日16时48分
3:57:1  building produce time out
3:57:1  building produce time out
3:57:1  wsxxdwd生成了52f395588d619f88084491e4
3:57:1  world time update--> 00年08日16时51分
3:57:16  world time update--> 00年08日16时54分
3:57:31  world time update--> 00年08日16时57分
3:57:46  world time update--> 00年08日17时00分
3:58:1  world time update--> 00年08日17时03分
3:58:16  world time update--> 00年08日17时06分
3:58:31  world time update--> 00年08日17时09分
3:58:41  building produce time out
3:58:41  wsxxdwd生成了52f395588d619f88084491e4
3:58:46  world time update--> 00年08日17时12分
3:59:1  world time update--> 00年08日17时15分
3:59:16  world time update--> 00年08日17时18分
3:59:31  world time update--> 00年08日17时21分
3:59:46  world time update--> 00年08日17时24分
4:0:1  world time update--> 00年08日17时27分
4:0:16  world time update--> 00年08日17时30分
4:0:21  building produce time out
4:0:21  wsxxdwd生成了52f395588d619f88084491e4
4:0:31  world time update--> 00年08日17时33分
4:0:46  world time update--> 00年08日17时36分
4:0:51  VpB5IQx8hfe-irAvW-Wk disconnect!
4:0:51  52ecae74de76df040b09cccc join the game!
4:1:1  world time update--> 00年08日17时39分
4:1:11  building produce time out
4:1:16  world time update--> 00年08日17时42分
4:1:31  world time update--> 00年08日17时45分
4:1:46  world time update--> 00年08日17时48分
4:2:1  building produce time out
4:2:1  wsxxdwd生成了52f395588d619f88084491e4
4:2:1  world time update--> 00年08日17时51分
4:2:17  world time update--> 00年08日17时54分
4:2:32  world time update--> 00年08日17时57分
4:2:47  world time update--> 00年08日18时00分
4:3:2  world time update--> 00年08日18时03分
4:3:17  world time update--> 00年08日18时06分
4:3:32  world time update--> 00年08日18时09分
4:3:42  building produce time out
4:3:42  wsxxdwd生成了52f395588d619f88084491e4
4:3:47  world time update--> 00年08日18时12分
4:4:2  world time update--> 00年08日18时15分
4:4:17  world time update--> 00年08日18时18分
4:4:32  world time update--> 00年08日18时21分
4:4:34  MrSeA4IBjyGR9Z5IW-Wl disconnect!
4:4:34  52ecae74de76df040b09cccc join the game!
4:4:47  world time update--> 00年08日18时24分
4:5:2  world time update--> 00年08日18时27分
4:5:17  world time update--> 00年08日18时30分
4:5:22  building produce time out
4:5:22  building produce time out
4:5:22  wsxxdwd生成了52f395588d619f88084491e4
4:5:32  world time update--> 00年08日18时33分
4:5:47  world time update--> 00年08日18时36分
4:6:2  world time update--> 00年08日18时39分
4:6:17  world time update--> 00年08日18时42分
4:6:32  world time update--> 00年08日18时45分
4:6:47  world time update--> 00年08日18时48分
4:6:49  E_1Esf_qjE6I1DYdW-Wm disconnect!
4:6:50  52ecae74de76df040b09cccc join the game!
4:7:2  building produce time out
4:7:2  wsxxdwd生成了52f395588d619f88084491e4
4:7:2  world time update--> 00年08日18时51分
4:7:17  world time update--> 00年08日18时54分
4:7:32  world time update--> 00年08日18时57分
4:7:47  world time update--> 00年08日19时00分
4:8:2  world time update--> 00年08日19时03分
4:8:17  world time update--> 00年08日19时06分
4:8:32  world time update--> 00年08日19时09分
4:8:42  building produce time out
4:8:42  wsxxdwd生成了52f395588d619f88084491e4
4:8:47  world time update--> 00年08日19时12分
4:9:2  world time update--> 00年08日19时15分
4:9:17  world time update--> 00年08日19时18分
4:9:32  building produce time out
4:9:32  world time update--> 00年08日19时21分
4:9:47  world time update--> 00年08日19时24分
4:10:2  world time update--> 00年08日19时27分
4:10:17  world time update--> 00年08日19时30分
4:10:22  wsxxdwd生成了52f395588d619f88084491e4
4:10:22  building produce time out
4:10:32  world time update--> 00年08日19时33分
4:10:48  world time update--> 00年08日19时36分
4:11:3  world time update--> 00年08日19时39分
4:11:18  world time update--> 00年08日19时42分
4:11:33  world time update--> 00年08日19时45分
4:11:48  world time update--> 00年08日19时48分
4:12:3  building produce time out
4:12:3  wsxxdwd生成了52f395588d619f88084491e4
4:12:3  world time update--> 00年08日19时51分
4:12:18  world time update--> 00年08日19时54分
4:12:33  world time update--> 00年08日19时57分
4:12:48  world time update--> 00年08日20时00分
4:13:3  world time update--> 00年08日20时03分
4:13:18  world time update--> 00年08日20时06分
4:13:33  world time update--> 00年08日20时09分
4:13:43  building produce time out
4:13:43  building produce time out
4:13:43  wsxxdwd生成了52f395588d619f88084491e4
4:13:48  world time update--> 00年08日20时12分
4:14:3  world time update--> 00年08日20时15分
4:14:18  world time update--> 00年08日20时18分
4:14:33  world time update--> 00年08日20时21分
4:14:48  world time update--> 00年08日20时24分
4:15:3  world time update--> 00年08日20时27分
4:15:18  world time update--> 00年08日20时30分
4:15:23  building produce time out
4:15:23  wsxxdwd生成了52f395588d619f88084491e4
4:15:33  world time update--> 00年08日20时33分
4:15:48  world time update--> 00年08日20时36分
4:16:3  world time update--> 00年08日20时39分
4:16:18  world time update--> 00年08日20时42分
4:16:33  world time update--> 00年08日20时45分
4:16:48  world time update--> 00年08日20时48分
4:17:3  building produce time out
4:17:3  wsxxdwd生成了52f395588d619f88084491e4
4:17:3  world time update--> 00年08日20时51分
4:17:18  world time update--> 00年08日20时54分
4:17:33  world time update--> 00年08日20时57分
4:17:48  world time update--> 00年08日21时00分
4:17:53  building produce time out
4:18:3  world time update--> 00年08日21时03分
4:18:18  world time update--> 00年08日21时06分
4:18:33  world time update--> 00年08日21时09分
4:18:43  building produce time out
4:18:43  wsxxdwd生成了52f395588d619f88084491e4
4:18:48  world time update--> 00年08日21时12分
4:19:3  world time update--> 00年08日21时15分
4:19:19  world time update--> 00年08日21时18分
4:19:34  world time update--> 00年08日21时21分
4:19:49  world time update--> 00年08日21时24分
4:20:4  world time update--> 00年08日21时27分
4:20:19  world time update--> 00年08日21时30分
4:20:24  building produce time out
4:20:24  wsxxdwd生成了52f395588d619f88084491e4
4:20:34  world time update--> 00年08日21时33分
4:20:49  world time update--> 00年08日21时36分
4:21:4  world time update--> 00年08日21时39分
4:21:19  world time update--> 00年08日21时42分
4:21:34  world time update--> 00年08日21时45分
4:21:49  world time update--> 00年08日21时48分
4:22:4  building produce time out
4:22:4  building produce time out
4:22:4  wsxxdwd生成了52f395588d619f88084491e4
4:22:4  world time update--> 00年08日21时51分
4:22:19  world time update--> 00年08日21时54分
4:22:34  world time update--> 00年08日21时57分
4:22:49  world time update--> 00年08日22时00分
4:23:4  world time update--> 00年08日22时03分
4:23:19  world time update--> 00年08日22时06分
4:23:34  world time update--> 00年08日22时09分
4:23:44  building produce time out
4:23:44  wsxxdwd生成了52f395588d619f88084491e4
4:23:49  world time update--> 00年08日22时12分
4:24:4  world time update--> 00年08日22时15分
4:24:19  world time update--> 00年08日22时18分
4:24:34  world time update--> 00年08日22时21分
4:24:49  world time update--> 00年08日22时24分
4:25:4  world time update--> 00年08日22时27分
4:25:19  world time update--> 00年08日22时30分
4:25:24  building produce time out
4:25:24  wsxxdwd生成了52f395588d619f88084491e4
4:25:34  world time update--> 00年08日22时33分
4:25:49  world time update--> 00年08日22时36分
4:26:4  world time update--> 00年08日22时39分
4:26:14  building produce time out
4:26:19  world time update--> 00年08日22时42分
4:26:34  world time update--> 00年08日22时45分
4:26:49  world time update--> 00年08日22时48分
4:27:4  building produce time out
4:27:4  wsxxdwd生成了52f395588d619f88084491e4
4:27:4  world time update--> 00年08日22时51分
4:27:19  world time update--> 00年08日22时54分
4:27:34  world time update--> 00年08日22时57分
4:27:49  world time update--> 00年08日23时00分
4:28:5  world time update--> 00年08日23时03分
4:28:20  world time update--> 00年08日23时06分
4:28:35  world time update--> 00年08日23时09分
4:28:45  building produce time out
4:28:45  wsxxdwd生成了52f395588d619f88084491e4
4:28:50  world time update--> 00年08日23时12分
4:29:5  world time update--> 00年08日23时15分
4:29:20  world time update--> 00年08日23时18分
4:29:35  world time update--> 00年08日23时21分
4:29:50  world time update--> 00年08日23时24分
4:30:5  world time update--> 00年08日23时27分
4:30:20  world time update--> 00年08日23时30分
4:30:25  building produce time out
4:30:25  building produce time out
4:30:25  wsxxdwd生成了52f395588d619f88084491e4
4:30:35  world time update--> 00年08日23时33分
4:30:50  world time update--> 00年08日23时36分
4:31:5  world time update--> 00年08日23时39分
4:31:20  world time update--> 00年08日23时42分
4:31:35  world time update--> 00年08日23时45分
4:31:50  world time update--> 00年08日23时48分
4:32:5  building produce time out
4:32:5  wsxxdwd生成了52f395588d619f88084491e4
4:32:5  world time update--> 00年08日23时51分
4:32:20  world time update--> 00年08日23时54分
4:32:35  world time update--> 00年08日23时57分
4:32:50  world time update--> 00年09日00时00分
4:33:5  world time update--> 00年09日00时03分
4:33:20  world time update--> 00年09日00时06分
4:33:35  world time update--> 00年09日00时09分
4:33:45  building produce time out
4:33:45  wsxxdwd生成了52f395588d619f88084491e4
4:33:50  world time update--> 00年09日00时12分
4:34:5  world time update--> 00年09日00时15分
4:34:20  world time update--> 00年09日00时18分
4:34:35  building produce time out
4:34:35  world time update--> 00年09日00时21分
4:34:50  world time update--> 00年09日00时24分
4:35:5  world time update--> 00年09日00时27分
4:35:20  world time update--> 00年09日00时30分
4:35:25  building produce time out
4:35:25  wsxxdwd生成了52f395588d619f88084491e4
4:35:35  world time update--> 00年09日00时33分
4:35:50  world time update--> 00年09日00时36分
4:36:5  world time update--> 00年09日00时39分
4:36:21  world time update--> 00年09日00时42分
4:36:36  world time update--> 00年09日00时45分
4:36:51  world time update--> 00年09日00时48分
4:37:6  building produce time out
4:37:6  wsxxdwd生成了52f395588d619f88084491e4
4:37:6  world time update--> 00年09日00时51分
4:37:21  world time update--> 00年09日00时54分
4:37:36  world time update--> 00年09日00时57分
4:37:51  world time update--> 00年09日01时00分
4:38:6  world time update--> 00年09日01时03分
4:38:21  world time update--> 00年09日01时06分
4:38:36  world time update--> 00年09日01时09分
4:38:46  building produce time out
4:38:46  building produce time out
4:38:46  wsxxdwd生成了52f395588d619f88084491e4
4:38:51  world time update--> 00年09日01时12分
4:39:6  world time update--> 00年09日01时15分
4:39:21  world time update--> 00年09日01时18分
4:39:36  world time update--> 00年09日01时21分
4:39:51  world time update--> 00年09日01时24分
4:40:6  world time update--> 00年09日01时27分
4:40:21  world time update--> 00年09日01时30分
4:40:26  building produce time out
4:40:26  wsxxdwd生成了52f395588d619f88084491e4
4:40:36  world time update--> 00年09日01时33分
4:40:51  world time update--> 00年09日01时36分
4:41:6  world time update--> 00年09日01时39分
4:41:21  world time update--> 00年09日01时42分
4:41:36  world time update--> 00年09日01时45分
4:41:51  world time update--> 00年09日01时48分
4:42:6  building produce time out
4:42:6  wsxxdwd生成了52f395588d619f88084491e4
4:42:6  world time update--> 00年09日01时51分
4:42:21  world time update--> 00年09日01时54分
4:42:36  world time update--> 00年09日01时57分
4:42:51  world time update--> 00年09日02时00分
4:42:56  building produce time out
4:43:6  world time update--> 00年09日02时03分
4:43:21  world time update--> 00年09日02时06分
4:43:36  world time update--> 00年09日02时09分
4:43:46  building produce time out
4:43:46  wsxxdwd生成了52f395588d619f88084491e4
4:43:51  world time update--> 00年09日02时12分
4:44:6  world time update--> 00年09日02时15分
4:44:21  world time update--> 00年09日02时18分
4:44:36  world time update--> 00年09日02时21分
4:44:52  world time update--> 00年09日02时24分
4:45:7  world time update--> 00年09日02时27分
4:45:22  world time update--> 00年09日02时30分
4:45:27  building produce time out
4:45:27  wsxxdwd生成了52f395588d619f88084491e4
4:45:37  world time update--> 00年09日02时33分
4:45:52  world time update--> 00年09日02时36分
4:46:7  world time update--> 00年09日02时39分
4:46:22  world time update--> 00年09日02时42分
4:46:37  world time update--> 00年09日02时45分
4:46:52  world time update--> 00年09日02时48分
4:47:7  building produce time out
4:47:7  building produce time out
4:47:7  wsxxdwd生成了52f395588d619f88084491e4
4:47:7  world time update--> 00年09日02时51分
4:47:22  world time update--> 00年09日02时54分
4:47:37  world time update--> 00年09日02时57分
4:47:52  world time update--> 00年09日03时00分
4:48:7  world time update--> 00年09日03时03分
4:48:22  world time update--> 00年09日03时06分
4:48:37  world time update--> 00年09日03时09分
4:48:47  building produce time out
4:48:47  wsxxdwd生成了52f395588d619f88084491e4
4:48:52  world time update--> 00年09日03时12分
4:49:7  world time update--> 00年09日03时15分
4:49:22  world time update--> 00年09日03时18分
4:49:37  world time update--> 00年09日03时21分
4:49:52  world time update--> 00年09日03时24分
4:50:7  world time update--> 00年09日03时27分
4:50:22  world time update--> 00年09日03时30分
4:50:27  building produce time out
4:50:27  wsxxdwd生成了52f395588d619f88084491e4
4:50:34  AvF7JV0dE9RkJRM4W-Wn disconnect!
4:50:35  52ecae74de76df040b09cccc join the game!
4:50:37  world time update--> 00年09日03时33分
4:52:34  server on
4:52:47  52ecae74de76df040b09cccc join the game!
4:52:49  world time update--> 00年09日03时36分
4:53:5  world time update--> 00年09日03时39分
4:53:10  building produce time out
4:53:20  world time update--> 00年09日03时42分
4:53:35  world time update--> 00年09日03时45分
4:53:50  world time update--> 00年09日03时48分
4:54:0  building produce time out
4:54:0  wsxxdwd生成了52f395588d619f88084491e4
4:54:5  world time update--> 00年09日03时51分
4:54:20  world time update--> 00年09日03时54分
4:54:35  world time update--> 00年09日03时57分
4:54:50  world time update--> 00年09日04时00分
4:54:52  NSfm4ChFi8Wby1dekqnp disconnect!
4:54:53  52ecae74de76df040b09cccc join the game!
4:55:5  world time update--> 00年09日04时03分
4:55:20  world time update--> 00年09日04时06分
4:55:35  world time update--> 00年09日04时09分
4:55:40  building produce time out
4:55:40  wsxxdwd生成了52f395588d619f88084491e4
4:55:50  world time update--> 00年09日04时12分
4:56:5  world time update--> 00年09日04时15分
4:56:20  world time update--> 00年09日04时18分
4:56:35  world time update--> 00年09日04时21分
4:56:50  world time update--> 00年09日04时24分
4:57:5  world time update--> 00年09日04时27分
4:57:20  building produce time out
4:57:20  building produce time out
4:57:20  wsxxdwd生成了52f395588d619f88084491e4
4:57:20  world time update--> 00年09日04时30分
4:57:35  world time update--> 00年09日04时33分
4:57:41  ahM1THBrraRsDPC-kqnq disconnect!
4:57:41  52ecae74de76df040b09cccc join the game!
4:57:50  world time update--> 00年09日04时36分
4:58:5  tHtei_w7svft2iedkqnr disconnect!
4:58:5  world time update--> 00年09日04时39分
4:58:5  52ecae74de76df040b09cccc join the game!
4:58:20  world time update--> 00年09日04时42分
4:58:35  world time update--> 00年09日04时45分
4:58:50  world time update--> 00年09日04时48分
4:59:0  building produce time out
4:59:0  wsxxdwd生成了52f395588d619f88084491e4
4:59:5  world time update--> 00年09日04时51分
4:59:20  world time update--> 00年09日04时54分
4:59:35  world time update--> 00年09日04时57分
4:59:39  2PldWDXZp9Nh_Lmykqns disconnect!
4:59:39  52ecae74de76df040b09cccc join the game!
4:59:50  world time update--> 00年09日05时00分
5:0:5  world time update--> 00年09日05时03分
5:0:20  world time update--> 00年09日05时06分
5:0:35  world time update--> 00年09日05时09分
5:0:40  building produce time out
5:0:41  wsxxdwd生成了52f395588d619f88084491e4
5:0:51  world time update--> 00年09日05时12分
5:1:6  world time update--> 00年09日05时15分
5:1:21  world time update--> 00年09日05时18分
5:1:31  building produce time out
5:1:36  world time update--> 00年09日05时21分
5:1:51  world time update--> 00年09日05时24分
5:2:6  world time update--> 00年09日05时27分
5:2:21  building produce time out
5:2:21  wsxxdwd生成了52f395588d619f88084491e4
5:2:21  world time update--> 00年09日05时30分
5:2:25  gRMY4wYtyR2Nbh2Vkqnt disconnect!
5:2:25  52ecae74de76df040b09cccc join the game!
5:2:36  world time update--> 00年09日05时33分
5:2:51  world time update--> 00年09日05时36分
5:3:6  world time update--> 00年09日05时39分
5:3:21  world time update--> 00年09日05时42分
5:3:36  world time update--> 00年09日05时45分
5:3:51  world time update--> 00年09日05时48分
5:4:1  building produce time out
5:4:1  wsxxdwd生成了52f395588d619f88084491e4
5:4:6  world time update--> 00年09日05时51分
5:4:21  world time update--> 00年09日05时54分
5:4:25  TKybQ4OEjreo6SI6kqnu disconnect!
5:4:25  52ecae74de76df040b09cccc join the game!
5:4:36  world time update--> 00年09日05时57分
5:4:51  world time update--> 00年09日06时00分
5:5:6  world time update--> 00年09日06时03分
5:5:17  2ZDXWgl4bIO8x7MHkqnv disconnect!
5:5:18  52ecae74de76df040b09cccc join the game!
5:5:21  world time update--> 00年09日06时06分
5:5:36  world time update--> 00年09日06时09分
5:5:41  building produce time out
5:5:41  building produce time out
5:5:41  wsxxdwd生成了52f395588d619f88084491e4
5:5:51  world time update--> 00年09日06时12分
5:6:6  world time update--> 00年09日06时15分
5:6:21  world time update--> 00年09日06时18分
5:6:36  world time update--> 00年09日06时21分
5:6:51  world time update--> 00年09日06时24分
5:7:6  world time update--> 00年09日06时27分
5:7:21  building produce time out
5:7:21  wsxxdwd生成了52f395588d619f88084491e4
5:7:21  world time update--> 00年09日06时30分
5:7:36  world time update--> 00年09日06时33分
5:7:51  world time update--> 00年09日06时36分
5:8:6  world time update--> 00年09日06时39分
5:8:21  world time update--> 00年09日06时42分
5:8:37  world time update--> 00年09日06时45分
5:8:52  world time update--> 00年09日06时48分
5:9:2  building produce time out
5:9:2  wsxxdwd生成了52f395588d619f88084491e4
5:9:7  world time update--> 00年09日06时51分
5:9:22  world time update--> 00年09日06时54分
5:9:37  world time update--> 00年09日06时57分
5:9:52  building produce time out
5:9:52  world time update--> 00年09日07时00分
5:10:7  world time update--> 00年09日07时03分
5:10:22  world time update--> 00年09日07时06分
5:10:25  J8T5rBJ1Mye9Puqwkqnw disconnect!
5:10:25  52ecae74de76df040b09cccc join the game!
5:10:29  server on
5:10:32  nuV1tRL-4g-CGXG5oxFY disconnect!
5:10:39  52ecae74de76df040b09cccc join the game!
5:10:45  building produce time out
5:10:45  wsxxdwd生成了52f395588d619f88084491e4
5:10:45  world time update--> 00年09日07时09分
5:10:58  52e3e7e621cd27b412872063 join the game!
5:11:0  world time update--> 00年09日07时12分
5:11:15  world time update--> 00年09日07时15分
5:11:30  world time update--> 00年09日07时18分
5:11:45  world time update--> 00年09日07时21分
5:12:0  world time update--> 00年09日07时24分
5:12:15  world time update--> 00年09日07时27分
5:12:25  building produce time out
5:12:25  wsxxdwd生成了52f395588d619f88084491e4
5:12:30  world time update--> 00年09日07时30分
5:12:33  sco1RdpfE2Hpef33oxFZ disconnect!
5:12:33  52ecae74de76df040b09cccc join the game!
5:13:24  server on
5:13:33  52ecae74de76df040b09cccc join the game!
5:13:39  world time update--> 00年09日07时33分
5:13:41  52ecae74de76df040b09cccc reconnect!
5:13:54  duiUBM7kyVffI3Efpbyh disconnect!
5:13:54  world time update--> 00年09日07时36分
5:13:57  jze0ktZn8OpgrxrLpbyg disconnect!
5:13:57  52ecae74de76df040b09cccc join the game!
5:14:7  52e3e7e621cd27b412872063 join the game!
5:14:10  world time update--> 00年09日07时39分
5:14:35  server on
5:14:45  52ecae74de76df040b09cccc join the game!
5:14:47  2mlFHwD1ad7BUQUkptFT disconnect!
5:14:50  world time update--> 00年09日07时42分
5:14:56  52e3e7e621cd27b412872063 join the game!
5:15:1  rK3gY2jmZQ0i2UqHptFV say to world : a
5:15:5  world time update--> 00年09日07时45分
5:15:10  building produce time out
5:15:10  building produce time out
5:15:10  wsxxdwd生成了52f395588d619f88084491e4
5:15:20  world time update--> 00年09日07时48分
5:15:35  world time update--> 00年09日07时51分
5:15:50  world time update--> 00年09日07时54分
5:16:6  world time update--> 00年09日07时57分
5:16:21  world time update--> 00年09日08时00分
5:16:36  world time update--> 00年09日08时03分
5:16:51  building produce time out
5:16:51  wsxxdwd生成了52f395588d619f88084491e4
5:16:51  world time update--> 00年09日08时06分
5:17:6  world time update--> 00年09日08时09分
5:17:21  world time update--> 00年09日08时12分
5:17:33  QSdyiZz-BDvmCU-HptFU disconnect!
5:17:33  52ecae74de76df040b09cccc join the game!
5:17:36  world time update--> 00年09日08时15分
5:17:43  rK3gY2jmZQ0i2UqHptFV say to world : ij
5:17:51  world time update--> 00年09日08时18分
5:18:6  world time update--> 00年09日08时21分
5:18:21  world time update--> 00年09日08时24分
5:18:31  building produce time out
5:18:31  wsxxdwd生成了52f395588d619f88084491e4
5:18:31  -xjONp86mxHMGoo2ptFW disconnect!
5:18:32  52ecae74de76df040b09cccc join the game!
5:18:35  rK3gY2jmZQ0i2UqHptFV say to world : a
5:18:36  world time update--> 00年09日08时27分
5:18:51  world time update--> 00年09日08时30分
5:19:6  world time update--> 00年09日08时33分
5:19:7  CrLZqUHTQrec0iYhptFX disconnect!
5:19:8  52ecae74de76df040b09cccc join the game!
5:19:10  rK3gY2jmZQ0i2UqHptFV say to world : a
5:19:14  KR096kPHFbuPoKxsptFY disconnect!
5:19:15  52ecae74de76df040b09cccc join the game!
5:19:19  rK3gY2jmZQ0i2UqHptFV say to world : a
5:19:21  building produce time out
5:19:21  world time update--> 00年09日08时36分
5:19:36  world time update--> 00年09日08时39分
5:19:51  world time update--> 00年09日08时42分
5:20:6  world time update--> 00年09日08时45分
5:20:11  building produce time out
5:20:11  wsxxdwd生成了52f395588d619f88084491e4
5:20:21  world time update--> 00年09日08时48分
5:20:36  world time update--> 00年09日08时51分
5:20:51  world time update--> 00年09日08时54分
5:21:7  world time update--> 00年09日08时57分
5:21:22  world time update--> 00年09日09时00分
5:21:37  world time update--> 00年09日09时03分
5:21:45  5hTkw9EeRyINPfNRptFZ disconnect!
5:21:45  52ecae74de76df040b09cccc join the game!
5:21:51  rK3gY2jmZQ0i2UqHptFV say to world : a
5:21:52  building produce time out
5:21:52  wsxxdwd生成了52f395588d619f88084491e4
5:21:52  world time update--> 00年09日09时06分
5:22:7  world time update--> 00年09日09时09分
5:22:22  world time update--> 00年09日09时12分
5:22:36  5PL4pDAxMoL2uxMlptFa disconnect!
5:22:36  52ecae74de76df040b09cccc join the game!
5:22:37  world time update--> 00年09日09时15分
5:22:52  world time update--> 00年09日09时18分
5:23:7  world time update--> 00年09日09时21分
5:23:14  SiYZ-a_Hmu3fhMZMptFb disconnect!
5:23:15  52ecae74de76df040b09cccc join the game!
5:23:18  rK3gY2jmZQ0i2UqHptFV say to world : a
5:23:22  world time update--> 00年09日09时24分
5:23:29  Ob0p8PPUldUQA0KxptFc disconnect!
5:23:29  52ecae74de76df040b09cccc join the game!
5:23:32  building produce time out
5:23:32  building produce time out
5:23:32  wsxxdwd生成了52f395588d619f88084491e4
5:23:35  rK3gY2jmZQ0i2UqHptFV say to world : a
5:23:37  world time update--> 00年09日09时27分
5:23:52  world time update--> 00年09日09时30分
5:24:7  world time update--> 00年09日09时33分
5:24:22  world time update--> 00年09日09时36分
5:24:37  world time update--> 00年09日09时39分
5:24:50  server on
5:24:53  eVN63LnRu3RYI25lsDN_ disconnect!
5:24:59  52ecae74de76df040b09cccc join the game!
5:25:1  UrI53P6Hn1_WsS_LsDOA disconnect!
5:25:5  world time update--> 00年09日09时42分
5:25:8  52e3e7e621cd27b412872063 join the game!
5:25:14  H4l4rHfiOaVA15_KsDOC say to world : a
5:25:15  building produce time out
5:25:15  wsxxdwd生成了52f395588d619f88084491e4
5:25:20  world time update--> 00年09日09时45分
5:25:35  world time update--> 00年09日09时48分
5:25:50  world time update--> 00年09日09时51分
5:26:5  world time update--> 00年09日09时54分
5:26:12  xqllqWxK_Btjfi7zsDOB disconnect!
5:26:13  52ecae74de76df040b09cccc join the game!
5:26:16  H4l4rHfiOaVA15_KsDOC say to world : a
5:26:20  world time update--> 00年09日09时57分
5:26:35  world time update--> 00年09日10时00分
5:26:51  world time update--> 00年09日10时03分
5:26:56  building produce time out
5:26:56  wsxxdwd生成了52f395588d619f88084491e4
5:27:6  world time update--> 00年09日10时06分
5:27:21  world time update--> 00年09日10时09分
5:27:36  world time update--> 00年09日10时12分
5:27:46  building produce time out
5:27:51  world time update--> 00年09日10时15分
5:28:6  world time update--> 00年09日10时18分
5:28:21  world time update--> 00年09日10时21分
5:28:36  building produce time out
5:28:36  wsxxdwd生成了52f395588d619f88084491e4
5:28:36  world time update--> 00年09日10时24分
5:28:51  world time update--> 00年09日10时27分
5:29:6  world time update--> 00年09日10时30分
5:29:21  world time update--> 00年09日10时33分
5:29:36  world time update--> 00年09日10时36分
5:29:41  IT5RuvMiiTDqYiJwsDOD disconnect!
5:29:51  world time update--> 00年09日10时39分
5:29:57  52ecae74de76df040b09cccc join the game!
5:30:0  H4l4rHfiOaVA15_KsDOC say to world : a
5:30:3  3AaRk-ZrE-Vqu9clsDOE disconnect!
5:30:3  52ecae74de76df040b09cccc join the game!
5:30:6  world time update--> 00年09日10时42分
5:30:16  building produce time out
5:30:16  wsxxdwd生成了52f395588d619f88084491e4
5:30:21  world time update--> 00年09日10时45分
5:30:36  world time update--> 00年09日10时48分
5:30:51  world time update--> 00年09日10时51分
5:31:6  world time update--> 00年09日10时54分
5:31:21  world time update--> 00年09日10时57分
5:31:36  world time update--> 00年09日11时00分
5:31:44  H4l4rHfiOaVA15_KsDOC disconnect!
5:31:44  52e3e7e621cd27b412872063 join the game!
5:31:47  KQdLRE-g6Enz8D6qsDOF disconnect!
5:31:47  52ecae74de76df040b09cccc join the game!
5:31:51  world time update--> 00年09日11时03分
5:31:53  R2N8ac2bCVEL1mDZsDOG say to world : a
5:31:56  building produce time out
5:31:56  building produce time out
5:31:56  wsxxdwd生成了52f395588d619f88084491e4
5:32:6  world time update--> 00年09日11时06分
5:32:22  world time update--> 00年09日11时09分
5:32:37  world time update--> 00年09日11时12分
5:32:39  synqsnL1NmJS_4kQsDOH disconnect!
5:32:39  52ecae74de76df040b09cccc join the game!
5:32:44  R2N8ac2bCVEL1mDZsDOG say to world : a
5:32:52  world time update--> 00年09日11时15分
5:33:7  world time update--> 00年09日11时18分
5:33:11  E-ZTbklEtnlWXI9PsDOI disconnect!
5:33:12  52ecae74de76df040b09cccc join the game!
5:33:15  R2N8ac2bCVEL1mDZsDOG disconnect!
5:33:15  52e3e7e621cd27b412872063 join the game!
5:33:18  l9lHj1iBfyxyJIZisDOK say to world : a
5:33:22  world time update--> 00年09日11时21分
5:33:37  building produce time out
5:33:37  wsxxdwd生成了52f395588d619f88084491e4
5:33:37  world time update--> 00年09日11时24分
5:33:47  server on
5:33:49  fO85KdpFEGr5xUuduGRY disconnect!
5:33:51  yuJ9m9AK3Q9ekidruGRX disconnect!
5:33:57  52ecae74de76df040b09cccc join the game!
5:34:2  world time update--> 00年09日11时27分
5:34:6  52e3e7e621cd27b412872063 join the game!
5:34:10  _sZNsXUTLLFvQsrfuGRa say to world : haha
5:34:17  world time update--> 00年09日11时30分
5:34:33  world time update--> 00年09日11时33分
5:34:48  world time update--> 00年09日11时36分
5:35:3  world time update--> 00年09日11时39分
5:35:14  _sZNsXUTLLFvQsrfuGRa disconnect!
5:35:14  52e3e7e621cd27b412872063 join the game!
5:35:18  world time update--> 00年09日11时42分
5:35:19  4cOHrzgqie-dkw_RuGRZ disconnect!
5:35:20  52ecae74de76df040b09cccc join the game!
5:35:23  building produce time out
5:35:23  wsxxdwd生成了52f395588d619f88084491e4
5:35:33  world time update--> 00年09日11时45分
5:35:38  IvkusRDs-lzMGF1CuGRb say to world : a
5:35:48  world time update--> 00年09日11时48分
5:36:3  world time update--> 00年09日11时51分
5:36:13  building produce time out
5:36:18  world time update--> 00年09日11时54分
5:36:33  world time update--> 00年09日11时57分
5:36:48  world time update--> 00年09日12时00分
5:37:3  building produce time out
5:37:3  wsxxdwd生成了52f395588d619f88084491e4
5:37:3  world time update--> 00年09日12时03分
5:37:18  world time update--> 00年09日12时06分
5:37:33  world time update--> 00年09日12时09分
5:37:48  world time update--> 00年09日12时12分
5:38:3  world time update--> 00年09日12时15分
5:38:18  world time update--> 00年09日12时18分
5:38:33  world time update--> 00年09日12时21分
5:38:43  building produce time out
5:38:43  wsxxdwd生成了52f395588d619f88084491e4
5:38:48  world time update--> 00年09日12时24分
5:39:3  world time update--> 00年09日12时27分
5:39:18  world time update--> 00年09日12时30分
5:39:33  world time update--> 00年09日12时33分
5:39:48  world time update--> 00年09日12时36分
5:40:4  world time update--> 00年09日12时39分
5:40:19  world time update--> 00年09日12时42分
5:40:24  building produce time out
5:40:24  building produce time out
5:40:24  wsxxdwd生成了52f395588d619f88084491e4
5:40:34  world time update--> 00年09日12时45分
5:40:49  world time update--> 00年09日12时48分
5:41:4  world time update--> 00年09日12时51分
5:41:19  world time update--> 00年09日12时54分
5:41:34  world time update--> 00年09日12时57分
5:41:34  YwHH4cXJj-BD6p1vuGRc disconnect!
5:41:34  52ecae74de76df040b09cccc join the game!
5:41:49  world time update--> 00年09日13时00分
5:42:4  building produce time out
5:42:4  wsxxdwd生成了52f395588d619f88084491e4
5:42:4  world time update--> 00年09日13时03分
5:42:19  world time update--> 00年09日13时06分
5:42:34  world time update--> 00年09日13时09分
5:42:49  world time update--> 00年09日13时12分
5:43:4  world time update--> 00年09日13时15分
5:43:19  world time update--> 00年09日13时18分
5:43:34  world time update--> 00年09日13时21分
5:43:44  building produce time out
5:43:44  wsxxdwd生成了52f395588d619f88084491e4
5:43:49  world time update--> 00年09日13时24分
5:44:4  world time update--> 00年09日13时27分
5:44:19  world time update--> 00年09日13时30分
5:44:34  building produce time out
5:44:34  world time update--> 00年09日13时33分
5:44:49  world time update--> 00年09日13时36分
5:45:4  world time update--> 00年09日13时39分
5:45:19  world time update--> 00年09日13时42分
5:45:24  building produce time out
5:45:24  wsxxdwd生成了52f395588d619f88084491e4
5:45:34  world time update--> 00年09日13时45分
5:45:50  world time update--> 00年09日13时48分
5:46:5  world time update--> 00年09日13时51分
5:46:20  world time update--> 00年09日13时54分
5:46:35  world time update--> 00年09日13时57分
5:46:50  world time update--> 00年09日14时00分
5:47:5  building produce time out
5:47:5  wsxxdwd生成了52f395588d619f88084491e4
5:47:5  world time update--> 00年09日14时03分
5:47:20  world time update--> 00年09日14时06分
5:47:35  world time update--> 00年09日14时09分
5:47:50  world time update--> 00年09日14时12分
5:48:5  world time update--> 00年09日14时15分
5:48:20  world time update--> 00年09日14时18分
5:48:35  world time update--> 00年09日14时21分
5:48:45  building produce time out
5:48:45  building produce time out
5:48:45  wsxxdwd生成了52f395588d619f88084491e4
5:48:50  world time update--> 00年09日14时24分
5:49:5  world time update--> 00年09日14时27分
5:49:20  world time update--> 00年09日14时30分
5:49:35  world time update--> 00年09日14时33分
5:49:50  world time update--> 00年09日14时36分
5:50:5  world time update--> 00年09日14时39分
5:50:20  world time update--> 00年09日14时42分
5:50:25  building produce time out
5:50:25  wsxxdwd生成了52f395588d619f88084491e4
5:50:35  world time update--> 00年09日14时45分
5:50:50  world time update--> 00年09日14时48分
5:51:5  world time update--> 00年09日14时51分
5:51:20  world time update--> 00年09日14时54分
5:51:36  world time update--> 00年09日14时57分
5:51:51  world time update--> 00年09日15时00分
5:52:6  building produce time out
5:52:6  wsxxdwd生成了52f395588d619f88084491e4
5:52:6  world time update--> 00年09日15时03分
5:52:21  world time update--> 00年09日15时06分
5:52:36  world time update--> 00年09日15时09分
5:52:51  world time update--> 00年09日15时12分
5:52:56  building produce time out
5:53:6  world time update--> 00年09日15时15分
5:53:21  world time update--> 00年09日15时18分
5:53:36  world time update--> 00年09日15时21分
5:53:46  building produce time out
5:53:46  wsxxdwd生成了52f395588d619f88084491e4
5:53:51  world time update--> 00年09日15时24分
5:54:6  world time update--> 00年09日15时27分
5:54:21  world time update--> 00年09日15时30分
5:54:36  world time update--> 00年09日15时33分
5:54:51  world time update--> 00年09日15时36分
5:55:6  world time update--> 00年09日15时39分
5:55:21  world time update--> 00年09日15时42分
5:55:26  building produce time out
5:55:26  wsxxdwd生成了52f395588d619f88084491e4
5:55:36  world time update--> 00年09日15时45分
5:55:51  world time update--> 00年09日15时48分
5:56:6  world time update--> 00年09日15时51分
5:56:21  world time update--> 00年09日15时54分
5:56:36  world time update--> 00年09日15时57分
5:56:51  world time update--> 00年09日16时00分
5:57:6  building produce time out
5:57:6  building produce time out
5:57:6  wsxxdwd生成了52f395588d619f88084491e4
5:57:6  world time update--> 00年09日16时03分
5:57:21  world time update--> 00年09日16时06分
5:57:37  world time update--> 00年09日16时09分
5:57:52  world time update--> 00年09日16时12分
5:58:7  world time update--> 00年09日16时15分
5:58:22  world time update--> 00年09日16时18分
5:58:37  world time update--> 00年09日16时21分
5:58:47  building produce time out
5:58:47  wsxxdwd生成了52f395588d619f88084491e4
5:58:52  world time update--> 00年09日16时24分
5:59:7  world time update--> 00年09日16时27分
5:59:22  server on
5:59:27  CyXy9bmN71UyB2Gfz9H5 disconnect!
5:59:37  world time update--> 00年09日16时30分
5:59:53  world time update--> 00年09日16时33分
5:59:59  52ecae74de76df040b09cccc join the game!
6:0:3  JjYfybVvyj8DQa-Ez9H6 disconnect!
6:0:8  world time update--> 00年09日16时36分
6:0:8  52e3e7e621cd27b412872063 join the game!
6:0:11  GSuB4CUzc4mMaCFez9H8 say to world : a
6:0:23  world time update--> 00年09日16时39分
6:0:33  building produce time out
6:0:33  wsxxdwd生成了52f395588d619f88084491e4
6:0:38  world time update--> 00年09日16时42分
6:0:53  world time update--> 00年09日16时45分
6:1:8  world time update--> 00年09日16时48分
6:1:11  GSuB4CUzc4mMaCFez9H8 disconnect!
6:1:17  52e3ed5308a726c41479a060 join the game!
6:1:18  DbFb46Z0vQ2O-gkKz9H7 disconnect!
6:1:19  52ecae74de76df040b09cccc join the game!
6:1:23  building produce time out
6:1:23  world time update--> 00年09日16时51分
6:1:38  world time update--> 00年09日16时54分
6:1:53  world time update--> 00年09日16时57分
6:2:8  world time update--> 00年09日17时00分
6:2:13  building produce time out
6:2:13  wsxxdwd生成了52f395588d619f88084491e4
6:2:23  world time update--> 00年09日17时03分
6:2:38  world time update--> 00年09日17时06分
6:2:53  world time update--> 00年09日17时09分
6:3:8  world time update--> 00年09日17时12分
6:3:23  world time update--> 00年09日17时15分
6:3:38  world time update--> 00年09日17时18分
6:3:53  building produce time out
6:3:53  wsxxdwd生成了52f395588d619f88084491e4
6:3:53  world time update--> 00年09日17时21分
6:4:8  world time update--> 00年09日17时24分
6:4:23  world time update--> 00年09日17时27分
6:4:38  world time update--> 00年09日17时30分
6:4:42  j5FFpoEzho4KDi2fz9H- disconnect!
6:4:42  52ecae74de76df040b09cccc join the game!
6:4:53  world time update--> 00年09日17时33分
6:5:9  world time update--> 00年09日17时36分
6:5:24  world time update--> 00年09日17时39分
6:5:34  building produce time out
6:5:34  building produce time out
6:5:34  wsxxdwd生成了52f395588d619f88084491e4
6:5:37  jjVBYOEFWY4YmAx0z9H_ disconnect!
6:5:37  52ecae74de76df040b09cccc join the game!
6:5:39  world time update--> 00年09日17时42分
6:5:54  world time update--> 00年09日17时45分
6:6:9  world time update--> 00年09日17时48分
6:6:17  gWckroNYWACYcc7Nz9IA disconnect!
6:6:17  52ecae74de76df040b09cccc join the game!
6:6:24  world time update--> 00年09日17时51分
6:6:39  world time update--> 00年09日17时54分
6:6:49  FiXfQdQMfbvW91x3z9IB disconnect!
6:6:49  52ecae74de76df040b09cccc join the game!
6:6:54  world time update--> 00年09日17时57分
6:7:0  UP8CS6eoOwnbo1Mfz9H9 say to world : a
6:7:9  world time update--> 00年09日18时00分
6:7:14  building produce time out
6:7:14  wsxxdwd生成了52f395588d619f88084491e4
6:7:24  world time update--> 00年09日18时03分
6:7:39  world time update--> 00年09日18时06分
6:7:54  world time update--> 00年09日18时09分
6:8:9  world time update--> 00年09日18时12分
6:8:24  world time update--> 00年09日18时15分
6:8:39  world time update--> 00年09日18时18分
6:8:48  iX1IseaQn2gKDhQtz9IC disconnect!
6:8:49  52ecae74de76df040b09cccc join the game!
6:8:54  building produce time out
6:8:54  wsxxdwd生成了52f395588d619f88084491e4
6:8:54  world time update--> 00年09日18时21分
6:9:0  286XJ0QXWrrnB2nIz9ID disconnect!
6:9:0  52ecae74de76df040b09cccc join the game!
6:9:4  ozxgm4DWwolvW78Yz9IE say to world : a
6:9:9  world time update--> 00年09日18时24分
6:9:19  ozxgm4DWwolvW78Yz9IE say to world : a
6:9:24  world time update--> 00年09日18时27分
6:9:34  UP8CS6eoOwnbo1Mfz9H9 disconnect!
6:9:34  52e3ed5308a726c41479a060 join the game!
6:9:38  35FuB5WsK3kGxwA1z9IF say to world : a
6:9:39  world time update--> 00年09日18时30分
6:9:44  building produce time out
6:9:45  ozxgm4DWwolvW78Yz9IE disconnect!
6:9:45  52ecae74de76df040b09cccc join the game!
6:9:47  vnkIkYm7kmEWaRrPz9IG say to world : 
6:9:54  world time update--> 00年09日18时33分
6:9:55  vnkIkYm7kmEWaRrPz9IG say to world : a
6:10:9  world time update--> 00年09日18时36分
6:10:24  world time update--> 00年09日18时39分
6:10:34  building produce time out
6:10:34  wsxxdwd生成了52f395588d619f88084491e4
6:10:39  world time update--> 00年09日18时42分
6:10:55  world time update--> 00年09日18时45分
6:11:10  world time update--> 00年09日18时48分
6:11:25  world time update--> 00年09日18时51分
6:11:40  world time update--> 00年09日18时54分
6:11:55  world time update--> 00年09日18时57分
6:12:10  world time update--> 00年09日19时00分
6:12:15  building produce time out
6:12:15  wsxxdwd生成了52f395588d619f88084491e4
6:12:25  world time update--> 00年09日19时03分
6:12:40  world time update--> 00年09日19时06分
6:12:55  world time update--> 00年09日19时09分
6:13:3  server on
6:13:6  aqMUH5dZx6MpeQ5h3FlL disconnect!
6:13:16  52ecae74de76df040b09cccc join the game!
6:13:18  yIWM5u6Hgz-RG7v83FlK disconnect!
6:13:18  world time update--> 00年09日19时12分
6:13:24  52e3ed5308a726c41479a060 join the game!
6:13:32  52e3ed5308a726c41479a060
6:13:34  world time update--> 00年09日19时15分
6:13:49  world time update--> 00年09日19时18分
6:13:53  LJrLzc2wmMN97j1w3FlN disconnect!
6:13:58  52e3e7e621cd27b412872063 join the game!
6:13:59  building produce time out
6:13:59  building produce time out
6:13:59  wsxxdwd生成了52f395588d619f88084491e4
6:14:4  world time update--> 00年09日19时21分
6:14:34  server on
6:14:43  52ecae74de76df040b09cccc join the game!
6:14:44  -jQQi8pGX00qlAb53bxi disconnect!
6:14:50  world time update--> 00年09日19时24分
6:14:50  52e3e7e621cd27b412872063 join the game!
6:15:5  world time update--> 00年09日19时27分
6:15:20  world time update--> 00年09日19时30分
6:15:24  b64u_X_b5Rej-m0d3bxk disconnect!
6:15:24  52e3e7e621cd27b412872063 join the game!
6:15:31  yzgAWk3SdVtQs0El3bxj disconnect!
6:15:32  52ecae74de76df040b09cccc join the game!
6:15:35  world time update--> 00年09日19时33分
6:15:37  NXVA7QVuC_I96rdl3bxm say to world : dsadas
6:15:50  world time update--> 00年09日19时36分
6:16:5  world time update--> 00年09日19时39分
6:16:10  building produce time out
6:16:10  wsxxdwd生成了52f395588d619f88084491e4
6:16:20  world time update--> 00年09日19时42分
6:16:35  world time update--> 00年09日19时45分
6:16:50  world time update--> 00年09日19时48分
6:17:5  world time update--> 00年09日19时51分
6:17:20  server on
6:17:23  qHNAknNWU9sTFNHU4ETz disconnect!
6:17:29  52ecae74de76df040b09cccc join the game!
6:17:35  world time update--> 00年09日19时54分
6:17:44  zHlToRow-xHwVUA_4ETy disconnect!
6:17:51  world time update--> 00年09日19时57分
6:17:51  52e3ed5308a726c41479a060 join the game!
6:17:56  building produce time out
6:17:56  wsxxdwd生成了52f395588d619f88084491e4
6:18:6  world time update--> 00年09日20时00分
6:18:21  world time update--> 00年09日20时03分
6:18:36  world time update--> 00年09日20时06分
6:18:46  building produce time out
6:18:51  world time update--> 00年09日20时09分
6:19:6  world time update--> 00年09日20时12分
6:19:21  world time update--> 00年09日20时15分
6:19:36  building produce time out
6:19:36  world time update--> 00年09日20时18分
6:19:36  wsxxdwd生成了52f395588d619f88084491e4
6:19:51  world time update--> 00年09日20时21分
6:20:6  world time update--> 00年09日20时24分
6:20:21  world time update--> 00年09日20时27分
6:20:36  world time update--> 00年09日20时30分
6:20:51  world time update--> 00年09日20时33分
6:21:6  world time update--> 00年09日20时36分
6:21:16  building produce time out
6:21:16  wsxxdwd生成了52f395588d619f88084491e4
6:21:21  world time update--> 00年09日20时39分
6:21:36  world time update--> 00年09日20时42分
6:21:51  world time update--> 00年09日20时45分
6:22:6  world time update--> 00年09日20时48分
6:22:8  2TEmgJIXOXUrftrg4ET0 disconnect!
6:22:8  52ecae74de76df040b09cccc join the game!
6:22:10  1QS173vhTyMs2u5D4ET1 disconnect!
6:22:10  52e3ed5308a726c41479a060 join the game!
6:22:21  world time update--> 00年09日20时51分
6:22:35  jGCnAEspilXQX6mz4ET2 disconnect!
6:22:35  52ecae74de76df040b09cccc join the game!
6:22:37  world time update--> 00年09日20时54分
6:22:37  w4S9F4mAC35XPSEf4ET3 disconnect!
6:22:37  52e3ed5308a726c41479a060 join the game!
6:22:52  world time update--> 00年09日20时57分
6:22:57  building produce time out
6:22:57  building produce time out
6:22:57  wsxxdwd生成了52f395588d619f88084491e4
6:23:7  world time update--> 00年09日21时00分
6:23:22  world time update--> 00年09日21时03分
6:23:37  world time update--> 00年09日21时06分
6:23:52  world time update--> 00年09日21时09分
6:24:7  world time update--> 00年09日21时12分
6:24:22  world time update--> 00年09日21时15分
6:24:32  server on
6:24:35  y8nFwM5acRKHPdOB5tuZ disconnect!
6:24:41  52ecae74de76df040b09cccc join the game!
6:24:42  building produce time out
6:24:42  wsxxdwd生成了52f395588d619f88084491e4
6:24:47  world time update--> 00年09日21时18分
6:25:2  world time update--> 00年09日21时21分
6:25:7  server on
6:25:9  qqwmt_HSELdVA9Aj52Nh disconnect!
6:25:15  52ecae74de76df040b09cccc join the game!
6:25:22  world time update--> 00年09日21时24分
6:26:16  server on
6:26:20  52ecae74de76df040b09cccc join the game!
6:26:32  world time update--> 00年09日21时27分
6:26:39  92veMzyIh6u3RUzU6HMG disconnect!
6:26:45  52ecae74de76df040b09cccc join the game!
6:26:47  world time update--> 00年09日21时30分
6:27:2  world time update--> 00年09日21时33分
6:27:17  building produce time out
6:27:17  wsxxdwd生成了52f395588d619f88084491e4
6:27:17  world time update--> 00年09日21时36分
6:27:32  world time update--> 00年09日21时39分
6:27:47  world time update--> 00年09日21时42分
6:28:2  world time update--> 00年09日21时45分
6:28:7  building produce time out
6:28:17  world time update--> 00年09日21时48分
6:28:32  world time update--> 00年09日21时51分
6:28:47  world time update--> 00年09日21时54分
6:28:57  building produce time out
6:28:57  wsxxdwd生成了52f395588d619f88084491e4
6:29:2  world time update--> 00年09日21时57分
6:29:17  world time update--> 00年09日22时00分
6:29:32  world time update--> 00年09日22时03分
6:29:47  world time update--> 00年09日22时06分
6:30:2  world time update--> 00年09日22时09分
6:30:17  world time update--> 00年09日22时12分
6:30:32  world time update--> 00年09日22时15分
6:30:37  building produce time out
6:30:37  wsxxdwd生成了52f395588d619f88084491e4
6:30:47  world time update--> 00年09日22时18分
6:31:2  world time update--> 00年09日22时21分
6:31:17  world time update--> 00年09日22时24分
6:31:32  world time update--> 00年09日22时27分
6:31:47  world time update--> 00年09日22时30分
6:32:3  world time update--> 00年09日22时33分
6:32:18  building produce time out
6:32:18  building produce time out
6:32:18  wsxxdwd生成了52f395588d619f88084491e4
6:32:18  world time update--> 00年09日22时36分
6:32:33  world time update--> 00年09日22时39分
6:32:48  world time update--> 00年09日22时42分
6:33:3  world time update--> 00年09日22时45分
6:33:18  world time update--> 00年09日22时48分
6:33:33  world time update--> 00年09日22时51分
6:33:48  world time update--> 00年09日22时54分
6:33:58  building produce time out
6:33:58  wsxxdwd生成了52f395588d619f88084491e4
6:34:3  world time update--> 00年09日22时57分
6:34:18  world time update--> 00年09日23时00分
6:34:33  world time update--> 00年09日23时03分
6:34:48  world time update--> 00年09日23时06分
6:35:3  world time update--> 00年09日23时09分
6:35:18  world time update--> 00年09日23时12分
6:35:33  world time update--> 00年09日23时15分
6:35:38  building produce time out
6:35:38  wsxxdwd生成了52f395588d619f88084491e4
6:35:48  world time update--> 00年09日23时18分
6:36:3  world time update--> 00年09日23时21分
6:36:18  world time update--> 00年09日23时24分
6:36:28  building produce time out
6:36:33  world time update--> 00年09日23时27分
6:36:48  world time update--> 00年09日23时30分
6:37:3  world time update--> 00年09日23时33分
6:37:18  building produce time out
6:37:18  wsxxdwd生成了52f395588d619f88084491e4
6:37:18  world time update--> 00年09日23时36分
6:37:34  world time update--> 00年09日23时39分
6:37:49  world time update--> 00年09日23时42分
6:38:4  world time update--> 00年09日23时45分
6:38:19  world time update--> 00年09日23时48分
6:38:34  world time update--> 00年09日23时51分
6:38:49  world time update--> 00年09日23时54分
6:38:59  building produce time out
6:38:59  wsxxdwd生成了52f395588d619f88084491e4
6:39:4  world time update--> 00年09日23时57分
6:39:19  world time update--> 00年10日00时00分
6:39:34  world time update--> 00年10日00时03分
6:39:49  world time update--> 00年10日00时06分
6:40:4  world time update--> 00年10日00时09分
6:40:19  world time update--> 00年10日00时12分
6:40:34  world time update--> 00年10日00时15分
6:40:39  building produce time out
6:40:39  building produce time out
6:40:39  wsxxdwd生成了52f395588d619f88084491e4
6:40:49  world time update--> 00年10日00时18分
6:41:4  world time update--> 00年10日00时21分
6:41:19  world time update--> 00年10日00时24分
6:41:34  world time update--> 00年10日00时27分
6:41:49  world time update--> 00年10日00时30分
6:42:4  world time update--> 00年10日00时33分
6:42:19  building produce time out
6:42:19  wsxxdwd生成了52f395588d619f88084491e4
6:42:19  world time update--> 00年10日00时36分
6:42:34  world time update--> 00年10日00时39分
6:42:49  world time update--> 00年10日00时42分
6:43:4  world time update--> 00年10日00时45分
6:43:20  world time update--> 00年10日00时48分
6:43:35  world time update--> 00年10日00时51分
6:43:50  world time update--> 00年10日00时54分
6:44:0  building produce time out
6:44:0  wsxxdwd生成了52f395588d619f88084491e4
6:44:5  world time update--> 00年10日00时57分
6:44:20  world time update--> 00年10日01时00分
6:44:35  world time update--> 00年10日01时03分
6:44:50  building produce time out
6:44:50  world time update--> 00年10日01时06分
6:45:5  world time update--> 00年10日01时09分
6:45:20  world time update--> 00年10日01时12分
6:45:35  world time update--> 00年10日01时15分
6:45:40  building produce time out
6:45:40  wsxxdwd生成了52f395588d619f88084491e4
6:45:50  world time update--> 00年10日01时18分
6:46:5  world time update--> 00年10日01时21分
6:46:20  world time update--> 00年10日01时24分
6:46:35  world time update--> 00年10日01时27分
6:46:50  world time update--> 00年10日01时30分
6:47:5  world time update--> 00年10日01时33分
6:47:20  building produce time out
6:47:20  wsxxdwd生成了52f395588d619f88084491e4
6:47:20  world time update--> 00年10日01时36分
6:47:35  world time update--> 00年10日01时39分
6:47:50  world time update--> 00年10日01时42分
6:48:5  world time update--> 00年10日01时45分
6:48:20  world time update--> 00年10日01时48分
6:48:35  world time update--> 00年10日01时51分
6:48:50  world time update--> 00年10日01时54分
6:49:0  building produce time out
6:49:0  building produce time out
6:49:0  wsxxdwd生成了52f395588d619f88084491e4
6:49:5  world time update--> 00年10日01时57分
6:49:20  world time update--> 00年10日02时00分
6:49:36  world time update--> 00年10日02时03分
6:49:51  world time update--> 00年10日02时06分
6:50:6  world time update--> 00年10日02时09分
6:50:21  world time update--> 00年10日02时12分
6:50:36  world time update--> 00年10日02时15分
6:50:41  building produce time out
6:50:41  wsxxdwd生成了52f395588d619f88084491e4
6:50:51  world time update--> 00年10日02时18分
6:51:6  world time update--> 00年10日02时21分
6:51:21  world time update--> 00年10日02时24分
6:51:36  world time update--> 00年10日02时27分
6:51:51  world time update--> 00年10日02时30分
6:52:6  world time update--> 00年10日02时33分
6:52:21  building produce time out
6:52:21  wsxxdwd生成了52f395588d619f88084491e4
6:52:21  world time update--> 00年10日02时36分
6:52:36  world time update--> 00年10日02时39分
6:52:51  world time update--> 00年10日02时42分
6:53:6  world time update--> 00年10日02时45分
6:53:11  building produce time out
6:53:21  world time update--> 00年10日02时48分
6:53:36  world time update--> 00年10日02时51分
6:53:51  world time update--> 00年10日02时54分
6:54:1  building produce time out
6:54:1  wsxxdwd生成了52f395588d619f88084491e4
6:54:6  world time update--> 00年10日02时57分
6:54:21  world time update--> 00年10日03时00分
6:54:36  world time update--> 00年10日03时03分
6:54:51  world time update--> 00年10日03时06分
6:55:6  world time update--> 00年10日03时09分
6:55:21  world time update--> 00年10日03时12分
6:55:37  world time update--> 00年10日03时15分
6:55:42  building produce time out
6:55:42  wsxxdwd生成了52f395588d619f88084491e4
6:55:52  world time update--> 00年10日03时18分
6:56:7  world time update--> 00年10日03时21分
6:56:22  world time update--> 00年10日03时24分
6:56:37  world time update--> 00年10日03时27分
6:56:52  world time update--> 00年10日03时30分
6:57:7  world time update--> 00年10日03时33分
6:57:22  building produce time out
6:57:22  building produce time out
6:57:22  wsxxdwd生成了52f395588d619f88084491e4
6:57:22  world time update--> 00年10日03时36分
6:57:37  world time update--> 00年10日03时39分
6:57:52  world time update--> 00年10日03时42分
6:58:7  world time update--> 00年10日03时45分
6:58:11  Y3lD3ZF21faoMzSP6HMI disconnect!
6:58:11  52ecae74de76df040b09cccc join the game!
6:58:22  world time update--> 00年10日03时48分
6:58:36  3NP9d8dRgtkyF8O36HMJ disconnect!
6:58:36  52ecae74de76df040b09cccc join the game!
6:58:37  world time update--> 00年10日03时51分
6:58:38  RmoZhMwPlO8kN5j96HMH disconnect!
6:58:45  52e3e7e621cd27b412872063 join the game!
6:58:52  world time update--> 00年10日03时54分
6:59:2  building produce time out
6:59:2  wsxxdwd生成了52f395588d619f88084491e4
6:59:7  world time update--> 00年10日03时57分
13:13:32  server on
13:13:43  server on
13:13:58  world time update--> 00年10日04时00分
13:14:13  world time update--> 00年10日04时03分
13:14:14  52ecae74de76df040b09cccc join the game!
13:14:28  world time update--> 00年10日04时06分
13:14:44  world time update--> 00年10日04时09分
13:14:59  world time update--> 00年10日04时12分
13:15:9  building produce time out
13:15:9  wsxxdwd生成了52f395588d619f88084491e4
13:15:14  world time update--> 00年10日04时15分
13:15:29  world time update--> 00年10日04时18分
13:15:44  world time update--> 00年10日04时21分
13:15:59  building produce time out
13:15:59  world time update--> 00年10日04时24分
13:16:14  world time update--> 00年10日04时27分
13:16:29  world time update--> 00年10日04时30分
13:16:44  world time update--> 00年10日04时33分
13:16:49  building produce time out
13:16:49  wsxxdwd生成了52f395588d619f88084491e4
13:16:59  world time update--> 00年10日04时36分
13:17:14  world time update--> 00年10日04时39分
13:17:29  world time update--> 00年10日04时42分
13:17:44  world time update--> 00年10日04时45分
13:17:59  world time update--> 00年10日04时48分
13:18:14  world time update--> 00年10日04时51分
13:18:29  building produce time out
13:18:29  wsxxdwd生成了52f395588d619f88084491e4
13:18:29  world time update--> 00年10日04时54分
13:18:44  world time update--> 00年10日04时57分
13:18:59  world time update--> 00年10日05时00分
13:19:14  world time update--> 00年10日05时03分
13:19:29  world time update--> 00年10日05时06分
13:19:44  world time update--> 00年10日05时09分
13:19:59  world time update--> 00年10日05时12分
13:20:9  building produce time out
13:20:9  building produce time out
13:20:9  wsxxdwd生成了52f395588d619f88084491e4
13:20:14  world time update--> 00年10日05时15分
13:20:29  world time update--> 00年10日05时18分
13:20:44  world time update--> 00年10日05时21分
13:20:59  world time update--> 00年10日05时24分
13:21:15  world time update--> 00年10日05时27分
13:21:30  world time update--> 00年10日05时30分
13:21:45  world time update--> 00年10日05时33分
13:21:50  building produce time out
13:21:50  wsxxdwd生成了52f395588d619f88084491e4
13:22:0  world time update--> 00年10日05时36分
13:22:15  world time update--> 00年10日05时39分
13:22:30  world time update--> 00年10日05时42分
13:22:45  world time update--> 00年10日05时45分
13:22:56  02X-5xWZMsL86wZFXXq3 disconnect!
13:23:0  world time update--> 00年10日05时48分
13:23:15  world time update--> 00年10日05时51分
13:23:30  building produce time out
13:23:30  world time update--> 00年10日05时54分
13:23:45  world time update--> 00年10日05时57分
13:23:55  52ecae74de76df040b09cccc join the game!
13:24:0  world time update--> 00年10日06时00分
13:24:15  world time update--> 00年10日06时03分
13:24:20  building produce time out
13:24:30  world time update--> 00年10日06时06分
13:24:45  world time update--> 00年10日06时09分
13:25:0  world time update--> 00年10日06时12分
13:25:10  building produce time out
13:25:10  wsxxdwd生成了52f395588d619f88084491e4
13:25:15  world time update--> 00年10日06时15分
13:25:30  world time update--> 00年10日06时18分
13:25:32  b8nj-mgiKJJL322zXXq4 disconnect!
13:25:45  world time update--> 00年10日06时21分
13:25:58  52ecae74de76df040b09cccc join the game!
13:26:0  world time update--> 00年10日06时24分
13:26:15  world time update--> 00年10日06时27分
13:26:30  world time update--> 00年10日06时30分
13:26:45  world time update--> 00年10日06时33分
13:26:50  building produce time out
13:26:50  wsxxdwd生成了52f395588d619f88084491e4
13:27:0  world time update--> 00年10日06时36分
13:27:15  world time update--> 00年10日06时39分
13:27:30  world time update--> 00年10日06时42分
13:27:45  world time update--> 00年10日06时45分
13:28:0  world time update--> 00年10日06时48分
13:28:12  52e3e7e621cd27b412872063 join the game!
13:28:16  world time update--> 00年10日06时51分
13:28:31  building produce time out
13:28:31  building produce time out
13:28:31  wsxxdwd生成了52f395588d619f88084491e4
13:28:31  world time update--> 00年10日06时54分
13:28:46  world time update--> 00年10日06时57分
13:29:1  world time update--> 00年10日07时00分
13:29:16  world time update--> 00年10日07时03分
13:29:31  world time update--> 00年10日07时06分
13:29:46  world time update--> 00年10日07时09分
13:30:1  world time update--> 00年10日07时12分
13:30:11  building produce time out
13:30:11  wsxxdwd生成了52f395588d619f88084491e4
13:30:16  world time update--> 00年10日07时15分
13:30:31  world time update--> 00年10日07时18分
13:30:46  world time update--> 00年10日07时21分
13:31:1  world time update--> 00年10日07时24分
13:31:16  world time update--> 00年10日07时27分
13:31:31  world time update--> 00年10日07时30分
13:31:46  world time update--> 00年10日07时33分
13:31:51  building produce time out
13:31:51  wsxxdwd生成了52f395588d619f88084491e4
13:32:1  world time update--> 00年10日07时36分
13:32:16  world time update--> 00年10日07时39分
13:32:31  world time update--> 00年10日07时42分
13:32:42  building produce time out
13:32:47  world time update--> 00年10日07时45分
13:33:2  world time update--> 00年10日07时48分
13:33:17  world time update--> 00年10日07时51分
13:33:32  building produce time out
13:33:32  wsxxdwd生成了52f395588d619f88084491e4
13:33:32  world time update--> 00年10日07时54分
13:33:47  world time update--> 00年10日07时57分
13:34:2  world time update--> 00年10日08时00分
13:34:17  world time update--> 00年10日08时03分
13:34:32  world time update--> 00年10日08时06分
13:34:47  world time update--> 00年10日08时09分
13:35:2  world time update--> 00年10日08时12分
13:35:12  building produce time out
13:35:12  wsxxdwd生成了52f395588d619f88084491e4
13:35:17  world time update--> 00年10日08时15分
13:35:32  world time update--> 00年10日08时18分
13:35:47  world time update--> 00年10日08时21分
13:36:2  world time update--> 00年10日08时24分
13:36:17  world time update--> 00年10日08时27分
13:36:32  world time update--> 00年10日08时30分
13:36:47  world time update--> 00年10日08时33分
13:36:52  building produce time out
13:36:52  building produce time out
13:36:52  wsxxdwd生成了52f395588d619f88084491e4
13:37:3  world time update--> 00年10日08时36分
13:37:18  world time update--> 00年10日08时39分
13:37:33  world time update--> 00年10日08时42分
13:37:48  world time update--> 00年10日08时45分
13:38:3  world time update--> 00年10日08时48分
13:38:18  world time update--> 00年10日08时51分
13:38:33  building produce time out
13:38:33  wsxxdwd生成了52f395588d619f88084491e4
13:38:33  world time update--> 00年10日08时54分
13:38:48  world time update--> 00年10日08时57分
13:39:3  world time update--> 00年10日09时00分
13:39:18  world time update--> 00年10日09时03分
13:39:33  world time update--> 00年10日09时06分
13:39:48  world time update--> 00年10日09时09分
13:40:3  world time update--> 00年10日09时12分
13:40:13  building produce time out
13:40:13  wsxxdwd生成了52f395588d619f88084491e4
13:40:18  world time update--> 00年10日09时15分
13:40:33  world time update--> 00年10日09时18分
13:40:48  world time update--> 00年10日09时21分
13:41:3  building produce time out
13:41:3  world time update--> 00年10日09时24分
13:41:18  world time update--> 00年10日09时27分
13:41:33  world time update--> 00年10日09时30分
13:41:48  world time update--> 00年10日09时33分
13:41:53  building produce time out
13:41:53  wsxxdwd生成了52f395588d619f88084491e4
13:42:3  world time update--> 00年10日09时36分
13:42:18  world time update--> 00年10日09时39分
13:42:33  world time update--> 00年10日09时42分
13:42:48  world time update--> 00年10日09时45分
13:43:3  world time update--> 00年10日09时48分
13:43:18  world time update--> 00年10日09时51分
13:43:33  building produce time out
13:43:33  wsxxdwd生成了52f395588d619f88084491e4
13:43:33  world time update--> 00年10日09时54分
13:43:48  world time update--> 00年10日09时57分
13:44:3  world time update--> 00年10日10时00分
13:44:18  world time update--> 00年10日10时03分
13:44:34  world time update--> 00年10日10时06分
13:44:49  world time update--> 00年10日10时09分
13:45:4  world time update--> 00年10日10时12分
13:45:14  building produce time out
13:45:14  building produce time out
13:45:14  wsxxdwd生成了52f395588d619f88084491e4
13:45:19  world time update--> 00年10日10时15分
13:45:34  world time update--> 00年10日10时18分
13:45:49  world time update--> 00年10日10时21分
13:46:4  world time update--> 00年10日10时24分
13:46:19  world time update--> 00年10日10时27分
13:46:34  world time update--> 00年10日10时30分
13:46:49  world time update--> 00年10日10时33分
13:46:54  building produce time out
13:46:54  wsxxdwd生成了52f395588d619f88084491e4
13:47:4  world time update--> 00年10日10时36分
13:47:19  world time update--> 00年10日10时39分
13:47:34  world time update--> 00年10日10时42分
13:47:49  world time update--> 00年10日10时45分
13:48:4  world time update--> 00年10日10时48分
13:48:19  world time update--> 00年10日10时51分
13:48:34  building produce time out
13:48:34  wsxxdwd生成了52f395588d619f88084491e4
13:48:34  world time update--> 00年10日10时54分
13:48:49  world time update--> 00年10日10时57分
13:49:4  world time update--> 00年10日11时00分
13:49:19  world time update--> 00年10日11时03分
13:49:24  building produce time out
13:49:34  world time update--> 00年10日11时06分
13:49:49  world time update--> 00年10日11时09分
13:50:4  world time update--> 00年10日11时12分
13:50:14  building produce time out
13:50:14  wsxxdwd生成了52f395588d619f88084491e4
13:50:19  world time update--> 00年10日11时15分
13:50:34  world time update--> 00年10日11时18分
13:50:50  world time update--> 00年10日11时21分
13:51:5  world time update--> 00年10日11时24分
13:51:20  world time update--> 00年10日11时27分
13:51:35  world time update--> 00年10日11时30分
13:51:50  world time update--> 00年10日11时33分
13:51:55  building produce time out
13:51:55  wsxxdwd生成了52f395588d619f88084491e4
13:52:5  world time update--> 00年10日11时36分
13:52:20  world time update--> 00年10日11时39分
13:52:35  world time update--> 00年10日11时42分
13:52:50  world time update--> 00年10日11时45分
13:53:5  world time update--> 00年10日11时48分
