1:38:22  server on
1:45:53  server on
1:46:12  server on
1:48:55  server on
1:49:15  server on
1:49:48  server on
1:50:54  server on
1:51:27  server on
1:52:36  server on
1:53:22  server on
1:53:27  building produce time out
1:53:27  building produce time out
1:53:37  world time update--> 00年07日06时39分
1:57:40  server on
1:57:45  building produce time out
1:57:45  building produce time out
1:59:57  server on
2:0:12  world time update--> 00年07日06时42分
2:0:22  building produce time out
2:0:22  building produce time out
2:0:27  world time update--> 00年07日06时45分
2:0:39  52ecae74de76df040b09cccc join the game!
2:0:42  world time update--> 00年07日06时48分
2:0:45  ilrRDdTz-1RzifvTzkFr disconnect!
2:0:47  building produce time out
2:0:47  building produce time out
2:0:56  52ecae74de76df040b09cccc join the game!
2:0:57  world time update--> 00年07日06时51分
2:1:12  world time update--> 00年07日06时54分
2:1:12  building produce time out
2:1:12  wsxxdwd生成了52ef8fd60163106814ff823d
2:1:12  building produce time out
2:1:12  wsxxdwd生成了52f395588d619f88084491e4
2:1:27  world time update--> 00年07日06时57分
2:1:37  building produce time out
2:1:37  wsxxdwd生成了52ef8fd60163106814ff823d
2:1:37  building produce time out
2:1:37  wsxxdwd生成了52f395588d619f88084491e4
2:1:42  world time update--> 00年07日07时00分
2:1:57  world time update--> 00年07日07时03分
2:2:2  building produce time out
2:2:2  building produce time out
2:2:2  wsxxdwd生成了52ef8fd60163106814ff823d
2:2:2  wsxxdwd生成了52f395588d619f88084491e4
2:2:12  world time update--> 00年07日07时06分
2:2:27  building produce time out
2:2:27  wsxxdwd生成了52ef8fd60163106814ff823d
2:2:27  building produce time out
2:2:27  wsxxdwd生成了52f395588d619f88084491e4
2:2:27  world time update--> 00年07日07时09分
2:2:42  world time update--> 00年07日07时12分
2:2:52  building produce time out
2:2:52  building produce time out
2:2:52  wsxxdwd生成了52ef8fd60163106814ff823d
2:2:52  wsxxdwd生成了52f395588d619f88084491e4
2:2:57  world time update--> 00年07日07时15分
2:3:12  world time update--> 00年07日07时18分
2:3:17  building produce time out
2:3:17  wsxxdwd生成了52ef8fd60163106814ff823d
2:3:17  building produce time out
2:3:17  wsxxdwd生成了52f395588d619f88084491e4
2:3:27  world time update--> 00年07日07时21分
2:3:42  building produce time out
2:3:42  wsxxdwd生成了52ef8fd60163106814ff823d
2:3:42  building produce time out
2:3:42  wsxxdwd生成了52f395588d619f88084491e4
2:3:42  world time update--> 00年07日07时24分
2:3:57  world time update--> 00年07日07时27分
2:4:7  building produce time out
2:4:7  building produce time out
2:4:7  wsxxdwd生成了52f395588d619f88084491e4
2:4:7  wsxxdwd生成了52ef8fd60163106814ff823d
2:4:12  world time update--> 00年07日07时30分
2:4:27  world time update--> 00年07日07时33分
2:4:32  building produce time out
2:4:32  wsxxdwd生成了52ef8fd60163106814ff823d
2:4:32  building produce time out
2:4:32  wsxxdwd生成了52f395588d619f88084491e4
2:4:42  oI8MMm54t3GdjBsjzkFs disconnect!
2:4:42  52ecae74de76df040b09cccc join the game!
2:4:42  world time update--> 00年07日07时36分
2:4:57  building produce time out
2:4:57  wsxxdwd生成了52ef8fd60163106814ff823d
2:4:57  building produce time out
2:4:57  wsxxdwd生成了52f395588d619f88084491e4
2:4:57  world time update--> 00年07日07时39分
2:5:12  world time update--> 00年07日07时42分
2:5:22  building produce time out
2:5:22  wsxxdwd生成了52ef8fd60163106814ff823d
2:5:22  building produce time out
2:5:22  wsxxdwd生成了52f395588d619f88084491e4
2:5:27  world time update--> 00年07日07时45分
2:5:42  world time update--> 00年07日07时48分
2:5:47  building produce time out
2:5:47  wsxxdwd生成了52ef8fd60163106814ff823d
2:5:47  building produce time out
2:5:47  wsxxdwd生成了52f395588d619f88084491e4
2:5:57  world time update--> 00年07日07时51分
2:6:12  building produce time out
2:6:12  building produce time out
2:6:12  wsxxdwd生成了52ef8fd60163106814ff823d
2:6:12  wsxxdwd生成了52f395588d619f88084491e4
2:6:12  world time update--> 00年07日07时54分
2:6:27  world time update--> 00年07日07时57分
2:6:37  building produce time out
2:6:37  building produce time out
2:6:37  wsxxdwd生成了52f395588d619f88084491e4
2:6:42  world time update--> 00年07日08时00分
2:6:58  world time update--> 00年07日08时03分
2:7:3  building produce time out
2:7:3  building produce time out
2:7:3  wsxxdwd生成了52f395588d619f88084491e4
2:7:13  world time update--> 00年07日08时06分
2:7:28  building produce time out
2:7:28  building produce time out
2:7:28  wsxxdwd生成了52f395588d619f88084491e4
2:7:28  world time update--> 00年07日08时09分
2:7:43  world time update--> 00年07日08时12分
2:7:53  building produce time out
2:7:53  building produce time out
2:7:53  wsxxdwd生成了52f395588d619f88084491e4
21:46:13  server on
21:46:28  52ecae74de76df040b09cccc join the game!
21:46:29  world time update--> 00年07日08时15分
21:46:39  building produce time out
21:46:39  wsxxdwd生成了52ef8fd60163106814ff823d
21:46:39  building produce time out
21:46:39  wsxxdwd生成了52f395588d619f88084491e4
21:46:44  world time update--> 00年07日08时18分
21:46:59  world time update--> 00年07日08时21分
21:47:4  building produce time out
21:47:4  wsxxdwd生成了52ef8fd60163106814ff823d
21:47:4  building produce time out
21:47:4  wsxxdwd生成了52f395588d619f88084491e4
21:47:14  world time update--> 00年07日08时24分
21:47:29  building produce time out
21:47:29  wsxxdwd生成了52ef8fd60163106814ff823d
21:47:29  building produce time out
21:47:29  wsxxdwd生成了52f395588d619f88084491e4
21:47:29  world time update--> 00年07日08时27分
21:47:44  world time update--> 00年07日08时30分
21:47:54  building produce time out
21:47:54  wsxxdwd生成了52ef8fd60163106814ff823d
21:47:54  building produce time out
21:47:54  wsxxdwd生成了52f395588d619f88084491e4
21:47:59  world time update--> 00年07日08时33分
21:48:14  world time update--> 00年07日08时36分
21:48:19  building produce time out
21:48:19  wsxxdwd生成了52ef8fd60163106814ff823d
21:48:19  building produce time out
21:48:19  wsxxdwd生成了52f395588d619f88084491e4
21:48:29  world time update--> 00年07日08时39分
21:48:44  building produce time out
21:48:44  wsxxdwd生成了52ef8fd60163106814ff823d
21:48:44  building produce time out
21:48:44  wsxxdwd生成了52f395588d619f88084491e4
21:48:44  world time update--> 00年07日08时42分
21:48:59  world time update--> 00年07日08时45分
21:49:9  building produce time out
21:49:9  building produce time out
21:49:9  wsxxdwd生成了52f395588d619f88084491e4
21:49:14  world time update--> 00年07日08时48分
21:49:29  world time update--> 00年07日08时51分
21:49:34  building produce time out
21:49:34  building produce time out
21:49:34  wsxxdwd生成了52f395588d619f88084491e4
21:49:44  world time update--> 00年07日08时54分
21:49:59  building produce time out
21:49:59  building produce time out
21:49:59  wsxxdwd生成了52ef8fd60163106814ff823d
21:49:59  world time update--> 00年07日08时57分
21:49:59  wsxxdwd生成了52f395588d619f88084491e4
21:50:14  world time update--> 00年07日09时00分
21:50:24  building produce time out
21:50:24  building produce time out
21:50:24  wsxxdwd生成了52f395588d619f88084491e4
21:50:25  pEAMCch58UFWwA-KDFOm disconnect!
21:50:25  52ecae74de76df040b09cccc join the game!
21:50:29  world time update--> 00年07日09时03分
21:50:44  world time update--> 00年07日09时06分
21:50:49  building produce time out
21:50:49  building produce time out
21:50:49  wsxxdwd生成了52f395588d619f88084491e4
21:50:59  world time update--> 00年07日09时09分
21:51:14  building produce time out
21:51:14  wsxxdwd生成了52ef8fd60163106814ff823d
21:51:14  building produce time out
21:51:14  wsxxdwd生成了52f395588d619f88084491e4
21:51:14  world time update--> 00年07日09时12分
21:51:29  world time update--> 00年07日09时15分
21:51:39  building produce time out
21:51:39  building produce time out
21:51:39  wsxxdwd生成了52f395588d619f88084491e4
21:51:44  world time update--> 00年07日09时18分
21:51:59  world time update--> 00年07日09时21分
21:52:4  building produce time out
21:52:4  building produce time out
21:52:4  wsxxdwd生成了52f395588d619f88084491e4
21:52:14  world time update--> 00年07日09时24分
21:52:24  CvSLIdVMt0Cx5i3HDFOn disconnect!
21:52:24  52ecae74de76df040b09cccc join the game!
21:52:29  building produce time out
21:52:29  wsxxdwd生成了52ef8fd60163106814ff823d
21:52:29  building produce time out
21:52:29  wsxxdwd生成了52f395588d619f88084491e4
21:52:29  world time update--> 00年07日09时27分
22:0:51  server on
22:1:0  52ecae74de76df040b09cccc join the game!
22:1:6  world time update--> 00年07日09时30分
22:1:11  building produce time out
22:1:11  building produce time out
22:1:11  wsxxdwd生成了52f395588d619f88084491e4
22:3:52  server on
22:3:59  52ecae74de76df040b09cccc join the game!
22:4:7  world time update--> 00年07日09时33分
22:4:17  building produce time out
22:4:17  building produce time out
22:4:17  wsxxdwd生成了52f395588d619f88084491e4
22:4:22  world time update--> 00年07日09时36分
22:4:40  server on
22:4:49  52ecae74de76df040b09cccc join the game!
22:4:55  world time update--> 00年07日09时39分
22:5:0  building produce time out
22:5:0  wsxxdwd生成了52ef8fd60163106814ff823d
22:5:0  building produce time out
22:5:0  wsxxdwd生成了52f395588d619f88084491e4
22:5:10  world time update--> 00年07日09时42分
22:5:40  server on
22:5:45  building produce time out
22:5:45  building produce time out
22:5:53  52ecae74de76df040b09cccc join the game!
22:5:55  world time update--> 00年07日09时45分
22:6:10  building produce time out
22:6:10  building produce time out
22:6:10  wsxxdwd生成了52f395588d619f88084491e4
22:6:10  world time update--> 00年07日09时48分
22:6:25  world time update--> 00年07日09时51分
22:6:36  building produce time out
22:6:36  wsxxdwd生成了52ef8fd60163106814ff823d
22:6:36  building produce time out
22:6:36  wsxxdwd生成了52f395588d619f88084491e4
22:6:41  world time update--> 00年07日09时54分
22:6:56  world time update--> 00年07日09时57分
22:7:1  building produce time out
22:7:1  building produce time out
22:7:1  wsxxdwd生成了52f395588d619f88084491e4
22:7:11  world time update--> 00年07日10时00分
22:7:26  building produce time out
22:7:26  building produce time out
22:7:26  wsxxdwd生成了52f395588d619f88084491e4
22:7:26  world time update--> 00年07日10时03分
22:7:41  world time update--> 00年07日10时06分
22:7:42  uDTIgP4KtFix50ISHiKi disconnect!
22:7:43  52ecae74de76df040b09cccc join the game!
22:7:51  building produce time out
22:7:51  wsxxdwd生成了52ef8fd60163106814ff823d
22:7:51  building produce time out
22:7:51  wsxxdwd生成了52f395588d619f88084491e4
22:7:56  world time update--> 00年07日10时09分
22:8:10  YS6dghfsjE8eYh3kHiKj disconnect!
22:8:10  52ecae74de76df040b09cccc join the game!
22:8:11  world time update--> 00年07日10时12分
22:8:16  building produce time out
22:8:16  building produce time out
22:8:16  wsxxdwd生成了52f395588d619f88084491e4
22:8:23  XgoCaXWTfuoJXqDtHiKk disconnect!
22:8:23  52ecae74de76df040b09cccc join the game!
22:8:26  world time update--> 00年07日10时15分
22:8:40  7PNBZ_WXHGnVW88jHiKl disconnect!
22:8:40  52ecae74de76df040b09cccc join the game!
22:8:41  building produce time out
22:8:41  building produce time out
22:8:41  world time update--> 00年07日10时18分
22:8:41  wsxxdwd生成了52f395588d619f88084491e4
22:8:56  world time update--> 00年07日10时21分
22:9:6  building produce time out
22:9:6  wsxxdwd生成了52ef8fd60163106814ff823d
22:9:6  building produce time out
22:9:6  wsxxdwd生成了52f395588d619f88084491e4
22:9:11  world time update--> 00年07日10时24分
22:9:26  world time update--> 00年07日10时27分
22:9:31  building produce time out
22:9:31  building produce time out
22:9:31  wsxxdwd生成了52f395588d619f88084491e4
22:9:40  S0JpN3Gu5GoWWrXgHiKm disconnect!
22:9:41  52ecae74de76df040b09cccc join the game!
22:9:41  world time update--> 00年07日10时30分
22:9:56  building produce time out
22:9:56  building produce time out
22:9:56  wsxxdwd生成了52f395588d619f88084491e4
22:9:56  world time update--> 00年07日10时33分
22:10:11  world time update--> 00年07日10时36分
22:10:21  building produce time out
22:10:21  wsxxdwd生成了52ef8fd60163106814ff823d
22:10:21  building produce time out
22:10:21  wsxxdwd生成了52f395588d619f88084491e4
22:10:26  world time update--> 00年07日10时39分
22:10:41  world time update--> 00年07日10时42分
22:10:46  building produce time out
22:10:46  building produce time out
22:10:46  wsxxdwd生成了52f395588d619f88084491e4
22:10:56  world time update--> 00年07日10时45分
22:10:56  Sh7S6y-3ubfLjOSWHiKn disconnect!
22:10:56  52ecae74de76df040b09cccc join the game!
22:11:11  building produce time out
22:11:11  building produce time out
22:11:11  wsxxdwd生成了52f395588d619f88084491e4
22:11:11  world time update--> 00年07日10时48分
22:11:26  world time update--> 00年07日10时51分
22:11:36  building produce time out
22:11:36  wsxxdwd生成了52ef8fd60163106814ff823d
22:11:36  building produce time out
22:11:36  wsxxdwd生成了52f395588d619f88084491e4
22:11:41  world time update--> 00年07日10时54分
22:11:56  world time update--> 00年07日10时57分
22:12:1  building produce time out
22:12:1  building produce time out
22:12:1  wsxxdwd生成了52f395588d619f88084491e4
22:12:11  world time update--> 00年07日11时00分
22:12:26  building produce time out
22:12:26  building produce time out
22:12:26  wsxxdwd生成了52f395588d619f88084491e4
22:12:26  world time update--> 00年07日11时03分
22:12:41  world time update--> 00年07日11时06分
22:12:51  building produce time out
22:12:51  wsxxdwd生成了52ef8fd60163106814ff823d
22:12:51  wsxxdwd生成了52f395588d619f88084491e4
22:12:51  building produce time out
22:12:56  world time update--> 00年07日11时09分
22:13:11  world time update--> 00年07日11时12分
22:13:16  building produce time out
22:13:16  building produce time out
22:13:16  wsxxdwd生成了52f395588d619f88084491e4
22:13:26  world time update--> 00年07日11时15分
22:13:41  building produce time out
22:13:41  building produce time out
22:13:41  wsxxdwd生成了52f395588d619f88084491e4
22:13:41  world time update--> 00年07日11时18分
22:13:56  world time update--> 00年07日11时21分
22:14:6  building produce time out
22:14:6  wsxxdwd生成了52ef8fd60163106814ff823d
22:14:6  building produce time out
22:14:6  wsxxdwd生成了52f395588d619f88084491e4
22:14:11  world time update--> 00年07日11时24分
22:14:26  world time update--> 00年07日11时27分
22:14:31  building produce time out
22:14:31  building produce time out
22:14:31  wsxxdwd生成了52f395588d619f88084491e4
22:14:41  world time update--> 00年07日11时30分
22:14:48  qDTceNoVlU4Mp-lWHiKo disconnect!
22:14:48  52ecae74de76df040b09cccc join the game!
22:14:56  building produce time out
22:14:56  building produce time out
22:14:56  wsxxdwd生成了52f395588d619f88084491e4
22:14:56  world time update--> 00年07日11时33分
22:15:7  nNaCzGccyzddjlV6HiKp disconnect!
22:15:7  52ecae74de76df040b09cccc join the game!
22:15:12  world time update--> 00年07日11时36分
22:15:22  building produce time out
22:15:22  wsxxdwd生成了52ef8fd60163106814ff823d
22:15:22  building produce time out
22:15:22  wsxxdwd生成了52f395588d619f88084491e4
22:15:27  world time update--> 00年07日11时39分
22:15:38  OocVgUU-Z9ggXM_bHiKq disconnect!
22:15:38  52ecae74de76df040b09cccc join the game!
22:15:42  world time update--> 00年07日11时42分
22:15:47  building produce time out
22:15:47  building produce time out
22:15:47  wsxxdwd生成了52f395588d619f88084491e4
22:15:57  world time update--> 00年07日11时45分
22:16:0  SIzp6l4BD1w0xv7jHiKr disconnect!
22:16:0  52ecae74de76df040b09cccc join the game!
22:16:12  building produce time out
22:16:12  building produce time out
22:16:12  wsxxdwd生成了52f395588d619f88084491e4
22:16:12  world time update--> 00年07日11时48分
22:16:27  world time update--> 00年07日11时51分
22:16:37  building produce time out
22:16:37  wsxxdwd生成了52ef8fd60163106814ff823d
22:16:37  building produce time out
22:16:37  wsxxdwd生成了52f395588d619f88084491e4
22:16:42  world time update--> 00年07日11时54分
22:16:57  world time update--> 00年07日11时57分
22:17:2  building produce time out
22:17:2  building produce time out
22:17:2  wsxxdwd生成了52f395588d619f88084491e4
22:17:6  JqdIljvSSFh6IuMOHiKs disconnect!
22:17:6  52ecae74de76df040b09cccc join the game!
22:17:12  world time update--> 00年07日12时00分
22:17:27  building produce time out
22:17:27  building produce time out
22:17:27  wsxxdwd生成了52f395588d619f88084491e4
22:17:27  world time update--> 00年07日12时03分
22:17:42  world time update--> 00年07日12时06分
22:17:51  KLzTiLC_1GSkGNHUHiKt disconnect!
22:17:51  52ecae74de76df040b09cccc join the game!
22:17:52  building produce time out
22:17:52  wsxxdwd生成了52ef8fd60163106814ff823d
22:17:52  wsxxdwd生成了52f395588d619f88084491e4
22:17:52  building produce time out
22:17:56  toZOVzReP6CFLKcKHiKu disconnect!
22:17:56  52ecae74de76df040b09cccc join the game!
22:17:57  world time update--> 00年07日12时09分
22:18:12  world time update--> 00年07日12时12分
22:18:17  building produce time out
22:18:17  building produce time out
22:18:17  wsxxdwd生成了52f395588d619f88084491e4
22:18:27  world time update--> 00年07日12时15分
22:18:42  building produce time out
22:18:42  building produce time out
22:18:42  wsxxdwd生成了52f395588d619f88084491e4
22:18:42  world time update--> 00年07日12时18分
22:18:57  world time update--> 00年07日12时21分
22:19:7  building produce time out
22:19:7  wsxxdwd生成了52ef8fd60163106814ff823d
22:19:7  building produce time out
22:19:7  wsxxdwd生成了52f395588d619f88084491e4
22:19:12  world time update--> 00年07日12时24分
22:19:27  world time update--> 00年07日12时27分
22:19:32  building produce time out
22:19:32  building produce time out
22:19:32  wsxxdwd生成了52f395588d619f88084491e4
22:19:42  world time update--> 00年07日12时30分
22:19:57  building produce time out
22:19:57  building produce time out
22:19:57  wsxxdwd生成了52f395588d619f88084491e4
22:19:57  world time update--> 00年07日12时33分
22:20:12  world time update--> 00年07日12时36分
22:20:22  building produce time out
22:20:22  wsxxdwd生成了52ef8fd60163106814ff823d
22:20:22  building produce time out
22:20:22  wsxxdwd生成了52f395588d619f88084491e4
22:20:27  world time update--> 00年07日12时39分
22:20:42  world time update--> 00年07日12时42分
22:20:47  building produce time out
22:20:47  wsxxdwd生成了52f395588d619f88084491e4
22:20:47  building produce time out
22:20:57  world time update--> 00年07日12时45分
23:17:48  server on
23:19:12  server on
23:19:17  building produce time out
23:19:17  building produce time out
23:30:18  server on
23:30:54  server on
23:34:23  server on
23:34:34  52ecae74de76df040b09cccc join the game!
23:35:34  server on
23:35:39  building produce time out
23:35:39  building produce time out
23:35:42  52ecae74de76df040b09cccc join the game!
23:36:52  server on
23:37:0  52ecae74de76df040b09cccc join the game!
23:37:7  world time update--> 00年07日12时48分
23:37:17  building produce time out
23:37:17  building produce time out
23:37:17  wsxxdwd生成了52f395588d619f88084491e4
23:37:22  world time update--> 00年07日12时51分
23:37:37  world time update--> 00年07日12时54分
23:37:42  building produce time out
23:37:42  building produce time out
23:37:42  wsxxdwd生成了52f395588d619f88084491e4
23:37:52  world time update--> 00年07日12时57分
23:38:7  world time update--> 00年07日13时00分
23:38:7  building produce time out
23:38:7  building produce time out
23:38:7  wsxxdwd生成了52f395588d619f88084491e4
23:38:22  world time update--> 00年07日13时03分
23:38:32  building produce time out
23:38:32  wsxxdwd生成了52ef8fd60163106814ff823d
23:38:32  building produce time out
23:38:32  wsxxdwd生成了52f395588d619f88084491e4
23:38:37  world time update--> 00年07日13时06分
23:38:52  world time update--> 00年07日13时09分
23:38:57  building produce time out
23:38:57  building produce time out
23:38:57  wsxxdwd生成了52f395588d619f88084491e4
23:39:7  world time update--> 00年07日13时12分
23:39:22  building produce time out
23:39:22  building produce time out
23:39:22  wsxxdwd生成了52f395588d619f88084491e4
23:39:22  world time update--> 00年07日13时15分
23:39:37  world time update--> 00年07日13时18分
23:39:47  building produce time out
23:39:47  wsxxdwd生成了52ef8fd60163106814ff823d
23:39:47  building produce time out
23:39:47  wsxxdwd生成了52f395588d619f88084491e4
23:39:52  world time update--> 00年07日13时21分
23:40:7  world time update--> 00年07日13时24分
23:40:12  building produce time out
23:40:12  building produce time out
23:40:12  wsxxdwd生成了52f395588d619f88084491e4
23:40:22  world time update--> 00年07日13时27分
23:40:37  world time update--> 00年07日13时30分
23:40:37  building produce time out
23:40:37  building produce time out
23:40:37  wsxxdwd生成了52f395588d619f88084491e4
23:40:52  world time update--> 00年07日13时33分
23:41:2  building produce time out
23:41:2  wsxxdwd生成了52ef8fd60163106814ff823d
23:41:2  building produce time out
23:41:2  wsxxdwd生成了52f395588d619f88084491e4
23:41:7  world time update--> 00年07日13时36分
23:41:22  world time update--> 00年07日13时39分
23:41:27  building produce time out
23:41:27  building produce time out
23:41:27  wsxxdwd生成了52f395588d619f88084491e4
23:41:37  world time update--> 00年07日13时42分
23:41:52  building produce time out
23:41:52  building produce time out
23:41:52  wsxxdwd生成了52f395588d619f88084491e4
23:41:52  world time update--> 00年07日13时45分
23:42:7  world time update--> 00年07日13时48分
23:42:17  building produce time out
23:42:17  wsxxdwd生成了52ef8fd60163106814ff823d
23:42:17  building produce time out
23:42:17  wsxxdwd生成了52f395588d619f88084491e4
23:42:22  world time update--> 00年07日13时51分
23:42:37  world time update--> 00年07日13时54分
23:42:42  building produce time out
23:42:42  building produce time out
23:42:42  wsxxdwd生成了52f395588d619f88084491e4
23:42:52  world time update--> 00年07日13时57分
23:43:7  building produce time out
23:43:7  building produce time out
23:43:8  wsxxdwd生成了52f395588d619f88084491e4
23:43:8  world time update--> 00年07日14时00分
23:43:22  world time update--> 00年07日14时03分
23:43:32  building produce time out
23:43:33  wsxxdwd生成了52ef8fd60163106814ff823d
23:43:33  building produce time out
23:43:33  wsxxdwd生成了52f395588d619f88084491e4
23:43:38  world time update--> 00年07日14时06分
23:43:53  world time update--> 00年07日14时09分
23:43:58  building produce time out
23:43:58  building produce time out
23:43:58  wsxxdwd生成了52f395588d619f88084491e4
23:44:8  world time update--> 00年07日14时12分
23:44:23  building produce time out
23:44:23  building produce time out
23:44:23  wsxxdwd生成了52f395588d619f88084491e4
23:44:23  world time update--> 00年07日14时15分
23:44:38  world time update--> 00年07日14时18分
23:44:48  wsxxdwd生成了52ef8fd60163106814ff823d
23:44:48  building produce time out
23:44:48  wsxxdwd生成了52f395588d619f88084491e4
23:44:48  building produce time out
23:44:53  world time update--> 00年07日14时21分
23:45:8  world time update--> 00年07日14时24分
23:45:13  building produce time out
23:45:13  building produce time out
23:45:13  wsxxdwd生成了52f395588d619f88084491e4
23:45:23  world time update--> 00年07日14时27分
23:45:38  building produce time out
23:45:38  building produce time out
23:45:38  wsxxdwd生成了52f395588d619f88084491e4
23:45:38  world time update--> 00年07日14时30分
23:45:53  world time update--> 00年07日14时33分
23:46:3  building produce time out
23:46:3  wsxxdwd生成了52ef8fd60163106814ff823d
23:46:3  building produce time out
23:46:3  wsxxdwd生成了52f395588d619f88084491e4
23:46:8  world time update--> 00年07日14时36分
23:46:23  world time update--> 00年07日14时39分
23:46:28  building produce time out
23:46:28  building produce time out
23:46:28  wsxxdwd生成了52f395588d619f88084491e4
23:46:38  world time update--> 00年07日14时42分
23:46:53  building produce time out
23:46:53  building produce time out
23:46:53  wsxxdwd生成了52f395588d619f88084491e4
23:46:53  world time update--> 00年07日14时45分
23:46:57  z1DzZs1I6EVj-5nScZ8K disconnect!
23:47:8  world time update--> 00年07日14时48分
23:47:18  building produce time out
23:47:18  building produce time out
23:47:23  world time update--> 00年07日14时51分
23:47:38  world time update--> 00年07日14时54分
23:47:43  building produce time out
23:47:43  building produce time out
23:47:53  world time update--> 00年07日14时57分
23:48:8  building produce time out
23:48:8  building produce time out
23:48:8  world time update--> 00年07日15时00分
23:48:23  world time update--> 00年07日15时03分
23:48:33  building produce time out
23:48:33  building produce time out
23:48:38  world time update--> 00年07日15时06分
23:48:53  world time update--> 00年07日15时09分
23:48:58  2w8USXnxQRqNNpcXcZ8L disconnect!
23:48:58  building produce time out
23:48:58  building produce time out
23:49:8  world time update--> 00年07日15时12分
23:49:23  building produce time out
23:49:23  building produce time out
23:49:23  world time update--> 00年07日15时15分
23:49:38  world time update--> 00年07日15时18分
23:49:48  building produce time out
23:49:48  building produce time out
23:49:53  world time update--> 00年07日15时21分
23:50:8  world time update--> 00年07日15时24分
23:50:13  building produce time out
23:50:13  building produce time out
23:50:23  world time update--> 00年07日15时27分
23:50:25  LZH5rdcvutDpttYpcZ8M disconnect!
23:50:38  building produce time out
23:50:38  building produce time out
23:50:38  world time update--> 00年07日15时30分
23:50:45  MMVL137lPaBJZnkWcZ8N disconnect!
23:50:53  world time update--> 00年07日15时33分
23:51:3  building produce time out
23:51:3  building produce time out
23:51:8  world time update--> 00年07日15时36分
23:51:23  world time update--> 00年07日15时39分
23:51:28  building produce time out
23:51:28  building produce time out
23:51:38  world time update--> 00年07日15时42分
23:51:43  EVbDfnPgNLo8MoNucZ8O disconnect!
23:51:53  building produce time out
23:51:53  building produce time out
23:51:53  world time update--> 00年07日15时45分
23:52:8  world time update--> 00年07日15时48分
23:52:18  building produce time out
23:52:18  building produce time out
23:52:23  world time update--> 00年07日15时51分
23:52:39  world time update--> 00年07日15时54分
23:52:44  building produce time out
23:52:44  building produce time out
23:52:54  world time update--> 00年07日15时57分
23:53:9  building produce time out
23:53:9  building produce time out
23:53:9  world time update--> 00年07日16时00分
23:53:24  world time update--> 00年07日16时03分
23:53:34  building produce time out
23:53:34  building produce time out
23:53:39  world time update--> 00年07日16时06分
23:53:54  world time update--> 00年07日16时09分
23:53:59  building produce time out
23:53:59  building produce time out
23:54:9  world time update--> 00年07日16时12分
23:54:24  building produce time out
23:54:24  building produce time out
23:54:24  world time update--> 00年07日16时15分
23:54:39  world time update--> 00年07日16时18分
23:54:49  building produce time out
23:54:49  building produce time out
23:54:54  world time update--> 00年07日16时21分
23:55:9  world time update--> 00年07日16时24分
23:55:14  building produce time out
23:55:14  building produce time out
23:55:24  world time update--> 00年07日16时27分
23:55:39  building produce time out
23:55:39  building produce time out
23:55:39  world time update--> 00年07日16时30分
23:55:54  world time update--> 00年07日16时33分
23:56:4  building produce time out
23:56:4  building produce time out
23:56:9  world time update--> 00年07日16时36分
23:56:24  world time update--> 00年07日16时39分
23:56:29  building produce time out
23:56:29  building produce time out
23:56:39  world time update--> 00年07日16时42分
23:56:54  building produce time out
23:56:54  building produce time out
23:56:54  world time update--> 00年07日16时45分
23:57:9  world time update--> 00年07日16时48分
23:57:19  building produce time out
23:57:19  building produce time out
23:57:24  world time update--> 00年07日16时51分
23:57:39  world time update--> 00年07日16时54分
23:57:44  building produce time out
23:57:44  building produce time out
23:57:49  server on
23:57:51  ZEK4TLEr6aemuymbhNAg disconnect!
23:57:57  52ecae74de76df040b09cccc join the game!
23:58:5  world time update--> 00年07日16时57分
23:58:10  OQgjTYsIWikjtBvJhNAh disconnect!
23:58:10  52ecae74de76df040b09cccc join the game!
