0:10:33  world time : 00年01日16时59分
0:10:38  world time : 00年01日17时00分
0:10:43  world time : 00年01日17时01分
0:10:43  world time update--> 00年01日17时01分
0:10:48  world time : 00年01日17时02分
0:10:53  world time : 00年01日17时03分
0:10:53  world time update--> 00年01日17时03分
0:10:58  world time : 00年01日17时04分
0:11:3  world time : 00年01日17时05分
0:11:8  world time : 00年01日17时06分
0:11:8  world time update--> 00年01日17时06分
0:11:13  world time : 00年01日17时07分
0:11:18  world time : 00年01日17时08分
0:11:23  world time : 00年01日17时09分
0:11:23  world time update--> 00年01日17时09分
0:11:28  world time : 00年01日17时10分
0:11:33  world time : 00年01日17时11分
0:11:38  world time : 00年01日17时12分
0:11:38  world time update--> 00年01日17时12分
0:11:43  world time : 00年01日17时13分
0:11:48  world time : 00年01日17时14分
0:11:53  world time : 00年01日17时15分
0:11:53  world time update--> 00年01日17时15分
0:11:59  world time : 00年01日17时16分
0:12:4  world time : 00年01日17时17分
0:12:9  world time : 00年01日17时18分
0:12:9  world time update--> 00年01日17时18分
0:12:14  world time : 00年01日17时19分
0:12:19  world time : 00年01日17时20分
0:12:24  world time : 00年01日17时21分
0:12:24  world time update--> 00年01日17时21分
0:12:29  world time : 00年01日17时22分
0:12:34  world time : 00年01日17时23分
0:12:39  world time : 00年01日17时24分
0:12:39  world time update--> 00年01日17时24分
0:12:44  world time : 00年01日17时25分
0:12:49  world time : 00年01日17时26分
0:12:54  world time : 00年01日17时27分
0:12:54  world time update--> 00年01日17时27分
0:12:59  world time : 00年01日17时28分
0:13:4  world time : 00年01日17时29分
0:13:9  world time : 00年01日17时30分
0:13:9  world time update--> 00年01日17时30分
0:13:14  world time : 00年01日17时31分
0:13:19  world time : 00年01日17时32分
0:13:24  world time : 00年01日17时33分
0:13:24  world time update--> 00年01日17时33分
0:13:29  world time : 00年01日17时34分
0:13:34  world time : 00年01日17时35分
0:13:39  world time : 00年01日17时36分
0:13:39  world time update--> 00年01日17时36分
0:13:44  world time : 00年01日17时37分
0:13:49  world time : 00年01日17时38分
0:13:54  world time : 00年01日17时39分
0:13:54  world time update--> 00年01日17时39分
0:13:59  world time : 00年01日17时40分
0:14:4  world time : 00年01日17时41分
0:14:9  world time : 00年01日17时42分
0:14:9  world time update--> 00年01日17时42分
0:14:14  world time : 00年01日17时43分
0:14:19  world time : 00年01日17时44分
0:14:24  world time : 00年01日17时45分
0:14:24  world time update--> 00年01日17时45分
0:14:29  world time : 00年01日17时46分
0:14:34  world time : 00年01日17时47分
0:14:39  world time : 00年01日17时48分
0:14:39  world time update--> 00年01日17时48分
0:14:44  world time : 00年01日17时49分
0:14:49  world time : 00年01日17时50分
0:14:54  world time : 00年01日17时51分
0:14:54  world time update--> 00年01日17时51分
0:14:59  world time : 00年01日17时52分
0:15:4  world time : 00年01日17时53分
0:15:9  world time : 00年01日17时54分
0:15:9  world time update--> 00年01日17时54分
0:15:14  world time : 00年01日17时55分
0:15:19  world time : 00年01日17时56分
0:15:24  world time : 00年01日17时57分
0:15:24  world time update--> 00年01日17时57分
0:15:29  world time : 00年01日17时58分
0:15:34  world time : 00年01日17时59分
0:15:39  world time : 00年01日18时00分
0:15:39  world time update--> 00年01日18时00分
0:15:44  world time : 00年01日18时01分
0:15:49  world time : 00年01日18时02分
0:15:54  world time : 00年01日18时03分
0:15:54  world time update--> 00年01日18时03分
0:15:59  world time : 00年01日18时04分
0:16:4  world time : 00年01日18时05分
0:16:9  world time : 00年01日18时06分
0:16:9  world time update--> 00年01日18时06分
0:16:14  world time : 00年01日18时07分
0:16:19  world time : 00年01日18时08分
0:16:24  world time : 00年01日18时09分
0:16:24  world time update--> 00年01日18时09分
0:16:29  world time : 00年01日18时10分
0:16:34  world time : 00年01日18时11分
0:16:39  world time : 00年01日18时12分
0:16:39  world time update--> 00年01日18时12分
0:16:44  world time : 00年01日18时13分
0:16:49  world time : 00年01日18时14分
0:16:54  world time : 00年01日18时15分
0:16:54  world time update--> 00年01日18时15分
0:16:59  world time : 00年01日18时16分
0:17:4  world time : 00年01日18时17分
0:17:9  world time : 00年01日18时18分
0:17:9  world time update--> 00年01日18时18分
0:17:12  52ecae74de76df040b09cccc join the game!
0:17:14  world time : 00年01日18时19分
0:17:15  nvhEzPGWTWxM5XONTBsa disconnect!
0:17:19  world time : 00年01日18时20分
0:17:20  52e3e7e621cd27b412872063 join the game!
0:17:24  world time : 00年01日18时21分
0:17:24  world time update--> 00年01日18时21分
0:17:28  FViAlkrE4taeHOe8TBsb disconnect!
0:17:29  world time : 00年01日18时22分
0:17:34  world time : 00年01日18时23分
0:17:34  TpSTs5DogFuyVu00TBsZ disconnect!
0:17:39  world time : 00年01日18时24分
0:17:39  world time update--> 00年01日18时24分
0:17:39  52e3e7e621cd27b412872063 join the game!
0:17:44  world time : 00年01日18时25分
0:17:49  world time : 00年01日18时26分
0:17:54  world time : 00年01日18时27分
0:17:54  world time update--> 00年01日18时27分
0:17:59  world time : 00年01日18时28分
0:18:4  world time : 00年01日18时29分
0:18:9  world time : 00年01日18时30分
0:18:9  world time update--> 00年01日18时30分
0:18:14  world time : 00年01日18时31分
0:18:19  world time : 00年01日18时32分
0:18:24  world time : 00年01日18时33分
0:18:24  world time update--> 00年01日18时33分
0:18:29  world time : 00年01日18时34分
0:18:34  world time : 00年01日18时35分
0:18:39  world time : 00年01日18时36分
0:18:39  world time update--> 00年01日18时36分
0:18:44  world time : 00年01日18时37分
0:18:49  world time : 00年01日18时38分
0:18:54  world time : 00年01日18时39分
0:18:54  world time update--> 00年01日18时39分
0:18:59  world time : 00年01日18时40分
0:19:4  world time : 00年01日18时41分
0:19:9  world time : 00年01日18时42分
0:19:9  world time update--> 00年01日18时42分
0:19:14  world time : 00年01日18时43分
0:19:19  world time : 00年01日18时44分
0:19:24  world time : 00年01日18时45分
0:19:24  world time update--> 00年01日18时45分
0:19:29  world time : 00年01日18时46分
0:19:34  world time : 00年01日18时47分
0:19:39  world time : 00年01日18时48分
0:19:39  world time update--> 00年01日18时48分
0:19:44  world time : 00年01日18时49分
0:19:49  world time : 00年01日18时50分
0:19:54  world time : 00年01日18时51分
0:19:54  world time update--> 00年01日18时51分
0:19:59  world time : 00年01日18时52分
0:20:4  world time : 00年01日18时53分
0:20:9  world time : 00年01日18时54分
0:20:9  world time update--> 00年01日18时54分
0:20:14  world time : 00年01日18时55分
0:20:19  world time : 00年01日18时56分
0:20:24  world time : 00年01日18时57分
0:20:24  world time update--> 00年01日18时57分
0:20:29  world time : 00年01日18时58分
0:20:34  world time : 00年01日18时59分
0:20:39  world time : 00年01日19时00分
0:20:39  world time update--> 00年01日19时00分
0:20:44  world time : 00年01日19时01分
0:20:49  world time : 00年01日19时02分
0:20:54  world time : 00年01日19时03分
0:20:54  world time update--> 00年01日19时03分
0:20:59  world time : 00年01日19时04分
0:21:4  world time : 00年01日19时05分
0:21:9  world time : 00年01日19时06分
0:21:9  world time update--> 00年01日19时06分
0:21:14  world time : 00年01日19时07分
0:21:17  Bn0SAOe0wa_UqX1STBsc disconnect!
0:21:17  52e3e7e621cd27b412872063 join the game!
0:21:20  world time : 00年01日19时08分
0:21:25  world time : 00年01日19时09分
0:21:25  world time update--> 00年01日19时09分
0:21:30  world time : 00年01日19时10分
0:21:35  world time : 00年01日19时11分
0:21:40  world time : 00年01日19时12分
0:21:40  world time update--> 00年01日19时12分
0:21:45  world time : 00年01日19时13分
0:21:50  world time : 00年01日19时14分
0:21:55  world time : 00年01日19时15分
0:21:55  world time update--> 00年01日19时15分
0:22:0  world time : 00年01日19时16分
0:22:5  world time : 00年01日19时17分
0:22:10  world time update--> 00年01日19时18分
0:22:10  world time : 00年01日19时18分
0:22:15  world time : 00年01日19时19分
0:22:20  world time : 00年01日19时20分
0:22:25  world time : 00年01日19时21分
0:22:25  world time update--> 00年01日19时21分
0:22:30  world time : 00年01日19时22分
0:22:35  world time : 00年01日19时23分
0:22:40  world time : 00年01日19时24分
0:22:40  world time update--> 00年01日19时24分
0:22:45  world time : 00年01日19时25分
0:22:50  world time : 00年01日19时26分
0:22:55  world time update--> 00年01日19时27分
0:22:55  world time : 00年01日19时27分
0:23:0  world time : 00年01日19时28分
0:23:5  world time : 00年01日19时29分
0:23:10  world time : 00年01日19时30分
0:23:10  world time update--> 00年01日19时30分
0:23:15  world time : 00年01日19时31分
0:23:20  world time : 00年01日19时32分
0:23:25  world time : 00年01日19时33分
0:23:25  world time update--> 00年01日19时33分
0:23:30  world time : 00年01日19时34分
0:23:35  world time : 00年01日19时35分
0:23:40  world time : 00年01日19时36分
0:23:40  world time update--> 00年01日19时36分
0:23:45  world time : 00年01日19时37分
0:23:50  world time : 00年01日19时38分
0:23:55  world time : 00年01日19时39分
0:23:55  world time update--> 00年01日19时39分
0:24:0  world time : 00年01日19时40分
0:24:5  world time : 00年01日19时41分
0:24:10  world time : 00年01日19时42分
0:24:10  world time update--> 00年01日19时42分
0:24:15  world time : 00年01日19时43分
0:24:20  world time : 00年01日19时44分
0:24:25  world time : 00年01日19时45分
0:24:25  world time update--> 00年01日19时45分
0:24:30  world time : 00年01日19时46分
0:24:35  world time : 00年01日19时47分
0:24:40  world time : 00年01日19时48分
0:24:40  world time update--> 00年01日19时48分
0:24:45  world time : 00年01日19时49分
0:24:50  world time : 00年01日19时50分
0:24:55  world time update--> 00年01日19时51分
0:24:55  world time : 00年01日19时51分
0:25:0  world time : 00年01日19时52分
0:25:5  world time : 00年01日19时53分
0:25:10  world time : 00年01日19时54分
0:25:10  world time update--> 00年01日19时54分
0:25:15  world time : 00年01日19时55分
0:25:20  world time : 00年01日19时56分
0:25:25  world time : 00年01日19时57分
0:25:25  world time update--> 00年01日19时57分
0:25:30  world time : 00年01日19时58分
0:25:35  world time : 00年01日19时59分
0:25:40  world time : 00年01日20时00分
0:25:40  world time update--> 00年01日20时00分
0:25:45  world time : 00年01日20时01分
0:25:50  world time : 00年01日20时02分
0:25:55  world time : 00年01日20时03分
0:25:55  world time update--> 00年01日20时03分
0:26:0  world time : 00年01日20时04分
0:26:5  world time : 00年01日20时05分
0:26:10  world time : 00年01日20时06分
0:26:10  world time update--> 00年01日20时06分
0:26:15  world time : 00年01日20时07分
0:26:20  world time : 00年01日20时08分
0:26:25  world time : 00年01日20时09分
0:26:25  world time update--> 00年01日20时09分
0:26:30  world time : 00年01日20时10分
0:26:35  world time : 00年01日20时11分
0:26:40  world time : 00年01日20时12分
0:26:40  world time update--> 00年01日20时12分
0:26:45  world time : 00年01日20时13分
0:26:50  world time : 00年01日20时14分
0:26:55  world time : 00年01日20时15分
0:26:55  world time update--> 00年01日20时15分
0:27:0  world time : 00年01日20时16分
0:27:5  world time : 00年01日20时17分
0:27:10  world time : 00年01日20时18分
0:27:10  world time update--> 00年01日20时18分
0:27:15  world time : 00年01日20时19分
0:27:20  world time : 00年01日20时20分
0:27:25  world time : 00年01日20时21分
0:27:25  world time update--> 00年01日20时21分
0:27:30  world time : 00年01日20时22分
0:27:35  world time : 00年01日20时23分
0:27:40  world time : 00年01日20时24分
0:27:40  world time update--> 00年01日20时24分
0:27:45  world time : 00年01日20时25分
0:27:50  world time : 00年01日20时26分
0:27:55  world time : 00年01日20时27分
0:27:55  world time update--> 00年01日20时27分
0:28:0  world time : 00年01日20时28分
0:28:5  world time : 00年01日20时29分
0:28:10  world time : 00年01日20时30分
0:28:10  world time update--> 00年01日20时30分
0:28:15  world time : 00年01日20时31分
0:28:20  world time : 00年01日20时32分
0:28:25  world time : 00年01日20时33分
0:28:25  world time update--> 00年01日20时33分
0:28:30  world time : 00年01日20时34分
0:28:35  world time : 00年01日20时35分
0:28:40  world time : 00年01日20时36分
0:28:40  world time update--> 00年01日20时36分
0:28:45  world time : 00年01日20时37分
0:28:50  world time : 00年01日20时38分
0:28:55  world time : 00年01日20时39分
0:28:55  world time update--> 00年01日20时39分
0:29:0  world time : 00年01日20时40分
0:29:5  world time : 00年01日20时41分
0:29:10  world time : 00年01日20时42分
0:29:10  world time update--> 00年01日20时42分
0:29:15  world time : 00年01日20时43分
0:29:20  world time : 00年01日20时44分
0:29:25  world time : 00年01日20时45分
0:29:25  world time update--> 00年01日20时45分
0:29:30  world time : 00年01日20时46分
0:29:35  world time : 00年01日20时47分
0:29:40  world time : 00年01日20时48分
0:29:40  world time update--> 00年01日20时48分
0:29:45  world time : 00年01日20时49分
0:29:51  world time : 00年01日20时50分
0:29:56  world time : 00年01日20时51分
0:29:56  world time update--> 00年01日20时51分
0:30:1  world time : 00年01日20时52分
0:30:6  world time : 00年01日20时53分
0:30:11  world time : 00年01日20时54分
0:30:11  world time update--> 00年01日20时54分
0:30:16  world time : 00年01日20时55分
0:30:21  world time : 00年01日20时56分
0:30:26  world time : 00年01日20时57分
0:30:26  world time update--> 00年01日20时57分
0:30:31  world time : 00年01日20时58分
0:30:36  world time : 00年01日20时59分
0:30:41  world time : 00年01日21时00分
0:30:41  world time update--> 00年01日21时00分
0:30:46  world time : 00年01日21时01分
0:30:51  world time : 00年01日21时02分
0:30:56  world time update--> 00年01日21时03分
0:30:56  world time : 00年01日21时03分
0:30:56  L_tHnpQw6mwl-_WNTBsd disconnect!
0:30:56  52e3e7e621cd27b412872063 join the game!
0:31:1  world time : 00年01日21时04分
0:31:6  world time : 00年01日21时05分
0:31:11  world time : 00年01日21时06分
0:31:11  world time update--> 00年01日21时06分
0:31:15  W4Nak4tHvq6Cmn45TBse disconnect!
0:31:15  52e3e7e621cd27b412872063 join the game!
0:31:16  world time : 00年01日21时07分
0:31:21  world time : 00年01日21时08分
0:31:26  world time : 00年01日21时09分
0:31:26  world time update--> 00年01日21时09分
0:31:31  world time : 00年01日21时10分
0:31:32  AwesBOQbvHW4K7PZTBsf disconnect!
0:31:32  52e3e7e621cd27b412872063 join the game!
0:31:36  world time : 00年01日21时11分
0:31:41  world time : 00年01日21时12分
0:31:41  world time update--> 00年01日21时12分
0:31:46  world time : 00年01日21时13分
0:31:51  world time : 00年01日21时14分
0:31:56  world time : 00年01日21时15分
0:31:56  world time update--> 00年01日21时15分
0:32:1  world time : 00年01日21时16分
0:32:6  world time : 00年01日21时17分
0:32:11  world time : 00年01日21时18分
0:32:11  world time update--> 00年01日21时18分
0:32:13  hbnVS5q3cKb6WPzWTBsg disconnect!
0:32:16  world time : 00年01日21时19分
0:32:21  world time : 00年01日21时20分
0:32:26  world time : 00年01日21时21分
0:32:26  world time update--> 00年01日21时21分
0:32:31  world time : 00年01日21时22分
0:32:36  world time : 00年01日21时23分
0:32:41  world time : 00年01日21时24分
0:32:41  world time update--> 00年01日21时24分
0:32:46  world time : 00年01日21时25分
0:32:51  world time : 00年01日21时26分
0:32:56  world time : 00年01日21时27分
0:32:56  world time update--> 00年01日21时27分
0:33:1  world time : 00年01日21时28分
0:33:6  world time : 00年01日21时29分
0:33:11  world time : 00年01日21时30分
0:33:11  world time update--> 00年01日21时30分
0:33:16  world time : 00年01日21时31分
0:33:21  world time : 00年01日21时32分
0:33:26  world time : 00年01日21时33分
0:33:26  world time update--> 00年01日21时33分
0:33:31  world time : 00年01日21时34分
0:33:36  world time : 00年01日21时35分
0:33:41  world time : 00年01日21时36分
0:33:41  world time update--> 00年01日21时36分
0:33:42  52e3e7e621cd27b412872063 join the game!
0:33:46  world time : 00年01日21时37分
0:33:51  world time : 00年01日21时38分
0:33:56  world time : 00年01日21时39分
0:33:56  world time update--> 00年01日21时39分
0:34:1  world time : 00年01日21时40分
0:34:6  world time : 00年01日21时41分
0:34:11  world time : 00年01日21时42分
0:34:11  world time update--> 00年01日21时42分
0:34:16  world time : 00年01日21时43分
0:34:21  world time : 00年01日21时44分
0:34:26  world time : 00年01日21时45分
0:34:26  world time update--> 00年01日21时45分
0:34:31  world time : 00年01日21时46分
0:34:36  world time : 00年01日21时47分
0:34:41  world time : 00年01日21时48分
0:34:41  world time update--> 00年01日21时48分
0:34:46  world time : 00年01日21时49分
0:34:51  world time : 00年01日21时50分
0:34:56  world time : 00年01日21时51分
0:34:56  world time update--> 00年01日21时51分
0:35:1  world time : 00年01日21时52分
0:35:6  world time : 00年01日21时53分
0:35:11  world time : 00年01日21时54分
0:35:11  world time update--> 00年01日21时54分
0:35:16  world time : 00年01日21时55分
0:35:21  world time : 00年01日21时56分
0:35:26  world time : 00年01日21时57分
0:35:26  world time update--> 00年01日21时57分
0:35:31  world time : 00年01日21时58分
0:35:36  world time : 00年01日21时59分
0:35:41  world time : 00年01日22时00分
0:35:41  world time update--> 00年01日22时00分
0:35:46  world time : 00年01日22时01分
0:35:51  world time : 00年01日22时02分
0:35:56  world time : 00年01日22时03分
0:35:56  world time update--> 00年01日22时03分
0:36:1  world time : 00年01日22时04分
0:36:3  0bKwaqesvxHj2btrTBsh disconnect!
0:36:3  52e3e7e621cd27b412872063 join the game!
0:36:6  world time : 00年01日22时05分
0:36:11  world time : 00年01日22时06分
0:36:11  world time update--> 00年01日22时06分
0:36:16  world time : 00年01日22时07分
0:36:21  world time : 00年01日22时08分
0:36:26  world time : 00年01日22时09分
0:36:26  world time update--> 00年01日22时09分
0:36:31  world time : 00年01日22时10分
0:36:36  world time : 00年01日22时11分
0:36:41  world time : 00年01日22时12分
0:36:41  world time update--> 00年01日22时12分
0:36:46  world time : 00年01日22时13分
0:36:51  world time : 00年01日22时14分
0:36:56  world time : 00年01日22时15分
0:36:56  world time update--> 00年01日22时15分
0:37:1  world time : 00年01日22时16分
0:37:6  world time : 00年01日22时17分
0:37:11  world time : 00年01日22时18分
0:37:11  world time update--> 00年01日22时18分
0:37:16  world time : 00年01日22时19分
0:37:21  world time : 00年01日22时20分
0:37:26  world time : 00年01日22时21分
0:37:26  world time update--> 00年01日22时21分
0:37:31  world time : 00年01日22时22分
0:37:36  world time : 00年01日22时23分
0:37:41  world time : 00年01日22时24分
0:37:41  world time update--> 00年01日22时24分
0:37:46  world time : 00年01日22时25分
0:37:51  world time : 00年01日22时26分
0:37:56  world time : 00年01日22时27分
0:37:56  world time update--> 00年01日22时27分
0:38:1  world time : 00年01日22时28分
0:38:6  world time : 00年01日22时29分
0:38:11  world time : 00年01日22时30分
0:38:11  world time update--> 00年01日22时30分
0:38:16  world time : 00年01日22时31分
0:38:21  world time : 00年01日22时32分
0:38:26  world time : 00年01日22时33分
0:38:26  world time update--> 00年01日22时33分
0:38:31  world time : 00年01日22时34分
0:38:36  world time : 00年01日22时35分
0:38:41  world time : 00年01日22时36分
0:38:41  world time update--> 00年01日22时36分
0:38:47  world time : 00年01日22时37分
0:38:52  world time : 00年01日22时38分
0:38:53  izuTwCZomTuyvW-OTBsi disconnect!
0:38:53  52e3e7e621cd27b412872063 join the game!
0:38:57  world time : 00年01日22时39分
0:38:57  world time update--> 00年01日22时39分
0:39:2  world time : 00年01日22时40分
0:39:7  world time : 00年01日22时41分
0:39:12  world time : 00年01日22时42分
0:39:12  world time update--> 00年01日22时42分
0:39:15  LgAgQd0vD1hb1IofTBsj disconnect!
0:39:15  52e3e7e621cd27b412872063 join the game!
0:39:17  world time : 00年01日22时43分
0:39:22  world time : 00年01日22时44分
0:39:27  world time : 00年01日22时45分
0:39:27  world time update--> 00年01日22时45分
0:39:32  world time : 00年01日22时46分
0:39:37  world time : 00年01日22时47分
0:39:42  world time update--> 00年01日22时48分
0:39:42  world time : 00年01日22时48分
0:39:47  world time : 00年01日22时49分
0:39:52  world time : 00年01日22时50分
0:39:57  world time : 00年01日22时51分
0:39:57  world time update--> 00年01日22时51分
0:40:2  world time : 00年01日22时52分
0:40:7  world time : 00年01日22时53分
0:40:12  world time : 00年01日22时54分
0:40:12  world time update--> 00年01日22时54分
0:40:17  world time : 00年01日22时55分
0:40:22  world time : 00年01日22时56分
0:40:27  world time : 00年01日22时57分
0:40:27  world time update--> 00年01日22时57分
0:40:32  world time : 00年01日22时58分
0:40:37  world time : 00年01日22时59分
0:40:42  world time : 00年01日23时00分
0:40:42  world time update--> 00年01日23时00分
0:40:47  world time : 00年01日23时01分
0:40:52  world time : 00年01日23时02分
0:40:57  world time : 00年01日23时03分
0:40:57  world time update--> 00年01日23时03分
0:41:2  world time : 00年01日23时04分
0:41:7  world time : 00年01日23时05分
0:41:12  world time : 00年01日23时06分
0:41:12  world time update--> 00年01日23时06分
0:41:17  world time : 00年01日23时07分
0:41:22  world time : 00年01日23时08分
0:41:27  world time : 00年01日23时09分
0:41:27  world time update--> 00年01日23时09分
0:41:32  world time : 00年01日23时10分
0:41:37  world time : 00年01日23时11分
0:41:42  world time : 00年01日23时12分
0:41:42  world time update--> 00年01日23时12分
0:41:47  world time : 00年01日23时13分
0:41:52  world time : 00年01日23时14分
0:41:56  dSIYnzjNpDMlPTpmTBsk disconnect!
0:41:56  52e3e7e621cd27b412872063 join the game!
0:41:57  world time : 00年01日23时15分
0:41:57  world time update--> 00年01日23时15分
0:42:2  world time : 00年01日23时16分
0:42:7  world time : 00年01日23时17分
0:42:12  world time : 00年01日23时18分
0:42:12  world time update--> 00年01日23时18分
0:42:17  world time : 00年01日23时19分
0:42:22  world time : 00年01日23时20分
0:42:27  world time : 00年01日23时21分
0:42:27  world time update--> 00年01日23时21分
0:42:32  world time : 00年01日23时22分
0:42:37  world time : 00年01日23时23分
0:42:42  world time : 00年01日23时24分
0:42:42  world time update--> 00年01日23时24分
0:42:47  world time : 00年01日23时25分
0:42:52  world time : 00年01日23时26分
0:42:55  N60jJAnd-SxDkgHuTBsl disconnect!
0:42:55  52e3e7e621cd27b412872063 join the game!
0:42:57  world time : 00年01日23时27分
0:42:57  world time update--> 00年01日23时27分
0:43:2  world time : 00年01日23时28分
0:43:7  world time : 00年01日23时29分
0:43:8  Vfzp8rQnLEEbcw9yTBsm disconnect!
0:43:8  52e3e7e621cd27b412872063 join the game!
0:43:12  world time : 00年01日23时30分
0:43:12  world time update--> 00年01日23时30分
0:43:17  world time : 00年01日23时31分
0:43:22  world time : 00年01日23时32分
0:43:27  world time : 00年01日23时33分
0:43:27  world time update--> 00年01日23时33分
0:43:32  world time : 00年01日23时34分
0:43:37  world time : 00年01日23时35分
0:43:42  world time : 00年01日23时36分
0:43:42  world time update--> 00年01日23时36分
0:43:47  world time : 00年01日23时37分
0:43:52  world time : 00年01日23时38分
0:43:57  world time : 00年01日23时39分
0:43:57  world time update--> 00年01日23时39分
0:44:2  world time : 00年01日23时40分
0:44:7  world time : 00年01日23时41分
0:44:12  world time : 00年01日23时42分
0:44:12  world time update--> 00年01日23时42分
0:44:17  world time : 00年01日23时43分
0:44:22  world time : 00年01日23时44分
0:44:27  world time : 00年01日23时45分
0:44:27  world time update--> 00年01日23时45分
0:44:32  world time : 00年01日23时46分
0:44:37  world time : 00年01日23时47分
0:44:42  world time : 00年01日23时48分
0:44:42  world time update--> 00年01日23时48分
0:44:47  world time : 00年01日23时49分
0:44:52  world time : 00年01日23时50分
0:44:57  world time : 00年01日23时51分
0:44:57  world time update--> 00年01日23时51分
0:45:2  world time : 00年01日23时52分
0:45:7  world time : 00年01日23时53分
0:45:12  world time : 00年01日23时54分
0:45:12  world time update--> 00年01日23时54分
0:45:17  world time : 00年01日23时55分
0:45:22  world time : 00年01日23时56分
0:45:27  world time : 00年01日23时57分
0:45:27  world time update--> 00年01日23时57分
0:45:32  world time : 00年01日23时58分
0:45:37  world time : 00年01日23时59分
0:45:42  world time : 00年02日00时00分
0:45:42  world time update--> 00年02日00时00分
0:45:47  world time : 00年02日00时01分
0:45:52  world time : 00年02日00时02分
0:45:57  world time : 00年02日00时03分
0:45:57  world time update--> 00年02日00时03分
0:46:2  world time : 00年02日00时04分
0:46:7  world time : 00年02日00时05分
0:46:12  world time : 00年02日00时06分
0:46:12  world time update--> 00年02日00时06分
0:46:17  world time : 00年02日00时07分
0:46:22  world time : 00年02日00时08分
0:46:27  world time : 00年02日00时09分
0:46:27  world time update--> 00年02日00时09分
0:46:32  world time : 00年02日00时10分
0:46:37  world time : 00年02日00时11分
0:46:42  world time : 00年02日00时12分
0:46:42  world time update--> 00年02日00时12分
0:46:47  world time : 00年02日00时13分
0:46:52  world time : 00年02日00时14分
0:46:57  world time : 00年02日00时15分
0:46:57  world time update--> 00年02日00时15分
0:47:2  world time : 00年02日00时16分
0:47:7  world time : 00年02日00时17分
0:47:12  world time : 00年02日00时18分
0:47:12  world time update--> 00年02日00时18分
0:47:17  world time : 00年02日00时19分
0:47:22  world time : 00年02日00时20分
0:47:27  world time : 00年02日00时21分
0:47:27  world time update--> 00年02日00时21分
0:47:32  world time : 00年02日00时22分
0:47:37  world time : 00年02日00时23分
0:47:42  world time : 00年02日00时24分
0:47:42  world time update--> 00年02日00时24分
0:47:47  world time : 00年02日00时25分
0:47:52  world time : 00年02日00时26分
0:47:57  world time : 00年02日00时27分
0:47:57  world time update--> 00年02日00时27分
0:48:2  world time : 00年02日00时28分
0:48:7  world time : 00年02日00时29分
0:48:12  world time : 00年02日00时30分
0:48:12  world time update--> 00年02日00时30分
0:48:17  world time : 00年02日00时31分
0:48:22  world time : 00年02日00时32分
0:48:27  world time : 00年02日00时33分
0:48:27  world time update--> 00年02日00时33分
0:48:33  world time : 00年02日00时34分
0:48:38  world time : 00年02日00时35分
0:48:43  world time : 00年02日00时36分
0:48:43  world time update--> 00年02日00时36分
0:48:48  world time : 00年02日00时37分
0:48:53  world time : 00年02日00时38分
0:48:58  world time : 00年02日00时39分
0:48:58  world time update--> 00年02日00时39分
0:49:3  world time : 00年02日00时40分
0:49:8  world time : 00年02日00时41分
0:49:13  world time : 00年02日00时42分
0:49:13  world time update--> 00年02日00时42分
0:49:18  world time : 00年02日00时43分
0:49:23  world time : 00年02日00时44分
0:49:28  world time : 00年02日00时45分
0:49:28  world time update--> 00年02日00时45分
0:49:33  world time : 00年02日00时46分
0:49:38  world time : 00年02日00时47分
0:49:43  world time : 00年02日00时48分
0:49:43  world time update--> 00年02日00时48分
0:49:48  world time : 00年02日00时49分
0:49:53  world time : 00年02日00时50分
0:49:58  world time : 00年02日00时51分
0:49:58  world time update--> 00年02日00时51分
0:50:3  world time : 00年02日00时52分
0:50:8  world time : 00年02日00时53分
0:50:13  world time : 00年02日00时54分
0:50:13  world time update--> 00年02日00时54分
0:50:18  world time : 00年02日00时55分
0:50:23  world time : 00年02日00时56分
0:50:28  world time : 00年02日00时57分
0:50:28  world time update--> 00年02日00时57分
0:50:33  world time : 00年02日00时58分
0:50:38  world time : 00年02日00时59分
0:50:41  BtOJGhowmaARgRXJTBsn disconnect!
0:50:41  52e3e7e621cd27b412872063 join the game!
0:50:43  world time : 00年02日01时00分
0:50:43  world time update--> 00年02日01时00分
0:50:48  world time : 00年02日01时01分
0:50:53  world time : 00年02日01时02分
0:50:58  world time : 00年02日01时03分
0:50:58  world time update--> 00年02日01时03分
0:51:3  world time : 00年02日01时04分
0:51:8  world time : 00年02日01时05分
0:51:13  world time : 00年02日01时06分
0:51:13  world time update--> 00年02日01时06分
0:51:18  world time : 00年02日01时07分
0:51:23  world time : 00年02日01时08分
0:51:28  world time : 00年02日01时09分
0:51:28  world time update--> 00年02日01时09分
0:51:33  world time : 00年02日01时10分
0:51:38  world time : 00年02日01时11分
0:51:43  world time : 00年02日01时12分
0:51:43  world time update--> 00年02日01时12分
0:51:48  world time : 00年02日01时13分
0:51:53  world time : 00年02日01时14分
0:51:58  world time : 00年02日01时15分
0:51:58  world time update--> 00年02日01时15分
0:52:3  world time : 00年02日01时16分
0:52:3  QpT2wqmoKnHUemMiTBso disconnect!
0:52:3  52e3e7e621cd27b412872063 join the game!
0:52:8  world time : 00年02日01时17分
0:52:13  world time : 00年02日01时18分
0:52:13  world time update--> 00年02日01时18分
0:52:18  world time : 00年02日01时19分
0:52:23  world time : 00年02日01时20分
0:52:28  world time : 00年02日01时21分
0:52:28  world time update--> 00年02日01时21分
0:52:33  world time : 00年02日01时22分
0:52:38  world time : 00年02日01时23分
0:52:43  world time : 00年02日01时24分
0:52:43  world time update--> 00年02日01时24分
0:52:48  world time : 00年02日01时25分
0:52:53  world time : 00年02日01时26分
0:52:58  world time : 00年02日01时27分
0:52:58  world time update--> 00年02日01时27分
0:53:3  world time : 00年02日01时28分
0:53:8  world time : 00年02日01时29分
0:53:13  world time update--> 00年02日01时30分
0:53:13  world time : 00年02日01时30分
0:53:18  world time : 00年02日01时31分
0:53:23  world time : 00年02日01时32分
0:53:28  world time : 00年02日01时33分
0:53:28  world time update--> 00年02日01时33分
0:53:33  world time : 00年02日01时34分
0:53:38  world time : 00年02日01时35分
0:53:43  world time : 00年02日01时36分
0:53:43  world time update--> 00年02日01时36分
0:53:48  world time : 00年02日01时37分
0:53:53  world time : 00年02日01时38分
0:53:58  world time : 00年02日01时39分
0:53:58  world time update--> 00年02日01时39分
0:54:3  world time : 00年02日01时40分
0:54:8  world time : 00年02日01时41分
0:54:13  world time : 00年02日01时42分
0:54:13  world time update--> 00年02日01时42分
0:54:18  world time : 00年02日01时43分
0:54:23  world time : 00年02日01时44分
0:54:28  world time : 00年02日01时45分
0:54:28  world time update--> 00年02日01时45分
0:54:33  world time : 00年02日01时46分
0:54:38  world time : 00年02日01时47分
0:54:43  world time : 00年02日01时48分
0:54:43  world time update--> 00年02日01时48分
0:54:48  world time : 00年02日01时49分
0:54:53  world time : 00年02日01时50分
0:54:58  world time : 00年02日01时51分
0:54:58  world time update--> 00年02日01时51分
0:55:3  world time : 00年02日01时52分
0:55:8  world time : 00年02日01时53分
0:55:13  world time : 00年02日01时54分
0:55:13  world time update--> 00年02日01时54分
0:55:18  world time : 00年02日01时55分
0:55:23  world time : 00年02日01时56分
0:55:28  world time : 00年02日01时57分
0:55:28  world time update--> 00年02日01时57分
0:55:33  world time : 00年02日01时58分
0:55:38  world time : 00年02日01时59分
0:55:43  world time : 00年02日02时00分
0:55:43  world time update--> 00年02日02时00分
0:55:48  world time : 00年02日02时01分
0:55:53  world time : 00年02日02时02分
0:55:58  world time : 00年02日02时03分
0:55:58  world time update--> 00年02日02时03分
0:56:3  world time : 00年02日02时04分
0:56:8  world time : 00年02日02时05分
0:56:13  world time : 00年02日02时06分
0:56:13  world time update--> 00年02日02时06分
0:56:18  world time : 00年02日02时07分
0:56:23  world time : 00年02日02时08分
0:56:28  world time : 00年02日02时09分
0:56:28  world time update--> 00年02日02时09分
0:56:33  world time : 00年02日02时10分
0:56:38  world time : 00年02日02时11分
0:56:43  world time : 00年02日02时12分
0:56:43  world time update--> 00年02日02时12分
0:56:48  world time : 00年02日02时13分
0:56:53  world time : 00年02日02时14分
0:56:58  world time : 00年02日02时15分
0:56:58  world time update--> 00年02日02时15分
0:57:3  world time : 00年02日02时16分
0:57:8  world time : 00年02日02时17分
0:57:13  world time : 00年02日02时18分
0:57:13  world time update--> 00年02日02时18分
0:57:18  world time : 00年02日02时19分
0:57:23  world time : 00年02日02时20分
0:57:28  world time : 00年02日02时21分
0:57:28  world time update--> 00年02日02时21分
0:57:33  world time : 00年02日02时22分
0:57:38  world time : 00年02日02时23分
0:57:43  world time : 00年02日02时24分
0:57:43  world time update--> 00年02日02时24分
0:57:48  world time : 00年02日02时25分
0:57:53  world time : 00年02日02时26分
0:57:58  world time : 00年02日02时27分
0:57:58  world time update--> 00年02日02时27分
0:58:3  world time : 00年02日02时28分
0:58:8  world time : 00年02日02时29分
0:58:13  world time : 00年02日02时30分
0:58:13  world time update--> 00年02日02时30分
0:58:18  world time : 00年02日02时31分
0:58:24  world time : 00年02日02时32分
0:58:29  world time : 00年02日02时33分
0:58:29  world time update--> 00年02日02时33分
0:58:34  world time : 00年02日02时34分
0:58:39  world time : 00年02日02时35分
0:58:44  world time : 00年02日02时36分
0:58:44  world time update--> 00年02日02时36分
0:58:49  world time : 00年02日02时37分
0:58:54  world time : 00年02日02时38分
0:58:59  world time : 00年02日02时39分
0:58:59  world time update--> 00年02日02时39分
0:59:4  world time : 00年02日02时40分
0:59:9  world time : 00年02日02时41分
0:59:14  world time : 00年02日02时42分
0:59:14  world time update--> 00年02日02时42分
0:59:19  world time : 00年02日02时43分
0:59:24  world time : 00年02日02时44分
0:59:29  world time : 00年02日02时45分
0:59:29  world time update--> 00年02日02时45分
0:59:34  world time : 00年02日02时46分
0:59:39  world time : 00年02日02时47分
0:59:44  world time : 00年02日02时48分
0:59:44  world time update--> 00年02日02时48分
0:59:49  world time : 00年02日02时49分
0:59:54  world time : 00年02日02时50分
0:59:59  world time : 00年02日02时51分
0:59:59  world time update--> 00年02日02时51分
1:0:4  world time : 00年02日02时52分
1:0:9  world time : 00年02日02时53分
1:0:14  world time update--> 00年02日02时54分
1:0:14  world time : 00年02日02时54分
1:0:19  world time : 00年02日02时55分
1:0:24  world time : 00年02日02时56分
1:0:29  world time : 00年02日02时57分
1:0:29  world time update--> 00年02日02时57分
1:0:34  world time : 00年02日02时58分
1:0:39  world time : 00年02日02时59分
1:0:44  world time : 00年02日03时00分
1:0:44  world time update--> 00年02日03时00分
1:0:49  world time : 00年02日03时01分
1:0:54  world time : 00年02日03时02分
1:0:59  world time : 00年02日03时03分
1:0:59  world time update--> 00年02日03时03分
1:1:4  world time : 00年02日03时04分
1:1:9  world time : 00年02日03时05分
1:1:14  world time : 00年02日03时06分
1:1:14  world time update--> 00年02日03时06分
1:1:19  world time : 00年02日03时07分
1:1:24  world time : 00年02日03时08分
1:1:29  world time : 00年02日03时09分
1:1:29  world time update--> 00年02日03时09分
1:1:34  world time : 00年02日03时10分
1:1:39  world time : 00年02日03时11分
1:1:44  world time : 00年02日03时12分
1:1:44  world time update--> 00年02日03时12分
1:1:49  world time : 00年02日03时13分
1:1:54  world time : 00年02日03时14分
1:1:59  _9esi_cLtdLzF6gGTBsp disconnect!
1:1:59  52e3e7e621cd27b412872063 join the game!
1:1:59  world time : 00年02日03时15分
1:1:59  world time update--> 00年02日03时15分
1:2:4  world time : 00年02日03时16分
1:2:9  world time : 00年02日03时17分
1:2:14  world time : 00年02日03时18分
1:2:14  world time update--> 00年02日03时18分
1:2:19  world time : 00年02日03时19分
1:2:24  world time : 00年02日03时20分
1:2:29  world time : 00年02日03时21分
1:2:29  world time update--> 00年02日03时21分
1:2:59  server on
1:3:4  world time : 00年02日03时22分
1:3:9  world time : 00年02日03时23分
1:3:14  world time : 00年02日03时24分
1:3:14  world time update--> 00年02日03时24分
1:3:19  world time : 00年02日03时25分
1:3:24  world time : 00年02日03时26分
1:3:26  server on
1:3:29  l9t2EGSNuBsohY0G2rpL disconnect!
1:3:31  world time : 00年02日03时25分
1:3:34  52ecae74de76df040b09cccc join the game!
1:3:36  world time : 00年02日03时26分
1:3:41  world time : 00年02日03时27分
1:3:41  world time update--> 00年02日03时27分
1:3:46  world time : 00年02日03时28分
1:3:51  world time : 00年02日03时29分
1:3:56  world time : 00年02日03时30分
1:3:56  world time update--> 00年02日03时30分
1:4:0  UN6-vlbmLftydPJ32rpM disconnect!
1:4:0  52ecae74de76df040b09cccc join the game!
1:4:1  world time : 00年02日03时31分
1:4:6  world time : 00年02日03时32分
1:4:11  world time : 00年02日03时33分
1:4:11  world time update--> 00年02日03时33分
1:4:16  world time : 00年02日03时34分
1:4:21  world time : 00年02日03时35分
1:4:26  world time : 00年02日03时36分
1:4:26  world time update--> 00年02日03时36分
1:4:31  world time : 00年02日03时37分
1:20:4  server on
1:20:9  world time : 00年02日03时37分
1:20:14  world time : 00年02日03时38分
1:20:14  52ecae74de76df040b09cccc join the game!
1:20:19  world time : 00年02日03时39分
1:20:19  world time update--> 00年02日03时39分
1:20:24  world time : 00年02日03时40分
1:20:29  world time : 00年02日03时41分
1:20:34  world time : 00年02日03时42分
1:20:34  world time update--> 00年02日03时42分
1:20:39  world time : 00年02日03时43分
1:20:44  world time : 00年02日03时44分
1:20:49  world time : 00年02日03时45分
1:20:49  world time update--> 00年02日03时45分
1:20:54  world time : 00年02日03时46分
1:20:59  world time : 00年02日03时47分
1:21:4  world time : 00年02日03时48分
1:21:4  world time update--> 00年02日03时48分
1:21:8  jN6wSHFSSJ0VNpIr6fMW disconnect!
1:21:9  52ecae74de76df040b09cccc join the game!
1:21:9  world time : 00年02日03时49分
1:21:14  world time : 00年02日03时50分
1:21:19  world time : 00年02日03时51分
1:21:19  world time update--> 00年02日03时51分
1:21:24  world time : 00年02日03时52分
1:21:29  world time : 00年02日03时53分
1:21:34  world time : 00年02日03时54分
1:21:34  world time update--> 00年02日03时54分
1:21:39  world time : 00年02日03时55分
1:21:44  world time : 00年02日03时56分
1:21:49  world time : 00年02日03时57分
1:21:49  world time update--> 00年02日03时57分
1:21:54  world time : 00年02日03时58分
1:21:59  world time : 00年02日03时59分
1:22:4  world time : 00年02日04时00分
1:22:4  world time update--> 00年02日04时00分
1:22:9  world time : 00年02日04时01分
1:22:14  world time : 00年02日04时02分
1:22:19  world time : 00年02日04时03分
1:22:19  world time update--> 00年02日04时03分
1:22:24  world time : 00年02日04时04分
1:22:29  world time : 00年02日04时05分
1:22:34  world time : 00年02日04时06分
1:22:34  world time update--> 00年02日04时06分
1:22:39  world time : 00年02日04时07分
1:22:44  world time : 00年02日04时08分
1:22:49  world time : 00年02日04时09分
1:22:49  world time update--> 00年02日04时09分
1:22:54  world time : 00年02日04时10分
1:22:59  world time : 00年02日04时11分
1:23:4  world time update--> 00年02日04时12分
1:23:4  world time : 00年02日04时12分
1:23:9  world time : 00年02日04时13分
1:23:14  world time : 00年02日04时14分
1:23:19  world time : 00年02日04时15分
1:23:19  world time update--> 00年02日04时15分
1:23:24  world time : 00年02日04时16分
1:23:29  world time : 00年02日04时17分
1:23:32  8ZA6ZpZEOY_Ji6hT6fMX disconnect!
1:23:32  52ecae74de76df040b09cccc join the game!
1:23:34  world time : 00年02日04时18分
1:23:34  world time update--> 00年02日04时18分
1:23:39  world time : 00年02日04时19分
1:23:44  world time : 00年02日04时20分
1:23:49  world time : 00年02日04时21分
1:23:49  world time update--> 00年02日04时21分
1:23:54  world time : 00年02日04时22分
1:23:59  world time : 00年02日04时23分
1:24:4  world time : 00年02日04时24分
1:24:4  world time update--> 00年02日04时24分
1:24:9  world time : 00年02日04时25分
1:24:14  world time : 00年02日04时26分
1:24:19  world time : 00年02日04时27分
1:24:19  world time update--> 00年02日04时27分
1:24:24  world time : 00年02日04时28分
1:24:29  world time : 00年02日04时29分
1:24:34  world time : 00年02日04时30分
1:24:34  world time update--> 00年02日04时30分
1:24:39  world time : 00年02日04时31分
1:24:44  world time : 00年02日04时32分
1:24:49  world time : 00年02日04时33分
1:24:49  world time update--> 00年02日04时33分
1:24:54  world time : 00年02日04时34分
1:24:59  world time : 00年02日04时35分
1:25:4  world time : 00年02日04时36分
1:25:4  world time update--> 00年02日04时36分
1:25:9  world time : 00年02日04时37分
1:25:14  world time : 00年02日04时38分
1:25:19  world time : 00年02日04时39分
1:25:19  world time update--> 00年02日04时39分
1:25:24  world time : 00年02日04时40分
1:25:30  world time : 00年02日04时41分
1:25:35  world time : 00年02日04时42分
1:25:35  world time update--> 00年02日04时42分
1:25:40  world time : 00年02日04时43分
1:25:45  world time : 00年02日04时44分
1:25:50  world time : 00年02日04时45分
1:25:50  world time update--> 00年02日04时45分
1:25:55  world time : 00年02日04时46分
1:26:0  world time : 00年02日04时47分
1:26:5  world time : 00年02日04时48分
1:26:5  world time update--> 00年02日04时48分
1:26:10  world time : 00年02日04时49分
1:26:15  world time : 00年02日04时50分
1:26:20  world time : 00年02日04时51分
1:26:20  world time update--> 00年02日04时51分
1:26:25  world time : 00年02日04时52分
1:26:30  world time : 00年02日04时53分
1:26:35  world time : 00年02日04时54分
1:26:35  world time update--> 00年02日04时54分
1:26:40  world time : 00年02日04时55分
1:26:45  world time : 00年02日04时56分
1:26:50  world time : 00年02日04时57分
1:26:50  world time update--> 00年02日04时57分
1:26:55  world time : 00年02日04时58分
1:27:0  world time : 00年02日04时59分
1:27:5  world time : 00年02日05时00分
1:27:5  world time update--> 00年02日05时00分
1:27:10  world time : 00年02日05时01分
1:27:15  world time : 00年02日05时02分
1:27:20  world time : 00年02日05时03分
1:27:20  world time update--> 00年02日05时03分
1:27:25  world time : 00年02日05时04分
1:27:30  world time : 00年02日05时05分
1:27:35  world time : 00年02日05时06分
1:27:35  world time update--> 00年02日05时06分
1:27:40  world time : 00年02日05时07分
1:27:45  world time : 00年02日05时08分
1:27:50  world time : 00年02日05时09分
1:27:50  world time update--> 00年02日05时09分
1:27:55  world time : 00年02日05时10分
1:28:0  world time : 00年02日05时11分
1:28:5  world time : 00年02日05时12分
1:28:5  world time update--> 00年02日05时12分
1:28:10  world time : 00年02日05时13分
1:28:15  world time : 00年02日05时14分
1:28:20  world time : 00年02日05时15分
1:28:20  world time update--> 00年02日05时15分
1:28:25  world time : 00年02日05时16分
1:28:30  world time : 00年02日05时17分
1:28:35  world time : 00年02日05时18分
1:28:35  world time update--> 00年02日05时18分
1:28:40  world time : 00年02日05时19分
1:28:45  world time : 00年02日05时20分
1:28:50  world time : 00年02日05时21分
1:28:50  world time update--> 00年02日05时21分
1:28:55  world time : 00年02日05时22分
1:29:0  world time : 00年02日05时23分
1:29:5  world time : 00年02日05时24分
1:29:5  world time update--> 00年02日05时24分
1:29:10  world time : 00年02日05时25分
1:29:15  world time : 00年02日05时26分
1:29:20  world time : 00年02日05时27分
1:29:20  world time update--> 00年02日05时27分
1:29:25  QJ08Fsw6FF38Q7-H6fMY disconnect!
1:29:25  world time : 00年02日05时28分
1:29:25  52ecae74de76df040b09cccc join the game!
1:29:30  world time : 00年02日05时29分
1:29:35  world time : 00年02日05时30分
1:29:35  world time update--> 00年02日05时30分
1:29:40  world time : 00年02日05时31分
1:29:45  world time : 00年02日05时32分
1:29:50  world time : 00年02日05时33分
1:29:50  world time update--> 00年02日05时33分
1:29:55  world time : 00年02日05时34分
1:30:0  world time : 00年02日05时35分
1:30:5  world time : 00年02日05时36分
1:30:5  world time update--> 00年02日05时36分
1:30:10  world time : 00年02日05时37分
1:30:15  world time : 00年02日05时38分
1:30:19  T_UGTp0QqQpW-qjF6fMZ disconnect!
1:30:19  52ecae74de76df040b09cccc join the game!
1:30:20  world time : 00年02日05时39分
1:30:20  world time update--> 00年02日05时39分
1:30:25  world time : 00年02日05时40分
1:30:30  world time : 00年02日05时41分
1:30:35  world time : 00年02日05时42分
1:30:35  world time update--> 00年02日05时42分
1:30:40  world time : 00年02日05时43分
1:30:45  world time : 00年02日05时44分
1:30:50  world time : 00年02日05时45分
1:30:50  world time update--> 00年02日05时45分
1:30:55  world time : 00年02日05时46分
1:31:0  world time : 00年02日05时47分
1:31:2  bToVLkPFQBm0PY2h6fMa disconnect!
1:31:2  52ecae74de76df040b09cccc join the game!
1:31:5  world time : 00年02日05时48分
1:31:5  world time update--> 00年02日05时48分
1:31:10  world time : 00年02日05时49分
1:31:15  world time : 00年02日05时50分
1:31:16  OEnsp2zqCFssNE8M6fMb disconnect!
1:31:17  52ecae74de76df040b09cccc join the game!
1:31:20  world time : 00年02日05时51分
1:31:20  world time update--> 00年02日05时51分
1:31:25  world time : 00年02日05时52分
1:31:30  world time : 00年02日05时53分
1:31:35  world time : 00年02日05时54分
1:31:35  world time update--> 00年02日05时54分
1:31:40  world time : 00年02日05时55分
1:31:45  world time : 00年02日05时56分
1:31:50  world time : 00年02日05时57分
1:31:50  world time update--> 00年02日05时57分
1:31:55  world time : 00年02日05时58分
1:32:0  world time : 00年02日05时59分
1:32:5  world time : 00年02日06时00分
1:32:5  world time update--> 00年02日06时00分
1:32:10  world time : 00年02日06时01分
1:32:15  world time : 00年02日06时02分
1:32:20  world time : 00年02日06时03分
1:32:20  world time update--> 00年02日06时03分
1:32:25  world time : 00年02日06时04分
1:32:30  world time : 00年02日06时05分
1:32:35  world time : 00年02日06时06分
1:32:35  world time update--> 00年02日06时06分
1:32:40  world time : 00年02日06时07分
1:32:45  world time : 00年02日06时08分
1:32:50  world time : 00年02日06时09分
1:32:50  world time update--> 00年02日06时09分
1:32:55  world time : 00年02日06时10分
1:33:0  world time : 00年02日06时11分
1:33:5  world time : 00年02日06时12分
1:33:5  world time update--> 00年02日06时12分
1:33:10  world time : 00年02日06时13分
1:33:15  world time : 00年02日06时14分
1:33:20  world time : 00年02日06时15分
1:33:20  world time update--> 00年02日06时15分
1:33:25  world time : 00年02日06时16分
1:33:30  world time : 00年02日06时17分
1:33:35  world time : 00年02日06时18分
1:33:35  world time update--> 00年02日06时18分
1:33:40  world time : 00年02日06时19分
1:33:45  world time : 00年02日06时20分
1:33:50  world time : 00年02日06时21分
1:33:50  world time update--> 00年02日06时21分
1:33:55  world time : 00年02日06时22分
1:34:0  world time : 00年02日06时23分
1:34:5  world time : 00年02日06时24分
1:34:5  world time update--> 00年02日06时24分
1:34:10  world time : 00年02日06时25分
1:34:15  world time : 00年02日06时26分
1:34:20  world time : 00年02日06时27分
1:34:20  world time update--> 00年02日06时27分
1:34:25  world time : 00年02日06时28分
1:34:30  world time : 00年02日06时29分
1:34:35  world time : 00年02日06时30分
1:34:35  world time update--> 00年02日06时30分
1:34:41  world time : 00年02日06时31分
1:34:46  world time : 00年02日06时32分
1:34:51  world time : 00年02日06时33分
1:34:51  world time update--> 00年02日06时33分
1:34:56  world time : 00年02日06时34分
1:35:1  world time : 00年02日06时35分
1:35:6  world time : 00年02日06时36分
1:35:6  world time update--> 00年02日06时36分
1:35:11  world time : 00年02日06时37分
1:35:16  world time : 00年02日06时38分
1:35:21  world time : 00年02日06时39分
1:35:21  world time update--> 00年02日06时39分
1:35:26  world time : 00年02日06时40分
1:35:31  world time : 00年02日06时41分
1:35:36  world time : 00年02日06时42分
1:35:36  world time update--> 00年02日06时42分
1:35:41  world time : 00年02日06时43分
1:35:46  world time : 00年02日06时44分
1:35:51  world time : 00年02日06时45分
1:35:51  world time update--> 00年02日06时45分
1:35:56  world time : 00年02日06时46分
1:36:1  world time : 00年02日06时47分
1:36:6  world time update--> 00年02日06时48分
1:36:6  world time : 00年02日06时48分
1:36:11  world time : 00年02日06时49分
1:36:16  world time : 00年02日06时50分
1:36:18  lDVLb1Vvhp9vRGuy6fMc disconnect!
1:36:19  52ecae74de76df040b09cccc join the game!
1:36:21  world time : 00年02日06时51分
1:36:21  world time update--> 00年02日06时51分
1:36:22  YY5apsG5bZ5uxNdZ6fMd say to world : h
1:36:26  world time : 00年02日06时52分
1:36:31  world time : 00年02日06时53分
1:39:16  server on
1:39:20  d1IwTrA6wbhZEmL6-4dy start monitor!
1:39:21  world time : 00年02日06时52分
1:39:26  world time : 00年02日06时53分
1:39:29  52ecae74de76df040b09cccc join the game!
1:39:31  world time : 00年02日06时54分
1:39:31  world time update--> 00年02日06时54分
1:39:33  foYlGc1u0Wn_tyLR-4dz say to world : asa
1:39:36  world time : 00年02日06时55分
1:39:41  world time : 00年02日06时56分
1:39:46  world time : 00年02日06时57分
1:39:46  world time update--> 00年02日06时57分
1:39:51  world time : 00年02日06时58分
1:39:56  world time : 00年02日06时59分
1:40:1  world time : 00年02日07时00分
1:40:1  world time update--> 00年02日07时00分
1:40:6  world time : 00年02日07时01分
1:40:11  world time : 00年02日07时02分
1:40:16  world time : 00年02日07时03分
1:40:16  world time update--> 00年02日07时03分
1:40:21  world time : 00年02日07时04分
1:40:26  world time : 00年02日07时05分
1:40:31  world time : 00年02日07时06分
1:40:31  world time update--> 00年02日07时06分
1:40:36  world time : 00年02日07时07分
1:40:41  world time : 00年02日07时08分
1:40:46  world time : 00年02日07时09分
1:40:46  world time update--> 00年02日07时09分
1:40:51  world time : 00年02日07时10分
1:40:56  world time : 00年02日07时11分
1:41:1  world time : 00年02日07时12分
1:41:1  world time update--> 00年02日07时12分
1:41:6  world time : 00年02日07时13分
1:41:11  world time : 00年02日07时14分
1:41:16  world time : 00年02日07时15分
1:41:16  world time update--> 00年02日07时15分
1:41:21  world time : 00年02日07时16分
1:41:26  world time : 00年02日07时17分
1:41:31  world time : 00年02日07时18分
1:41:31  world time update--> 00年02日07时18分
1:41:36  world time : 00年02日07时19分
1:41:41  world time : 00年02日07时20分
1:41:46  world time : 00年02日07时21分
1:41:46  world time update--> 00年02日07时21分
1:41:51  world time : 00年02日07时22分
1:41:56  world time : 00年02日07时23分
1:42:2  world time : 00年02日07时24分
1:42:2  world time update--> 00年02日07时24分
1:42:7  world time : 00年02日07时25分
1:42:12  world time : 00年02日07时26分
1:42:17  world time : 00年02日07时27分
1:42:17  world time update--> 00年02日07时27分
1:42:22  world time : 00年02日07时28分
1:42:27  world time : 00年02日07时29分
1:42:32  world time : 00年02日07时30分
1:42:32  world time update--> 00年02日07时30分
1:42:37  world time : 00年02日07时31分
1:42:42  world time : 00年02日07时32分
1:42:47  world time : 00年02日07时33分
1:42:47  world time update--> 00年02日07时33分
1:42:52  world time : 00年02日07时34分
1:42:57  world time : 00年02日07时35分
1:43:2  world time : 00年02日07时36分
1:43:2  world time update--> 00年02日07时36分
1:43:7  world time : 00年02日07时37分
1:43:12  world time : 00年02日07时38分
1:43:17  world time : 00年02日07时39分
1:43:17  world time update--> 00年02日07时39分
1:43:22  world time : 00年02日07时40分
1:43:27  world time : 00年02日07时41分
1:43:32  world time : 00年02日07时42分
1:43:32  world time update--> 00年02日07时42分
1:43:37  world time : 00年02日07时43分
1:43:42  world time : 00年02日07时44分
1:43:47  world time : 00年02日07时45分
1:43:47  world time update--> 00年02日07时45分
1:43:52  world time : 00年02日07时46分
1:43:57  world time : 00年02日07时47分
1:44:2  world time : 00年02日07时48分
1:44:2  world time update--> 00年02日07时48分
1:44:7  world time : 00年02日07时49分
1:44:12  world time : 00年02日07时50分
1:44:17  world time : 00年02日07时51分
1:44:17  world time update--> 00年02日07时51分
1:44:22  world time : 00年02日07时52分
1:44:27  world time : 00年02日07时53分
1:44:32  world time : 00年02日07时54分
1:44:32  world time update--> 00年02日07时54分
1:44:37  world time : 00年02日07时55分
1:44:42  world time : 00年02日07时56分
1:44:47  world time : 00年02日07时57分
1:44:47  world time update--> 00年02日07时57分
1:44:52  world time : 00年02日07时58分
1:44:57  world time : 00年02日07时59分
1:45:2  world time : 00年02日08时00分
1:45:2  world time update--> 00年02日08时00分
1:45:7  world time : 00年02日08时01分
1:45:12  world time : 00年02日08时02分
1:45:17  world time : 00年02日08时03分
1:45:17  world time update--> 00年02日08时03分
1:45:22  world time : 00年02日08时04分
1:45:27  world time : 00年02日08时05分
1:45:32  world time : 00年02日08时06分
1:45:32  world time update--> 00年02日08时06分
1:45:37  world time : 00年02日08时07分
1:45:42  world time : 00年02日08时08分
1:45:47  world time : 00年02日08时09分
1:45:47  world time update--> 00年02日08时09分
1:45:52  world time : 00年02日08时10分
1:45:57  world time : 00年02日08时11分
1:46:2  world time : 00年02日08时12分
1:46:2  world time update--> 00年02日08时12分
1:46:7  world time : 00年02日08时13分
1:46:12  world time : 00年02日08时14分
1:46:17  world time : 00年02日08时15分
1:46:17  world time update--> 00年02日08时15分
1:46:22  world time : 00年02日08时16分
1:46:27  world time : 00年02日08时17分
1:46:32  world time : 00年02日08时18分
1:46:32  world time update--> 00年02日08时18分
1:46:37  world time : 00年02日08时19分
1:46:42  world time : 00年02日08时20分
1:46:47  world time : 00年02日08时21分
1:46:47  world time update--> 00年02日08时21分
1:46:52  world time : 00年02日08时22分
1:46:57  world time : 00年02日08时23分
1:47:2  world time : 00年02日08时24分
1:47:2  world time update--> 00年02日08时24分
1:47:7  world time : 00年02日08时25分
1:47:13  world time : 00年02日08时26分
1:47:18  world time : 00年02日08时27分
1:47:18  world time update--> 00年02日08时27分
1:47:23  world time : 00年02日08时28分
1:47:28  world time : 00年02日08时29分
1:47:33  world time : 00年02日08时30分
1:47:33  world time update--> 00年02日08时30分
1:47:38  world time : 00年02日08时31分
1:47:43  world time : 00年02日08时32分
1:47:48  world time : 00年02日08时33分
1:47:48  world time update--> 00年02日08时33分
1:47:53  world time : 00年02日08时34分
1:47:58  world time : 00年02日08时35分
1:48:3  world time : 00年02日08时36分
1:48:3  world time update--> 00年02日08时36分
1:48:8  world time : 00年02日08时37分
1:48:13  world time : 00年02日08时38分
1:48:18  world time : 00年02日08时39分
1:48:18  world time update--> 00年02日08时39分
1:48:23  world time : 00年02日08时40分
1:48:28  world time : 00年02日08时41分
1:48:33  world time : 00年02日08时42分
1:48:33  world time update--> 00年02日08时42分
1:48:38  world time : 00年02日08时43分
1:48:43  world time : 00年02日08时44分
1:48:48  world time : 00年02日08时45分
1:48:48  world time update--> 00年02日08时45分
1:48:53  world time : 00年02日08时46分
1:48:58  world time : 00年02日08时47分
1:49:3  world time : 00年02日08时48分
1:49:3  world time update--> 00年02日08时48分
1:49:8  world time : 00年02日08时49分
1:49:13  world time : 00年02日08时50分
1:49:18  world time : 00年02日08时51分
1:49:18  world time update--> 00年02日08时51分
1:49:23  world time : 00年02日08时52分
1:49:28  world time : 00年02日08时53分
1:49:33  world time : 00年02日08时54分
1:49:33  world time update--> 00年02日08时54分
1:49:38  world time : 00年02日08时55分
1:49:43  world time : 00年02日08时56分
1:49:48  world time : 00年02日08时57分
1:49:48  world time update--> 00年02日08时57分
1:49:52  d1IwTrA6wbhZEmL6-4dy disconnect!
1:49:52  O8DbhEZTVVmVduW2-4d0 start monitor!
1:49:53  world time : 00年02日08时58分
1:49:58  world time : 00年02日08时59分
1:50:3  world time : 00年02日09时00分
1:50:3  world time update--> 00年02日09时00分
1:50:8  world time : 00年02日09时01分
1:50:13  world time : 00年02日09时02分
1:50:18  world time : 00年02日09时03分
1:50:18  world time update--> 00年02日09时03分
1:50:23  world time : 00年02日09时04分
1:50:28  world time : 00年02日09时05分
1:50:33  world time : 00年02日09时06分
1:50:33  world time update--> 00年02日09时06分
1:50:38  world time : 00年02日09时07分
1:50:43  world time : 00年02日09时08分
1:50:48  world time : 00年02日09时09分
1:50:48  world time update--> 00年02日09时09分
1:50:53  world time : 00年02日09时10分
1:50:58  world time : 00年02日09时11分
1:51:3  world time : 00年02日09时12分
1:51:3  world time update--> 00年02日09时12分
1:51:8  world time : 00年02日09时13分
1:51:13  world time : 00年02日09时14分
1:51:18  world time : 00年02日09时15分
1:51:18  world time update--> 00年02日09时15分
1:51:23  world time : 00年02日09时16分
1:51:28  world time : 00年02日09时17分
1:51:33  world time : 00年02日09时18分
1:51:33  world time update--> 00年02日09时18分
1:51:38  world time : 00年02日09时19分
1:51:43  world time : 00年02日09时20分
1:51:48  world time : 00年02日09时21分
1:51:48  world time update--> 00年02日09时21分
1:51:53  world time : 00年02日09时22分
1:51:58  world time : 00年02日09时23分
1:52:3  world time : 00年02日09时24分
1:52:3  world time update--> 00年02日09时24分
1:52:8  world time : 00年02日09时25分
1:52:13  world time : 00年02日09时26分
1:52:19  world time : 00年02日09时27分
1:52:19  world time update--> 00年02日09时27分
1:52:24  world time : 00年02日09时28分
1:52:29  world time : 00年02日09时29分
1:52:34  world time : 00年02日09时30分
1:52:34  world time update--> 00年02日09时30分
1:52:39  world time : 00年02日09时31分
1:52:44  world time : 00年02日09时32分
1:52:49  world time : 00年02日09时33分
1:52:49  world time update--> 00年02日09时33分
1:52:54  world time : 00年02日09时34分
1:52:59  world time : 00年02日09时35分
1:53:4  world time : 00年02日09时36分
1:53:4  world time update--> 00年02日09时36分
1:53:9  world time : 00年02日09时37分
1:53:14  world time : 00年02日09时38分
1:53:19  world time : 00年02日09时39分
1:53:19  world time update--> 00年02日09时39分
1:53:24  world time : 00年02日09时40分
1:53:29  world time : 00年02日09时41分
1:53:34  world time : 00年02日09时42分
1:53:34  world time update--> 00年02日09时42分
1:53:39  world time : 00年02日09时43分
1:53:44  world time : 00年02日09时44分
1:53:49  world time : 00年02日09时45分
1:53:49  world time update--> 00年02日09时45分
1:53:54  world time : 00年02日09时46分
1:53:59  world time : 00年02日09时47分
1:54:4  world time : 00年02日09时48分
1:54:4  world time update--> 00年02日09时48分
1:54:9  world time : 00年02日09时49分
1:54:14  world time : 00年02日09时50分
1:54:19  world time : 00年02日09时51分
1:54:19  world time update--> 00年02日09时51分
1:54:24  world time : 00年02日09时52分
1:54:29  world time : 00年02日09时53分
1:54:34  world time : 00年02日09时54分
1:54:34  world time update--> 00年02日09时54分
1:54:39  world time : 00年02日09时55分
1:54:44  world time : 00年02日09时56分
1:54:49  world time : 00年02日09时57分
1:54:49  world time update--> 00年02日09时57分
1:54:54  world time : 00年02日09时58分
1:54:59  world time : 00年02日09时59分
1:55:4  world time : 00年02日10时00分
1:55:4  world time update--> 00年02日10时00分
1:55:9  world time : 00年02日10时01分
1:55:14  world time : 00年02日10时02分
1:55:19  world time : 00年02日10时03分
1:55:19  world time update--> 00年02日10时03分
1:55:24  world time : 00年02日10时04分
1:55:29  world time : 00年02日10时05分
1:55:34  world time : 00年02日10时06分
1:55:34  world time update--> 00年02日10时06分
1:55:39  world time : 00年02日10时07分
1:55:44  world time : 00年02日10时08分
1:55:49  world time : 00年02日10时09分
1:55:49  world time update--> 00年02日10时09分
1:55:54  world time : 00年02日10时10分
1:55:59  world time : 00年02日10时11分
1:56:4  world time : 00年02日10时12分
1:56:4  world time update--> 00年02日10时12分
1:56:9  world time : 00年02日10时13分
1:56:14  world time : 00年02日10时14分
1:56:19  world time : 00年02日10时15分
1:56:19  world time update--> 00年02日10时15分
1:56:24  world time : 00年02日10时16分
1:56:29  world time : 00年02日10时17分
1:56:34  world time : 00年02日10时18分
1:56:34  world time update--> 00年02日10时18分
1:56:39  world time : 00年02日10时19分
1:56:44  world time : 00年02日10时20分
1:56:49  world time : 00年02日10时21分
1:56:49  world time update--> 00年02日10时21分
1:56:54  world time : 00年02日10时22分
1:56:59  world time : 00年02日10时23分
1:57:4  world time : 00年02日10时24分
1:57:4  world time update--> 00年02日10时24分
1:57:9  world time : 00年02日10时25分
1:57:14  world time : 00年02日10时26分
1:57:20  world time : 00年02日10时27分
1:57:20  world time update--> 00年02日10时27分
1:57:25  world time : 00年02日10时28分
1:57:30  world time : 00年02日10时29分
1:57:35  world time : 00年02日10时30分
1:57:35  world time update--> 00年02日10时30分
1:57:40  world time : 00年02日10时31分
1:57:45  world time : 00年02日10时32分
1:57:50  world time : 00年02日10时33分
1:57:50  world time update--> 00年02日10时33分
1:57:55  world time : 00年02日10时34分
1:58:0  world time : 00年02日10时35分
1:58:5  world time : 00年02日10时36分
1:58:5  world time update--> 00年02日10时36分
1:58:10  world time : 00年02日10时37分
1:58:15  world time : 00年02日10时38分
1:58:20  world time : 00年02日10时39分
1:58:20  world time update--> 00年02日10时39分
1:58:25  world time : 00年02日10时40分
1:58:30  world time : 00年02日10时41分
1:58:35  world time : 00年02日10时42分
1:58:35  world time update--> 00年02日10时42分
1:58:40  world time : 00年02日10时43分
1:58:45  world time : 00年02日10时44分
1:58:50  world time : 00年02日10时45分
1:58:50  world time update--> 00年02日10时45分
1:58:55  world time : 00年02日10时46分
1:59:0  world time : 00年02日10时47分
1:59:5  world time : 00年02日10时48分
1:59:5  world time update--> 00年02日10时48分
1:59:10  world time : 00年02日10时49分
1:59:15  world time : 00年02日10时50分
1:59:20  world time : 00年02日10时51分
1:59:20  world time update--> 00年02日10时51分
1:59:25  world time : 00年02日10时52分
1:59:30  world time : 00年02日10时53分
1:59:35  world time : 00年02日10时54分
1:59:35  world time update--> 00年02日10时54分
1:59:40  world time : 00年02日10时55分
1:59:45  world time : 00年02日10时56分
1:59:50  world time : 00年02日10时57分
1:59:50  world time update--> 00年02日10时57分
1:59:55  world time : 00年02日10时58分
2:0:0  world time : 00年02日10时59分
2:0:5  world time : 00年02日11时00分
2:0:5  world time update--> 00年02日11时00分
2:0:10  world time : 00年02日11时01分
2:0:15  world time : 00年02日11时02分
2:0:20  world time : 00年02日11时03分
2:0:20  world time update--> 00年02日11时03分
2:0:25  world time : 00年02日11时04分
2:0:30  world time : 00年02日11时05分
2:0:35  world time : 00年02日11时06分
2:0:35  world time update--> 00年02日11时06分
2:0:40  world time : 00年02日11时07分
2:0:45  world time : 00年02日11时08分
2:0:50  world time : 00年02日11时09分
2:0:50  world time update--> 00年02日11时09分
2:0:55  world time : 00年02日11时10分
2:1:0  world time : 00年02日11时11分
2:1:5  world time : 00年02日11时12分
2:1:5  world time update--> 00年02日11时12分
2:1:10  world time : 00年02日11时13分
2:1:15  world time : 00年02日11时14分
2:1:20  world time : 00年02日11时15分
2:1:20  world time update--> 00年02日11时15分
2:1:25  world time : 00年02日11时16分
2:1:30  world time : 00年02日11时17分
2:1:35  world time : 00年02日11时18分
2:1:35  world time update--> 00年02日11时18分
2:1:40  world time : 00年02日11时19分
2:1:45  world time : 00年02日11时20分
2:1:50  world time : 00年02日11时21分
2:1:50  world time update--> 00年02日11时21分
2:1:55  world time : 00年02日11时22分
2:2:0  world time : 00年02日11时23分
2:2:5  world time : 00年02日11时24分
2:2:5  world time update--> 00年02日11时24分
2:2:10  world time : 00年02日11时25分
2:2:15  world time : 00年02日11时26分
2:2:21  world time : 00年02日11时27分
2:2:21  world time update--> 00年02日11时27分
2:2:26  world time : 00年02日11时28分
2:2:31  world time : 00年02日11时29分
2:2:36  world time : 00年02日11时30分
2:2:36  world time update--> 00年02日11时30分
2:2:41  world time : 00年02日11时31分
2:2:46  world time : 00年02日11时32分
2:2:51  world time : 00年02日11时33分
2:2:51  world time update--> 00年02日11时33分
2:2:56  world time : 00年02日11时34分
2:3:1  world time : 00年02日11时35分
2:3:6  world time : 00年02日11时36分
2:3:6  world time update--> 00年02日11时36分
2:3:11  world time : 00年02日11时37分
2:3:16  world time : 00年02日11时38分
2:3:21  world time : 00年02日11时39分
2:3:21  world time update--> 00年02日11时39分
2:3:26  world time : 00年02日11时40分
2:3:31  world time : 00年02日11时41分
2:3:36  world time : 00年02日11时42分
2:3:36  world time update--> 00年02日11时42分
2:3:41  world time : 00年02日11时43分
2:3:46  world time : 00年02日11时44分
2:3:51  world time : 00年02日11时45分
2:3:51  world time update--> 00年02日11时45分
2:3:56  world time : 00年02日11时46分
2:4:1  world time : 00年02日11时47分
2:4:6  world time : 00年02日11时48分
2:4:6  world time update--> 00年02日11时48分
2:4:11  world time : 00年02日11时49分
2:4:16  world time : 00年02日11时50分
2:4:21  world time : 00年02日11时51分
2:4:21  world time update--> 00年02日11时51分
2:4:26  world time : 00年02日11时52分
2:4:31  world time : 00年02日11时53分
2:4:36  world time : 00年02日11时54分
2:4:36  world time update--> 00年02日11时54分
2:4:41  world time : 00年02日11时55分
2:4:46  world time : 00年02日11时56分
2:4:51  world time : 00年02日11时57分
2:4:51  world time update--> 00年02日11时57分
2:4:56  world time : 00年02日11时58分
2:5:1  world time : 00年02日11时59分
2:5:6  world time : 00年02日12时00分
2:5:6  world time update--> 00年02日12时00分
2:5:11  world time : 00年02日12时01分
2:5:16  world time : 00年02日12时02分
2:5:21  world time : 00年02日12时03分
2:5:21  world time update--> 00年02日12时03分
2:5:26  world time : 00年02日12时04分
2:5:31  world time : 00年02日12时05分
2:5:36  world time : 00年02日12时06分
2:5:36  world time update--> 00年02日12时06分
2:5:41  world time : 00年02日12时07分
2:5:46  world time : 00年02日12时08分
2:5:51  world time : 00年02日12时09分
2:5:51  world time update--> 00年02日12时09分
2:5:56  world time : 00年02日12时10分
2:6:1  world time : 00年02日12时11分
2:6:6  world time : 00年02日12时12分
2:6:6  world time update--> 00年02日12时12分
2:6:11  world time : 00年02日12时13分
2:6:16  world time : 00年02日12时14分
2:6:21  world time : 00年02日12时15分
2:6:21  world time update--> 00年02日12时15分
2:6:26  world time : 00年02日12时16分
2:6:31  world time : 00年02日12时17分
2:6:36  world time : 00年02日12时18分
2:6:36  world time update--> 00年02日12时18分
2:6:41  world time : 00年02日12时19分
2:6:46  world time : 00年02日12时20分
2:6:51  world time : 00年02日12时21分
2:6:51  world time update--> 00年02日12时21分
2:6:56  world time : 00年02日12时22分
2:7:1  world time : 00年02日12时23分
2:7:6  world time : 00年02日12时24分
2:7:6  world time update--> 00年02日12时24分
2:7:11  world time : 00年02日12时25分
2:7:16  world time : 00年02日12时26分
2:7:21  world time : 00年02日12时27分
2:7:21  world time update--> 00年02日12时27分
2:7:26  world time : 00年02日12时28分
2:7:31  world time : 00年02日12时29分
2:7:37  world time : 00年02日12时30分
2:7:37  world time update--> 00年02日12时30分
2:7:42  world time : 00年02日12时31分
2:7:47  world time : 00年02日12时32分
2:7:52  world time : 00年02日12时33分
2:7:52  world time update--> 00年02日12时33分
2:7:57  world time : 00年02日12时34分
2:8:2  world time : 00年02日12时35分
2:8:7  world time : 00年02日12时36分
2:8:7  world time update--> 00年02日12时36分
2:8:12  world time : 00年02日12时37分
2:8:17  world time : 00年02日12时38分
2:8:22  world time : 00年02日12时39分
2:8:22  world time update--> 00年02日12时39分
2:8:27  world time : 00年02日12时40分
2:8:32  world time : 00年02日12时41分
2:8:37  world time : 00年02日12时42分
2:8:37  world time update--> 00年02日12时42分
2:8:42  world time : 00年02日12时43分
2:8:47  world time : 00年02日12时44分
2:8:52  world time : 00年02日12时45分
2:8:52  world time update--> 00年02日12时45分
2:8:57  world time : 00年02日12时46分
2:9:2  world time : 00年02日12时47分
2:9:7  world time : 00年02日12时48分
2:9:7  world time update--> 00年02日12时48分
2:9:12  world time : 00年02日12时49分
2:9:17  world time : 00年02日12时50分
2:9:22  world time : 00年02日12时51分
2:9:22  world time update--> 00年02日12时51分
2:9:27  world time : 00年02日12时52分
2:9:32  world time : 00年02日12时53分
2:9:37  world time : 00年02日12时54分
2:9:37  world time update--> 00年02日12时54分
2:9:42  world time : 00年02日12时55分
2:9:47  world time : 00年02日12时56分
2:9:52  world time : 00年02日12时57分
2:9:52  world time update--> 00年02日12时57分
2:9:57  world time : 00年02日12时58分
2:10:2  world time : 00年02日12时59分
2:10:7  world time : 00年02日13时00分
2:10:7  world time update--> 00年02日13时00分
2:10:12  world time : 00年02日13时01分
2:10:17  world time : 00年02日13时02分
2:10:22  world time : 00年02日13时03分
2:10:22  world time update--> 00年02日13时03分
2:10:27  world time : 00年02日13时04分
2:10:32  world time : 00年02日13时05分
2:10:37  world time : 00年02日13时06分
2:10:37  world time update--> 00年02日13时06分
2:10:42  world time : 00年02日13时07分
2:10:47  world time : 00年02日13时08分
2:10:52  world time : 00年02日13时09分
2:10:52  world time update--> 00年02日13时09分
2:10:57  world time : 00年02日13时10分
2:11:2  world time : 00年02日13时11分
2:11:7  world time : 00年02日13时12分
2:11:7  world time update--> 00年02日13时12分
2:11:12  world time : 00年02日13时13分
2:11:17  world time : 00年02日13时14分
2:11:22  world time : 00年02日13时15分
2:11:22  world time update--> 00年02日13时15分
2:11:27  world time : 00年02日13时16分
2:11:32  world time : 00年02日13时17分
2:11:37  world time : 00年02日13时18分
2:11:37  world time update--> 00年02日13时18分
2:11:42  world time : 00年02日13时19分
2:11:47  world time : 00年02日13时20分
2:11:52  world time : 00年02日13时21分
2:11:52  world time update--> 00年02日13时21分
2:11:57  world time : 00年02日13时22分
2:12:3  world time : 00年02日13时23分
2:12:8  world time : 00年02日13时24分
2:12:8  world time update--> 00年02日13时24分
2:12:13  world time : 00年02日13时25分
2:12:18  world time : 00年02日13时26分
2:12:23  world time : 00年02日13时27分
2:12:23  world time update--> 00年02日13时27分
2:12:28  world time : 00年02日13时28分
2:12:33  world time : 00年02日13时29分
2:12:38  world time : 00年02日13时30分
2:12:38  world time update--> 00年02日13时30分
2:12:43  world time : 00年02日13时31分
2:12:48  world time : 00年02日13时32分
2:12:53  world time : 00年02日13时33分
2:12:53  world time update--> 00年02日13时33分
2:12:58  world time : 00年02日13时34分
2:13:3  world time : 00年02日13时35分
2:13:8  world time : 00年02日13时36分
2:13:8  world time update--> 00年02日13时36分
2:13:13  world time : 00年02日13时37分
2:13:18  world time : 00年02日13时38分
2:13:23  world time : 00年02日13时39分
2:13:23  world time update--> 00年02日13时39分
2:13:28  world time : 00年02日13时40分
2:13:33  world time : 00年02日13时41分
2:13:38  world time : 00年02日13时42分
2:13:38  world time update--> 00年02日13时42分
2:13:43  world time : 00年02日13时43分
2:13:48  world time : 00年02日13时44分
2:13:53  world time : 00年02日13时45分
2:13:53  world time update--> 00年02日13时45分
2:13:58  world time : 00年02日13时46分
2:14:3  world time : 00年02日13时47分
2:14:8  world time : 00年02日13时48分
2:14:8  world time update--> 00年02日13时48分
2:14:13  world time : 00年02日13时49分
2:14:18  world time : 00年02日13时50分
2:14:23  world time : 00年02日13时51分
2:14:23  world time update--> 00年02日13时51分
2:14:28  world time : 00年02日13时52分
2:14:33  world time : 00年02日13时53分
2:14:38  world time : 00年02日13时54分
2:14:38  world time update--> 00年02日13时54分
2:14:43  world time : 00年02日13时55分
2:14:48  world time : 00年02日13时56分
2:14:53  world time : 00年02日13时57分
2:14:53  world time update--> 00年02日13时57分
2:14:58  world time : 00年02日13时58分
2:15:3  world time : 00年02日13时59分
2:15:8  world time : 00年02日14时00分
2:15:8  world time update--> 00年02日14时00分
2:15:13  world time : 00年02日14时01分
2:15:18  world time : 00年02日14时02分
2:15:23  world time : 00年02日14时03分
2:15:23  world time update--> 00年02日14时03分
2:15:28  world time : 00年02日14时04分
2:15:33  world time : 00年02日14时05分
2:15:38  world time : 00年02日14时06分
2:15:38  world time update--> 00年02日14时06分
2:15:43  world time : 00年02日14时07分
2:15:48  world time : 00年02日14时08分
2:15:53  world time : 00年02日14时09分
2:15:53  world time update--> 00年02日14时09分
2:15:58  world time : 00年02日14时10分
2:16:3  world time : 00年02日14时11分
2:16:8  world time : 00年02日14时12分
2:16:8  world time update--> 00年02日14时12分
2:16:13  world time : 00年02日14时13分
2:16:18  world time : 00年02日14时14分
2:16:23  world time : 00年02日14时15分
2:16:23  world time update--> 00年02日14时15分
2:16:28  world time : 00年02日14时16分
2:16:33  world time : 00年02日14时17分
2:16:38  world time : 00年02日14时18分
2:16:38  world time update--> 00年02日14时18分
2:16:43  world time : 00年02日14时19分
2:16:48  world time : 00年02日14时20分
2:16:53  world time : 00年02日14时21分
2:16:54  world time update--> 00年02日14时21分
2:16:59  world time : 00年02日14时22分
2:17:4  world time : 00年02日14时23分
2:17:9  world time : 00年02日14时24分
2:17:9  world time update--> 00年02日14时24分
2:17:14  world time : 00年02日14时25分
2:17:19  world time : 00年02日14时26分
2:17:24  world time : 00年02日14时27分
2:17:24  world time update--> 00年02日14时27分
2:17:29  world time : 00年02日14时28分
2:17:34  world time : 00年02日14时29分
2:17:39  world time : 00年02日14时30分
2:17:39  world time update--> 00年02日14时30分
2:17:44  world time : 00年02日14时31分
2:17:49  world time : 00年02日14时32分
2:17:54  world time : 00年02日14时33分
2:17:54  world time update--> 00年02日14时33分
2:17:59  world time : 00年02日14时34分
2:18:4  world time : 00年02日14时35分
2:18:9  world time : 00年02日14时36分
2:18:9  world time update--> 00年02日14时36分
2:18:14  world time : 00年02日14时37分
2:18:19  world time : 00年02日14时38分
2:18:24  world time : 00年02日14时39分
2:18:24  world time update--> 00年02日14时39分
2:18:29  world time : 00年02日14时40分
2:18:34  world time : 00年02日14时41分
2:18:39  world time : 00年02日14时42分
2:18:39  world time update--> 00年02日14时42分
2:18:44  world time : 00年02日14时43分
2:18:49  world time : 00年02日14时44分
2:18:54  world time : 00年02日14时45分
2:18:54  world time update--> 00年02日14时45分
2:18:59  world time : 00年02日14时46分
2:19:4  world time : 00年02日14时47分
2:19:9  world time : 00年02日14时48分
2:19:9  world time update--> 00年02日14时48分
2:19:14  world time : 00年02日14时49分
2:19:19  world time : 00年02日14时50分
2:19:24  world time : 00年02日14时51分
2:19:24  world time update--> 00年02日14时51分
2:19:29  world time : 00年02日14时52分
2:19:34  world time : 00年02日14时53分
2:19:39  world time : 00年02日14时54分
2:19:39  world time update--> 00年02日14时54分
2:19:44  world time : 00年02日14时55分
2:19:49  world time : 00年02日14时56分
2:19:54  world time : 00年02日14时57分
2:19:54  world time update--> 00年02日14时57分
2:19:59  world time : 00年02日14时58分
2:20:4  world time : 00年02日14时59分
2:20:9  world time : 00年02日15时00分
2:20:9  world time update--> 00年02日15时00分
2:20:14  world time : 00年02日15时01分
2:20:19  world time : 00年02日15时02分
2:20:24  world time : 00年02日15时03分
2:20:24  world time update--> 00年02日15时03分
2:20:29  world time : 00年02日15时04分
2:20:34  world time : 00年02日15时05分
2:20:39  world time : 00年02日15时06分
2:20:39  world time update--> 00年02日15时06分
2:20:44  world time : 00年02日15时07分
2:20:49  world time : 00年02日15时08分
2:20:54  world time : 00年02日15时09分
2:20:54  world time update--> 00年02日15时09分
2:20:59  world time : 00年02日15时10分
2:21:4  world time : 00年02日15时11分
2:21:9  world time : 00年02日15时12分
2:21:9  world time update--> 00年02日15时12分
2:21:14  world time : 00年02日15时13分
2:21:19  world time : 00年02日15时14分
2:21:24  world time : 00年02日15时15分
2:21:24  world time update--> 00年02日15时15分
2:21:29  world time : 00年02日15时16分
2:21:34  world time : 00年02日15时17分
2:21:39  world time : 00年02日15时18分
2:21:39  world time update--> 00年02日15时18分
2:21:44  world time : 00年02日15时19分
2:21:49  world time : 00年02日15时20分
2:21:54  world time : 00年02日15时21分
2:21:54  world time update--> 00年02日15时21分
2:21:59  world time : 00年02日15时22分
2:22:4  world time : 00年02日15时23分
2:22:9  world time : 00年02日15时24分
2:22:9  world time update--> 00年02日15时24分
2:22:14  world time : 00年02日15时25分
2:22:19  world time : 00年02日15时26分
2:22:24  world time : 00年02日15时27分
2:22:24  world time update--> 00年02日15时27分
2:22:30  world time : 00年02日15时28分
2:22:35  world time : 00年02日15时29分
2:22:40  world time : 00年02日15时30分
2:22:40  world time update--> 00年02日15时30分
2:22:45  world time : 00年02日15时31分
2:22:50  world time : 00年02日15时32分
2:22:55  world time : 00年02日15时33分
2:22:55  world time update--> 00年02日15时33分
2:23:0  world time : 00年02日15时34分
2:23:5  world time : 00年02日15时35分
2:23:10  world time : 00年02日15时36分
2:23:10  world time update--> 00年02日15时36分
2:23:15  world time : 00年02日15时37分
2:23:20  world time : 00年02日15时38分
2:23:25  world time : 00年02日15时39分
2:23:25  world time update--> 00年02日15时39分
2:23:30  world time : 00年02日15时40分
2:23:35  world time : 00年02日15时41分
2:23:40  world time : 00年02日15时42分
2:23:40  world time update--> 00年02日15时42分
2:23:45  world time : 00年02日15时43分
2:23:50  world time : 00年02日15时44分
2:23:55  world time : 00年02日15时45分
2:23:55  world time update--> 00年02日15时45分
2:24:0  world time : 00年02日15时46分
2:24:5  world time : 00年02日15时47分
2:24:10  world time : 00年02日15时48分
2:24:10  world time update--> 00年02日15时48分
2:24:15  world time : 00年02日15时49分
2:24:20  world time : 00年02日15时50分
2:24:25  world time : 00年02日15时51分
2:24:25  world time update--> 00年02日15时51分
2:24:30  world time : 00年02日15时52分
2:24:35  world time : 00年02日15时53分
2:24:40  world time : 00年02日15时54分
2:24:40  world time update--> 00年02日15时54分
2:24:45  world time : 00年02日15时55分
2:24:50  world time : 00年02日15时56分
15:5:45  server on
15:5:50  world time : 00年00日00时01分
15:5:55  world time : 00年00日00时02分
15:6:2  world time : 00年00日00时03分
15:6:3  _2GkB9lw_5abklOI3eGb start monitor!
15:6:7  world time : 00年00日00时04分
15:6:12  world time : 00年00日00时05分
15:6:17  world time : 00年00日00时06分
15:6:22  world time : 00年00日00时07分
15:6:27  world time : 00年00日00时08分
15:6:29  server on
15:6:32  LRiZ19ZM_Ui8fzYG3o7u disconnect!
15:6:33  bhp5W_d9CZUgzXnS3o7v start monitor!
15:6:34  world time : 00年02日15时55分
15:6:39  world time : 00年02日15时56分
15:6:44  world time : 00年02日15时57分
15:6:44  world time update--> 00年02日15时57分
15:6:49  world time : 00年02日15时58分
15:6:54  world time : 00年02日15时59分
15:6:59  world time : 00年02日16时00分
15:6:59  world time update--> 00年02日16时00分
15:7:4  world time : 00年02日16时01分
15:7:9  world time : 00年02日16时02分
15:7:14  world time : 00年02日16时03分
15:7:14  world time update--> 00年02日16时03分
15:7:19  world time : 00年02日16时04分
15:7:24  world time : 00年02日16时05分
15:7:29  world time : 00年02日16时06分
15:7:29  world time update--> 00年02日16时06分
15:7:34  world time : 00年02日16时07分
15:7:39  world time : 00年02日16时08分
15:7:44  world time : 00年02日16时09分
15:7:44  world time update--> 00年02日16时09分
15:7:49  world time : 00年02日16时10分
15:7:54  world time : 00年02日16时11分
15:7:59  world time : 00年02日16时12分
15:7:59  world time update--> 00年02日16时12分
15:8:4  world time : 00年02日16时13分
15:8:9  world time : 00年02日16时14分
15:8:14  world time : 00年02日16时15分
15:8:14  world time update--> 00年02日16时15分
15:8:19  world time : 00年02日16时16分
15:8:24  world time : 00年02日16时17分
15:8:29  world time : 00年02日16时18分
15:8:29  world time update--> 00年02日16时18分
15:8:34  world time : 00年02日16时19分
15:8:39  world time : 00年02日16时20分
15:8:44  world time : 00年02日16时21分
15:8:44  world time update--> 00年02日16时21分
15:8:49  world time : 00年02日16时22分
15:8:52  52ecae74de76df040b09cccc join the game!
15:8:54  world time : 00年02日16时23分
15:8:59  world time : 00年02日16时24分
15:8:59  world time update--> 00年02日16时24分
15:9:4  world time : 00年02日16时25分
15:9:9  world time : 00年02日16时26分
15:9:14  world time : 00年02日16时27分
15:9:14  world time update--> 00年02日16时27分
15:9:19  world time : 00年02日16时28分
15:9:24  world time : 00年02日16时29分
15:9:29  world time update--> 00年02日16时30分
15:9:29  world time : 00年02日16时30分
15:9:34  world time : 00年02日16时31分
15:9:39  world time : 00年02日16时32分
15:9:44  world time : 00年02日16时33分
15:9:44  world time update--> 00年02日16时33分
15:9:49  world time : 00年02日16时34分
15:9:54  world time : 00年02日16时35分
15:9:59  world time : 00年02日16时36分
15:9:59  world time update--> 00年02日16时36分
15:10:4  world time : 00年02日16时37分
15:10:9  world time : 00年02日16时38分
15:10:14  world time : 00年02日16时39分
15:10:14  world time update--> 00年02日16时39分
15:10:19  world time : 00年02日16时40分
15:10:24  world time : 00年02日16时41分
15:10:29  world time : 00年02日16时42分
15:10:29  world time update--> 00年02日16时42分
15:10:35  world time : 00年02日16时43分
15:10:40  world time : 00年02日16时44分
15:10:45  world time : 00年02日16时45分
15:10:45  world time update--> 00年02日16时45分
15:10:50  world time : 00年02日16时46分
15:10:55  world time : 00年02日16时47分
15:11:0  world time : 00年02日16时48分
15:11:0  world time update--> 00年02日16时48分
15:11:5  world time : 00年02日16时49分
15:11:10  world time : 00年02日16时50分
15:11:15  world time : 00年02日16时51分
15:11:15  world time update--> 00年02日16时51分
15:11:20  world time : 00年02日16时52分
15:11:25  world time : 00年02日16时53分
15:11:26  KBfT6IZuQqZjRks53o7w disconnect!
15:11:30  world time : 00年02日16时54分
15:11:30  world time update--> 00年02日16时54分
15:11:35  world time : 00年02日16时55分
15:11:40  world time : 00年02日16时56分
15:11:45  world time : 00年02日16时57分
15:11:45  world time update--> 00年02日16时57分
15:11:50  world time : 00年02日16时58分
15:11:55  world time : 00年02日16时59分
15:12:0  world time : 00年02日17时00分
15:12:0  world time update--> 00年02日17时00分
15:12:5  world time : 00年02日17时01分
15:12:10  world time : 00年02日17时02分
15:12:15  world time : 00年02日17时03分
15:12:15  world time update--> 00年02日17时03分
15:12:20  world time : 00年02日17时04分
15:12:25  world time : 00年02日17时05分
15:12:30  world time : 00年02日17时06分
15:12:30  world time update--> 00年02日17时06分
15:12:35  world time : 00年02日17时07分
15:12:40  world time : 00年02日17时08分
15:12:45  world time update--> 00年02日17时09分
15:12:45  world time : 00年02日17时09分
15:12:50  world time : 00年02日17时10分
15:12:55  world time : 00年02日17时11分
15:13:0  world time : 00年02日17时12分
15:13:0  world time update--> 00年02日17时12分
15:13:5  world time : 00年02日17时13分
15:13:10  world time : 00年02日17时14分
15:13:15  world time : 00年02日17时15分
15:13:15  world time update--> 00年02日17时15分
15:13:20  world time : 00年02日17时16分
15:13:25  world time : 00年02日17时17分
15:13:30  world time : 00年02日17时18分
15:13:30  world time update--> 00年02日17时18分
15:13:35  world time : 00年02日17时19分
15:13:40  world time : 00年02日17时20分
15:13:45  world time : 00年02日17时21分
15:13:45  world time update--> 00年02日17时21分
15:13:50  world time : 00年02日17时22分
15:13:55  world time : 00年02日17时23分
15:14:0  world time : 00年02日17时24分
15:14:0  world time update--> 00年02日17时24分
15:14:5  world time : 00年02日17时25分
15:14:10  world time : 00年02日17时26分
15:14:15  world time : 00年02日17时27分
15:14:15  world time update--> 00年02日17时27分
15:14:20  world time : 00年02日17时28分
15:14:25  world time : 00年02日17时29分
15:14:30  world time : 00年02日17时30分
15:14:30  world time update--> 00年02日17时30分
15:14:35  world time : 00年02日17时31分
15:14:40  world time : 00年02日17时32分
15:14:45  world time : 00年02日17时33分
15:14:45  world time update--> 00年02日17时33分
15:14:50  world time : 00年02日17时34分
15:14:55  world time : 00年02日17时35分
15:15:0  world time : 00年02日17时36分
15:15:0  world time update--> 00年02日17时36分
15:15:5  world time : 00年02日17时37分
15:15:10  world time : 00年02日17时38分
15:15:15  world time : 00年02日17时39分
15:15:15  world time update--> 00年02日17时39分
15:15:20  world time : 00年02日17时40分
15:15:25  world time : 00年02日17时41分
15:15:30  world time : 00年02日17时42分
15:15:30  world time update--> 00年02日17时42分
15:15:35  world time : 00年02日17时43分
15:15:40  world time : 00年02日17时44分
15:15:45  world time : 00年02日17时45分
15:15:45  world time update--> 00年02日17时45分
15:15:50  world time : 00年02日17时46分
15:15:55  world time : 00年02日17时47分
15:16:0  world time : 00年02日17时48分
15:16:0  world time update--> 00年02日17时48分
15:16:5  world time : 00年02日17时49分
15:16:10  world time : 00年02日17时50分
15:16:15  world time : 00年02日17时51分
15:16:15  world time update--> 00年02日17时51分
15:16:20  world time : 00年02日17时52分
15:16:25  world time : 00年02日17时53分
15:16:30  world time : 00年02日17时54分
15:16:30  world time update--> 00年02日17时54分
15:16:35  world time : 00年02日17时55分
15:16:40  world time : 00年02日17时56分
15:16:45  world time : 00年02日17时57分
15:16:45  world time update--> 00年02日17时57分
15:16:50  world time : 00年02日17时58分
15:16:55  world time : 00年02日17时59分
15:17:0  world time : 00年02日18时00分
15:17:0  world time update--> 00年02日18时00分
15:17:5  world time : 00年02日18时01分
15:17:10  world time : 00年02日18时02分
15:17:15  world time : 00年02日18时03分
15:17:15  world time update--> 00年02日18时03分
15:17:20  world time : 00年02日18时04分
15:17:25  world time : 00年02日18时05分
15:17:30  world time : 00年02日18时06分
15:17:30  world time update--> 00年02日18时06分
15:17:35  world time : 00年02日18时07分
15:17:40  world time : 00年02日18时08分
15:17:45  world time : 00年02日18时09分
15:17:45  world time update--> 00年02日18时09分
15:17:50  world time : 00年02日18时10分
15:17:55  world time : 00年02日18时11分
15:18:0  world time : 00年02日18时12分
15:18:0  world time update--> 00年02日18时12分
15:18:5  world time : 00年02日18时13分
15:18:10  world time : 00年02日18时14分
15:18:15  world time : 00年02日18时15分
15:18:15  world time update--> 00年02日18时15分
15:18:21  world time : 00年02日18时16分
15:18:26  world time : 00年02日18时17分
15:18:31  world time : 00年02日18时18分
15:18:31  world time update--> 00年02日18时18分
15:18:36  world time : 00年02日18时19分
15:18:41  world time : 00年02日18时20分
15:18:46  world time : 00年02日18时21分
15:18:46  world time update--> 00年02日18时21分
15:18:51  world time : 00年02日18时22分
15:18:56  world time : 00年02日18时23分
15:19:1  world time : 00年02日18时24分
15:19:1  world time update--> 00年02日18时24分
15:19:6  world time : 00年02日18时25分
15:19:11  world time : 00年02日18时26分
15:19:16  world time : 00年02日18时27分
15:19:16  world time update--> 00年02日18时27分
15:19:21  world time : 00年02日18时28分
15:19:26  world time : 00年02日18时29分
15:19:31  world time : 00年02日18时30分
15:19:31  world time update--> 00年02日18时30分
15:19:36  world time : 00年02日18时31分
15:19:41  world time : 00年02日18时32分
15:19:46  world time : 00年02日18时33分
15:19:46  world time update--> 00年02日18时33分
15:19:51  world time : 00年02日18时34分
15:19:56  world time : 00年02日18时35分
15:20:1  world time : 00年02日18时36分
15:20:1  world time update--> 00年02日18时36分
15:20:6  world time : 00年02日18时37分
15:20:11  world time : 00年02日18时38分
15:20:16  world time : 00年02日18时39分
15:20:16  world time update--> 00年02日18时39分
15:20:21  world time : 00年02日18时40分
15:20:26  world time : 00年02日18时41分
15:20:31  world time : 00年02日18时42分
15:20:31  world time update--> 00年02日18时42分
15:20:36  world time : 00年02日18时43分
15:20:41  world time : 00年02日18时44分
15:20:46  world time : 00年02日18时45分
15:20:46  world time update--> 00年02日18时45分
15:20:51  world time : 00年02日18时46分
15:20:56  world time : 00年02日18时47分
15:21:1  world time : 00年02日18时48分
15:21:1  world time update--> 00年02日18时48分
15:21:6  world time : 00年02日18时49分
15:21:11  world time : 00年02日18时50分
15:21:16  world time : 00年02日18时51分
15:21:16  world time update--> 00年02日18时51分
15:21:21  world time : 00年02日18时52分
15:21:26  world time : 00年02日18时53分
15:21:31  world time : 00年02日18时54分
15:21:31  world time update--> 00年02日18时54分
15:21:36  world time : 00年02日18时55分
15:21:41  world time : 00年02日18时56分
15:21:46  world time : 00年02日18时57分
15:21:46  world time update--> 00年02日18时57分
15:21:51  world time : 00年02日18时58分
15:21:56  world time : 00年02日18时59分
15:22:1  world time : 00年02日19时00分
15:22:1  world time update--> 00年02日19时00分
15:22:6  world time : 00年02日19时01分
15:22:11  world time : 00年02日19时02分
15:22:16  world time : 00年02日19时03分
15:22:16  world time update--> 00年02日19时03分
15:22:21  world time : 00年02日19时04分
15:22:26  world time : 00年02日19时05分
15:22:31  world time : 00年02日19时06分
15:22:31  world time update--> 00年02日19时06分
15:22:36  world time : 00年02日19时07分
15:22:41  world time : 00年02日19时08分
15:22:46  world time : 00年02日19时09分
15:22:46  world time update--> 00年02日19时09分
15:22:51  world time : 00年02日19时10分
15:22:56  world time : 00年02日19时11分
15:23:1  world time : 00年02日19时12分
15:23:1  world time update--> 00年02日19时12分
15:23:6  world time : 00年02日19时13分
15:23:11  world time : 00年02日19时14分
15:23:16  world time : 00年02日19时15分
15:23:16  world time update--> 00年02日19时15分
15:23:21  world time : 00年02日19时16分
15:23:26  world time : 00年02日19时17分
15:23:31  world time : 00年02日19时18分
15:23:31  world time update--> 00年02日19时18分
15:23:36  world time : 00年02日19时19分
15:23:41  world time : 00年02日19时20分
15:23:46  world time : 00年02日19时21分
15:23:46  world time update--> 00年02日19时21分
15:23:51  world time : 00年02日19时22分
15:23:56  world time : 00年02日19时23分
15:24:1  world time : 00年02日19时24分
15:24:1  world time update--> 00年02日19时24分
15:24:6  world time : 00年02日19时25分
15:24:11  world time : 00年02日19时26分
15:24:16  world time : 00年02日19时27分
15:24:16  world time update--> 00年02日19时27分
15:24:21  world time : 00年02日19时28分
15:24:26  world time : 00年02日19时29分
15:24:31  world time : 00年02日19时30分
15:24:31  world time update--> 00年02日19时30分
15:24:36  world time : 00年02日19时31分
15:24:41  world time : 00年02日19时32分
15:24:46  world time : 00年02日19时33分
15:24:46  world time update--> 00年02日19时33分
15:24:51  world time : 00年02日19时34分
15:24:56  world time : 00年02日19时35分
15:25:1  world time : 00年02日19时36分
15:25:1  world time update--> 00年02日19时36分
15:25:6  world time : 00年02日19时37分
15:25:11  world time : 00年02日19时38分
15:25:16  world time : 00年02日19时39分
15:25:16  world time update--> 00年02日19时39分
15:25:21  world time : 00年02日19时40分
15:25:26  world time : 00年02日19时41分
15:25:31  world time : 00年02日19时42分
15:25:31  world time update--> 00年02日19时42分
15:25:36  world time : 00年02日19时43分
15:25:41  world time : 00年02日19时44分
15:25:46  world time : 00年02日19时45分
15:25:46  world time update--> 00年02日19时45分
15:25:51  world time : 00年02日19时46分
15:25:56  world time : 00年02日19时47分
15:26:1  world time : 00年02日19时48分
15:26:1  world time update--> 00年02日19时48分
15:26:6  world time : 00年02日19时49分
15:26:11  world time : 00年02日19时50分
15:26:16  world time : 00年02日19时51分
15:26:16  world time update--> 00年02日19时51分
15:26:21  world time : 00年02日19时52分
15:26:26  world time : 00年02日19时53分
15:26:31  world time : 00年02日19时54分
15:26:31  world time update--> 00年02日19时54分
15:26:36  world time : 00年02日19时55分
15:26:41  world time : 00年02日19时56分
15:26:46  world time : 00年02日19时57分
15:26:46  world time update--> 00年02日19时57分
15:26:51  world time : 00年02日19时58分
15:26:56  world time : 00年02日19时59分
15:27:1  world time : 00年02日20时00分
15:27:1  world time update--> 00年02日20时00分
15:27:6  world time : 00年02日20时01分
15:27:11  world time : 00年02日20时02分
15:27:16  world time : 00年02日20时03分
15:27:16  world time update--> 00年02日20时03分
15:27:21  world time : 00年02日20时04分
15:27:26  world time : 00年02日20时05分
15:27:31  world time : 00年02日20时06分
15:27:31  world time update--> 00年02日20时06分
15:27:36  world time : 00年02日20时07分
15:27:41  world time : 00年02日20时08分
15:27:46  world time : 00年02日20时09分
15:27:46  world time update--> 00年02日20时09分
15:27:51  world time : 00年02日20时10分
15:27:57  world time : 00年02日20时11分
15:28:2  world time : 00年02日20时12分
15:28:2  world time update--> 00年02日20时12分
15:28:7  world time : 00年02日20时13分
15:28:12  world time : 00年02日20时14分
15:28:17  world time : 00年02日20时15分
15:28:17  world time update--> 00年02日20时15分
15:28:22  world time : 00年02日20时16分
15:28:27  world time : 00年02日20时17分
15:28:32  world time : 00年02日20时18分
15:28:32  world time update--> 00年02日20时18分
15:28:37  world time : 00年02日20时19分
15:28:42  world time : 00年02日20时20分
15:28:47  world time : 00年02日20时21分
15:28:47  world time update--> 00年02日20时21分
15:28:52  world time : 00年02日20时22分
15:28:57  world time : 00年02日20时23分
15:29:2  world time : 00年02日20时24分
15:29:2  world time update--> 00年02日20时24分
15:29:7  world time : 00年02日20时25分
15:29:12  world time : 00年02日20时26分
15:29:17  world time : 00年02日20时27分
15:29:17  world time update--> 00年02日20时27分
15:29:22  world time : 00年02日20时28分
15:29:27  world time : 00年02日20时29分
15:29:32  world time : 00年02日20时30分
15:29:32  world time update--> 00年02日20时30分
15:29:37  world time : 00年02日20时31分
15:29:42  world time : 00年02日20时32分
15:29:47  world time : 00年02日20时33分
15:29:47  world time update--> 00年02日20时33分
15:29:52  world time : 00年02日20时34分
15:29:57  world time : 00年02日20时35分
15:30:2  world time : 00年02日20时36分
15:30:2  world time update--> 00年02日20时36分
15:30:7  world time : 00年02日20时37分
15:30:12  world time : 00年02日20时38分
15:30:17  world time : 00年02日20时39分
15:30:17  world time update--> 00年02日20时39分
15:30:22  world time : 00年02日20时40分
15:30:27  world time : 00年02日20时41分
15:30:32  world time : 00年02日20时42分
15:30:32  world time update--> 00年02日20时42分
15:30:37  world time : 00年02日20时43分
15:30:42  world time : 00年02日20时44分
15:30:47  world time : 00年02日20时45分
15:30:47  world time update--> 00年02日20时45分
15:30:52  world time : 00年02日20时46分
15:30:57  world time : 00年02日20时47分
15:31:2  world time : 00年02日20时48分
15:31:2  world time update--> 00年02日20时48分
15:31:7  world time : 00年02日20时49分
15:31:12  world time : 00年02日20时50分
15:31:17  world time : 00年02日20时51分
15:31:17  world time update--> 00年02日20时51分
15:31:22  world time : 00年02日20时52分
15:31:27  world time : 00年02日20时53分
15:31:32  world time : 00年02日20时54分
15:31:32  world time update--> 00年02日20时54分
15:31:37  world time : 00年02日20时55分
15:31:42  world time : 00年02日20时56分
15:31:47  world time : 00年02日20时57分
15:31:47  world time update--> 00年02日20时57分
15:31:52  world time : 00年02日20时58分
15:31:57  world time : 00年02日20时59分
15:32:2  world time : 00年02日21时00分
15:32:2  world time update--> 00年02日21时00分
15:32:7  world time : 00年02日21时01分
15:32:12  world time : 00年02日21时02分
15:32:17  world time : 00年02日21时03分
15:32:17  world time update--> 00年02日21时03分
15:32:22  world time : 00年02日21时04分
15:32:27  world time : 00年02日21时05分
15:32:32  world time : 00年02日21时06分
15:32:32  world time update--> 00年02日21时06分
15:32:37  world time : 00年02日21时07分
15:32:42  world time : 00年02日21时08分
15:32:47  world time : 00年02日21时09分
15:32:47  world time update--> 00年02日21时09分
15:32:52  world time : 00年02日21时10分
15:32:57  world time : 00年02日21时11分
15:33:2  world time : 00年02日21时12分
15:33:2  world time update--> 00年02日21时12分
15:33:7  world time : 00年02日21时13分
15:33:12  world time : 00年02日21时14分
15:33:17  world time : 00年02日21时15分
15:33:17  world time update--> 00年02日21时15分
15:33:22  world time : 00年02日21时16分
15:33:27  world time : 00年02日21时17分
15:33:32  world time : 00年02日21时18分
15:33:32  world time update--> 00年02日21时18分
15:33:37  world time : 00年02日21时19分
15:33:42  world time : 00年02日21时20分
15:33:47  world time : 00年02日21时21分
15:33:47  world time update--> 00年02日21时21分
15:33:52  world time : 00年02日21时22分
15:33:57  world time : 00年02日21时23分
15:34:2  world time : 00年02日21时24分
15:34:2  world time update--> 00年02日21时24分
15:34:7  world time : 00年02日21时25分
15:34:12  world time : 00年02日21时26分
15:34:17  world time : 00年02日21时27分
15:34:17  world time update--> 00年02日21时27分
15:34:22  world time : 00年02日21时28分
15:34:27  world time : 00年02日21时29分
15:34:32  world time : 00年02日21时30分
15:34:32  world time update--> 00年02日21时30分
15:34:37  world time : 00年02日21时31分
15:34:42  world time : 00年02日21时32分
15:34:47  world time : 00年02日21时33分
15:34:47  world time update--> 00年02日21时33分
15:34:52  world time : 00年02日21时34分
15:34:57  world time : 00年02日21时35分
15:35:2  world time : 00年02日21时36分
15:35:2  world time update--> 00年02日21时36分
15:35:7  world time : 00年02日21时37分
15:35:12  world time : 00年02日21时38分
15:35:17  world time : 00年02日21时39分
15:35:17  world time update--> 00年02日21时39分
15:35:22  world time : 00年02日21时40分
15:35:27  world time : 00年02日21时41分
15:35:32  world time : 00年02日21时42分
15:35:32  world time update--> 00年02日21时42分
15:35:37  world time : 00年02日21时43分
15:35:42  world time : 00年02日21时44分
15:35:47  world time : 00年02日21时45分
15:35:47  world time update--> 00年02日21时45分
15:35:52  world time : 00年02日21时46分
15:35:57  world time : 00年02日21时47分
15:36:2  world time : 00年02日21时48分
15:36:2  world time update--> 00年02日21时48分
15:36:7  world time : 00年02日21时49分
15:36:12  world time : 00年02日21时50分
15:36:17  world time : 00年02日21时51分
15:36:17  world time update--> 00年02日21时51分
15:36:22  world time : 00年02日21时52分
15:36:27  world time : 00年02日21时53分
15:36:32  world time : 00年02日21时54分
15:36:32  world time update--> 00年02日21时54分
15:36:37  world time : 00年02日21时55分
15:36:42  world time : 00年02日21时56分
15:36:47  world time : 00年02日21时57分
15:36:47  world time update--> 00年02日21时57分
15:36:52  world time : 00年02日21时58分
15:36:58  world time : 00年02日21时59分
15:37:3  world time : 00年02日22时00分
15:37:3  world time update--> 00年02日22时00分
15:37:8  world time : 00年02日22时01分
15:37:13  world time : 00年02日22时02分
15:37:18  world time : 00年02日22时03分
15:37:18  world time update--> 00年02日22时03分
15:37:23  world time : 00年02日22时04分
15:37:28  world time : 00年02日22时05分
15:37:33  world time : 00年02日22时06分
15:37:33  world time update--> 00年02日22时06分
15:37:38  world time : 00年02日22时07分
15:37:43  world time : 00年02日22时08分
15:37:48  world time : 00年02日22时09分
15:37:48  world time update--> 00年02日22时09分
15:37:53  world time : 00年02日22时10分
15:37:58  world time : 00年02日22时11分
15:38:3  world time : 00年02日22时12分
15:38:3  world time update--> 00年02日22时12分
15:38:8  world time : 00年02日22时13分
15:38:13  world time : 00年02日22时14分
15:38:18  world time : 00年02日22时15分
15:38:18  world time update--> 00年02日22时15分
15:38:23  world time : 00年02日22时16分
15:38:28  world time : 00年02日22时17分
15:38:33  world time : 00年02日22时18分
15:38:33  world time update--> 00年02日22时18分
15:38:38  world time : 00年02日22时19分
15:38:43  world time : 00年02日22时20分
15:38:48  world time : 00年02日22时21分
15:38:48  world time update--> 00年02日22时21分
15:38:53  world time : 00年02日22时22分
15:38:58  world time : 00年02日22时23分
15:39:3  world time : 00年02日22时24分
15:39:3  world time update--> 00年02日22时24分
15:39:8  world time : 00年02日22时25分
15:39:13  world time : 00年02日22时26分
15:39:18  world time : 00年02日22时27分
15:39:18  world time update--> 00年02日22时27分
15:39:23  world time : 00年02日22时28分
15:39:28  world time : 00年02日22时29分
15:39:33  world time : 00年02日22时30分
15:39:33  world time update--> 00年02日22时30分
15:39:38  world time : 00年02日22时31分
15:39:43  world time : 00年02日22时32分
15:39:48  world time : 00年02日22时33分
15:39:48  world time update--> 00年02日22时33分
15:39:53  world time : 00年02日22时34分
15:39:58  world time : 00年02日22时35分
15:40:3  world time update--> 00年02日22时36分
15:40:3  world time : 00年02日22时36分
15:40:8  world time : 00年02日22时37分
15:40:13  world time : 00年02日22时38分
15:40:18  world time : 00年02日22时39分
15:40:18  world time update--> 00年02日22时39分
15:40:23  world time : 00年02日22时40分
15:40:28  world time : 00年02日22时41分
15:40:33  world time : 00年02日22时42分
15:40:33  world time update--> 00年02日22时42分
15:40:38  world time : 00年02日22时43分
15:40:43  world time : 00年02日22时44分
15:40:48  world time : 00年02日22时45分
15:40:48  world time update--> 00年02日22时45分
15:40:53  world time : 00年02日22时46分
15:40:58  world time : 00年02日22时47分
15:41:3  world time : 00年02日22时48分
15:41:3  world time update--> 00年02日22时48分
15:41:8  world time : 00年02日22时49分
15:41:13  world time : 00年02日22时50分
15:41:18  world time : 00年02日22时51分
15:41:18  world time update--> 00年02日22时51分
15:41:23  world time : 00年02日22时52分
15:41:28  world time : 00年02日22时53分
15:41:33  world time : 00年02日22时54分
15:41:33  world time update--> 00年02日22时54分
15:41:38  world time : 00年02日22时55分
15:41:43  world time : 00年02日22时56分
15:41:48  world time : 00年02日22时57分
15:41:48  world time update--> 00年02日22时57分
15:41:53  world time : 00年02日22时58分
15:41:58  world time : 00年02日22时59分
15:42:3  world time : 00年02日23时00分
15:42:3  world time update--> 00年02日23时00分
15:42:8  world time : 00年02日23时01分
15:42:13  world time : 00年02日23时02分
15:42:18  world time : 00年02日23时03分
15:42:18  world time update--> 00年02日23时03分
15:42:23  world time : 00年02日23时04分
15:42:28  world time : 00年02日23时05分
15:42:33  world time : 00年02日23时06分
15:42:33  world time update--> 00年02日23时06分
15:42:38  world time : 00年02日23时07分
15:42:43  world time : 00年02日23时08分
15:42:48  world time : 00年02日23时09分
15:42:48  world time update--> 00年02日23时09分
15:42:53  world time : 00年02日23时10分
15:42:58  world time : 00年02日23时11分
15:43:3  world time : 00年02日23时12分
15:43:3  world time update--> 00年02日23时12分
15:43:8  world time : 00年02日23时13分
15:43:13  world time : 00年02日23时14分
15:43:18  world time : 00年02日23时15分
15:43:18  world time update--> 00年02日23时15分
15:43:23  world time : 00年02日23时16分
15:43:28  world time : 00年02日23时17分
15:43:33  world time : 00年02日23时18分
15:43:33  world time update--> 00年02日23时18分
15:43:38  world time : 00年02日23时19分
15:43:43  world time : 00年02日23时20分
15:43:48  world time : 00年02日23时21分
15:43:48  world time update--> 00年02日23时21分
15:43:53  world time : 00年02日23时22分
15:43:58  world time : 00年02日23时23分
15:44:3  world time : 00年02日23时24分
15:44:3  world time update--> 00年02日23时24分
15:44:8  world time : 00年02日23时25分
15:44:13  world time : 00年02日23时26分
15:44:18  world time : 00年02日23时27分
15:44:18  world time update--> 00年02日23时27分
15:44:23  world time : 00年02日23时28分
15:44:28  world time : 00年02日23时29分
15:44:33  world time : 00年02日23时30分
15:44:33  world time update--> 00年02日23时30分
15:44:38  world time : 00年02日23时31分
15:44:43  world time : 00年02日23时32分
15:44:48  world time : 00年02日23时33分
15:44:48  world time update--> 00年02日23时33分
15:44:53  world time : 00年02日23时34分
15:44:58  world time : 00年02日23时35分
15:45:3  world time : 00年02日23时36分
15:45:3  world time update--> 00年02日23时36分
15:45:8  world time : 00年02日23时37分
15:45:13  world time : 00年02日23时38分
15:45:18  world time : 00年02日23时39分
15:45:18  world time update--> 00年02日23时39分
15:45:23  world time : 00年02日23时40分
15:45:28  world time : 00年02日23时41分
15:45:33  world time : 00年02日23时42分
15:45:33  world time update--> 00年02日23时42分
15:45:38  world time : 00年02日23时43分
15:45:43  world time : 00年02日23时44分
15:45:48  world time : 00年02日23时45分
15:45:48  world time update--> 00年02日23时45分
15:45:53  world time : 00年02日23时46分
15:45:58  world time : 00年02日23时47分
15:46:3  world time : 00年02日23时48分
15:46:3  world time update--> 00年02日23时48分
15:46:8  world time : 00年02日23时49分
15:46:13  world time : 00年02日23时50分
15:46:18  world time : 00年02日23时51分
15:46:18  world time update--> 00年02日23时51分
15:46:22  bhp5W_d9CZUgzXnS3o7v disconnect!
15:46:23  world time : 00年02日23时52分
15:46:28  world time : 00年02日23时53分
15:46:33  world time : 00年02日23时54分
15:46:33  world time update--> 00年02日23时54分
15:46:38  world time : 00年02日23时55分
15:46:43  world time : 00年02日23时56分
15:46:48  world time : 00年02日23时57分
15:46:48  world time update--> 00年02日23时57分
15:46:54  world time : 00年02日23时58分
