11:1:14  server on
11:2:36  server on
11:4:25  server on
11:4:40  world time update--> 00年10日11时51分
11:4:55  world time update--> 00年10日11时54分
11:5:10  world time update--> 00年10日11时57分
11:5:25  world time update--> 00年10日12时00分
11:5:40  world time update--> 00年10日12时03分
11:5:55  world time update--> 00年10日12时06分
11:6:5  building produce time out
11:6:5  building produce time out
11:6:5  building produce time out
11:6:10  world time update--> 00年10日12时09分
11:6:25  world time update--> 00年10日12时12分
11:6:31  52ecae74de76df040b09cccc join the game!
11:6:40  world time update--> 00年10日12时15分
11:6:55  world time update--> 00年10日12时18分
11:7:10  world time update--> 00年10日12时21分
11:7:25  world time update--> 00年10日12时24分
11:7:37  sGYsCcwAf6I5G3B9M87o disconnect!
11:7:37  52ecae74de76df040b09cccc join the game!
11:7:40  world time update--> 00年10日12时27分
11:7:45  building produce time out
11:7:45  building produce time out
11:7:45  building produce time out
11:7:55  world time update--> 00年10日12时30分
11:8:10  world time update--> 00年10日12时33分
11:8:25  world time update--> 00年10日12时36分
11:8:35  building produce time out
11:8:35  building produce time out
11:8:35  building produce time out
11:8:40  world time update--> 00年10日12时39分
11:8:55  world time update--> 00年10日12时42分
11:9:10  world time update--> 00年10日12时45分
11:9:25  building produce time out
11:9:25  building produce time out
11:9:25  building produce time out
11:9:25  world time update--> 00年10日12时48分
11:9:27  dq5e_ENh4mBYXwdFM87p disconnect!
11:9:27  52ecae74de76df040b09cccc join the game!
11:9:40  world time update--> 00年10日12时51分
11:9:55  world time update--> 00年10日12时54分
11:10:10  world time update--> 00年10日12时57分
11:10:25  world time update--> 00年10日13时00分
11:10:41  world time update--> 00年10日13时03分
11:10:56  world time update--> 00年10日13时06分
11:11:6  building produce time out
11:11:6  building produce time out
11:11:6  building produce time out
11:11:11  world time update--> 00年10日13时09分
11:11:26  world time update--> 00年10日13时12分
11:11:41  world time update--> 00年10日13时15分
11:11:45  GcNt60oWBKZcJi8VM87q disconnect!
11:11:46  52ecae74de76df040b09cccc join the game!
11:11:54  fjGiwvVGsEtZuAjCM87r disconnect!
11:11:55  52ecae74de76df040b09cccc join the game!
11:11:56  world time update--> 00年10日13时18分
11:12:11  world time update--> 00年10日13时21分
11:12:26  world time update--> 00年10日13时24分
11:12:41  world time update--> 00年10日13时27分
11:12:46  building produce time out
11:12:46  building produce time out
11:12:46  building produce time out
11:12:46  building produce time out
11:12:46  building produce time out
11:12:46  building produce time out
11:12:56  world time update--> 00年10日13时30分
11:13:11  world time update--> 00年10日13时33分
11:13:26  world time update--> 00年10日13时36分
11:13:41  world time update--> 00年10日13时39分
11:13:56  world time update--> 00年10日13时42分
11:14:11  world time update--> 00年10日13时45分
11:14:26  building produce time out
11:14:26  building produce time out
11:14:26  world time update--> 00年10日13时48分
11:14:26  building produce time out
11:14:41  world time update--> 00年10日13时51分
11:14:56  world time update--> 00年10日13时54分
11:15:11  world time update--> 00年10日13时57分
11:15:26  world time update--> 00年10日14时00分
11:15:41  world time update--> 00年10日14时03分
11:15:56  world time update--> 00年10日14时06分
11:16:6  building produce time out
11:16:6  building produce time out
11:16:6  building produce time out
11:16:11  world time update--> 00年10日14时09分
11:16:26  world time update--> 00年10日14时12分
11:16:41  world time update--> 00年10日14时15分
11:16:57  building produce time out
11:16:57  building produce time out
11:16:57  building produce time out
11:16:57  world time update--> 00年10日14时18分
11:17:12  world time update--> 00年10日14时21分
11:17:27  world time update--> 00年10日14时24分
11:17:42  world time update--> 00年10日14时27分
11:17:47  building produce time out
11:17:47  building produce time out
11:17:47  building produce time out
11:17:57  world time update--> 00年10日14时30分
11:18:12  world time update--> 00年10日14时33分
11:18:20  IO0rvstAmveBQgYUM87s disconnect!
11:18:20  52ecae74de76df040b09cccc join the game!
11:18:27  world time update--> 00年10日14时36分
11:18:42  world time update--> 00年10日14时39分
11:18:57  world time update--> 00年10日14时42分
11:19:12  world time update--> 00年10日14时45分
11:19:24  XgeW11LgTtUA1GOxM87t disconnect!
11:19:24  52ecae74de76df040b09cccc join the game!
11:19:27  building produce time out
11:19:27  building produce time out
11:19:27  building produce time out
11:19:27  world time update--> 00年10日14时48分
11:19:42  world time update--> 00年10日14时51分
11:19:57  world time update--> 00年10日14时54分
11:20:12  world time update--> 00年10日14时57分
11:20:27  world time update--> 00年10日15时00分
11:20:42  world time update--> 00年10日15时03分
11:20:57  world time update--> 00年10日15时06分
11:21:7  building produce time out
11:21:7  building produce time out
11:21:7  building produce time out
11:21:7  building produce time out
11:21:7  building produce time out
11:21:7  building produce time out
11:21:12  world time update--> 00年10日15时09分
11:21:27  world time update--> 00年10日15时12分
11:21:42  world time update--> 00年10日15时15分
11:21:57  world time update--> 00年10日15时18分
11:22:12  world time update--> 00年10日15时21分
11:22:27  world time update--> 00年10日15时24分
11:22:42  world time update--> 00年10日15时27分
11:22:47  building produce time out
11:22:47  building produce time out
11:22:47  building produce time out
11:22:57  world time update--> 00年10日15时30分
11:23:12  world time update--> 00年10日15时33分
11:23:27  world time update--> 00年10日15时36分
11:23:43  world time update--> 00年10日15时39分
11:23:58  world time update--> 00年10日15时42分
11:24:13  world time update--> 00年10日15时45分
11:24:26  ZiQcHcBA7lOeHrZdM87u disconnect!
11:24:26  52ecae74de76df040b09cccc join the game!
11:24:28  building produce time out
11:24:28  building produce time out
11:24:28  building produce time out
11:24:28  world time update--> 00年10日15时48分
11:24:43  world time update--> 00年10日15时51分
11:24:58  world time update--> 00年10日15时54分
11:25:13  world time update--> 00年10日15时57分
11:25:18  building produce time out
11:25:18  building produce time out
11:25:18  building produce time out
11:25:28  world time update--> 00年10日16时00分
11:25:43  world time update--> 00年10日16时03分
11:25:49  Abh8OvuNcXgKua7RM87v disconnect!
11:25:57  52e3ed5308a726c41479a060 join the game!
11:25:58  world time update--> 00年10日16时06分
11:26:8  building produce time out
11:26:8  building produce time out
11:26:8  building produce time out
11:26:13  world time update--> 00年10日16时09分
11:26:28  world time update--> 00年10日16时12分
11:26:43  world time update--> 00年10日16时15分
11:26:58  world time update--> 00年10日16时18分
11:27:13  world time update--> 00年10日16时21分
11:27:28  world time update--> 00年10日16时24分
11:27:43  world time update--> 00年10日16时27分
11:27:48  building produce time out
11:27:48  building produce time out
11:27:48  building produce time out
11:27:58  world time update--> 00年10日16时30分
11:28:13  world time update--> 00年10日16时33分
11:28:28  world time update--> 00年10日16时36分
11:28:43  world time update--> 00年10日16时39分
11:28:58  world time update--> 00年10日16时42分
11:29:13  world time update--> 00年10日16时45分
11:29:28  building produce time out
11:29:28  building produce time out
11:29:28  building produce time out
11:29:28  building produce time out
11:29:28  building produce time out
11:29:28  building produce time out
11:29:28  world time update--> 00年10日16时48分
11:29:43  world time update--> 00年10日16时51分
11:29:58  world time update--> 00年10日16时54分
11:30:11  qttOeKt77IpkLf0ZM87w disconnect!
11:30:11  52e3ed5308a726c41479a060 join the game!
11:30:13  world time update--> 00年10日16时57分
11:30:29  world time update--> 00年10日17时00分
11:30:44  world time update--> 00年10日17时03分
11:30:59  world time update--> 00年10日17时06分
11:31:9  building produce time out
11:31:9  building produce time out
11:31:9  building produce time out
11:31:14  world time update--> 00年10日17时09分
11:31:29  world time update--> 00年10日17时12分
11:31:44  world time update--> 00年10日17时15分
11:32:3  world time update--> 00年10日17时18分
11:32:8  -8bzB8KKwcOxqO0_M87x disconnect!
11:32:13  52ecae74de76df040b09cccc join the game!
11:32:18  world time update--> 00年10日17时21分
11:32:33  world time update--> 00年10日17时24分
11:32:48  world time update--> 00年10日17时27分
11:32:53  building produce time out
11:32:53  building produce time out
11:32:53  building produce time out
11:33:3  world time update--> 00年10日17时30分
11:33:18  world time update--> 00年10日17时33分
11:33:33  world time update--> 00年10日17时36分
11:33:43  building produce time out
11:33:43  building produce time out
11:33:43  building produce time out
11:33:48  world time update--> 00年10日17时39分
11:34:3  world time update--> 00年10日17时42分
11:34:18  world time update--> 00年10日17时45分
11:34:33  building produce time out
11:34:33  building produce time out
11:34:33  building produce time out
11:34:33  world time update--> 00年10日17时48分
11:34:48  world time update--> 00年10日17时51分
11:35:3  world time update--> 00年10日17时54分
11:35:18  world time update--> 00年10日17时57分
11:35:33  world time update--> 00年10日18时00分
11:35:48  world time update--> 00年10日18时03分
11:36:3  world time update--> 00年10日18时06分
11:36:13  building produce time out
11:36:13  building produce time out
11:36:13  building produce time out
11:36:18  world time update--> 00年10日18时09分
11:36:33  world time update--> 00年10日18时12分
11:36:48  world time update--> 00年10日18时15分
11:37:3  world time update--> 00年10日18时18分
11:37:18  world time update--> 00年10日18时21分
11:37:33  world time update--> 00年10日18时24分
11:37:48  world time update--> 00年10日18时27分
11:37:53  building produce time out
11:37:53  building produce time out
11:37:53  wsxxdwd生成了52f395588d619f88084491e4
11:37:53  building produce time out
11:37:53  building produce time out
11:37:53  building produce time out
11:37:53  building produce time out
11:38:3  world time update--> 00年10日18时30分
11:38:18  world time update--> 00年10日18时33分
11:38:33  world time update--> 00年10日18时36分
11:38:48  world time update--> 00年10日18时39分
11:39:3  world time update--> 00年10日18时42分
11:39:18  world time update--> 00年10日18时45分
11:39:33  building produce time out
11:39:33  building produce time out
11:39:33  building produce time out
11:39:33  world time update--> 00年10日18时48分
11:39:49  world time update--> 00年10日18时51分
11:40:4  world time update--> 00年10日18时54分
11:40:19  world time update--> 00年10日18时57分
11:40:34  world time update--> 00年10日19时00分
11:40:49  world time update--> 00年10日19时03分
11:41:4  world time update--> 00年10日19时06分
11:41:14  building produce time out
11:41:14  building produce time out
11:41:14  building produce time out
11:41:19  world time update--> 00年10日19时09分
11:41:34  world time update--> 00年10日19时12分
11:41:49  world time update--> 00年10日19时15分
11:42:4  building produce time out
11:42:4  building produce time out
11:42:4  building produce time out
11:42:4  world time update--> 00年10日19时18分
11:42:19  world time update--> 00年10日19时21分
11:42:34  world time update--> 00年10日19时24分
11:42:49  world time update--> 00年10日19时27分
11:42:54  building produce time out
11:42:54  building produce time out
11:42:54  building produce time out
11:43:4  world time update--> 00年10日19时30分
11:43:19  world time update--> 00年10日19时33分
11:43:34  world time update--> 00年10日19时36分
11:43:49  world time update--> 00年10日19时39分
11:44:4  world time update--> 00年10日19时42分
11:44:19  world time update--> 00年10日19时45分
11:44:34  building produce time out
11:44:34  building produce time out
11:44:34  building produce time out
11:44:34  world time update--> 00年10日19时48分
11:44:49  world time update--> 00年10日19时51分
11:45:4  world time update--> 00年10日19时54分
11:45:19  world time update--> 00年10日19时57分
11:45:34  world time update--> 00年10日20时00分
11:45:49  world time update--> 00年10日20时03分
11:46:4  world time update--> 00年10日20时06分
11:46:14  building produce time out
11:46:14  building produce time out
11:46:14  building produce time out
11:46:14  building produce time out
11:46:14  building produce time out
11:46:14  building produce time out
11:46:19  world time update--> 00年10日20时09分
11:46:34  world time update--> 00年10日20时12分
11:46:49  world time update--> 00年10日20时15分
11:47:4  world time update--> 00年10日20时18分
11:47:20  world time update--> 00年10日20时21分
11:47:35  world time update--> 00年10日20时24分
11:47:50  world time update--> 00年10日20时27分
11:47:55  building produce time out
11:47:55  building produce time out
11:47:55  building produce time out
11:48:5  world time update--> 00年10日20时30分
11:48:20  world time update--> 00年10日20时33分
11:48:35  world time update--> 00年10日20时36分
11:48:50  world time update--> 00年10日20时39分
11:49:5  world time update--> 00年10日20时42分
11:49:20  world time update--> 00年10日20时45分
11:49:35  building produce time out
11:49:35  building produce time out
11:49:35  building produce time out
11:49:35  world time update--> 00年10日20时48分
11:49:50  world time update--> 00年10日20时51分
11:50:5  world time update--> 00年10日20时54分
11:50:20  world time update--> 00年10日20时57分
11:50:25  building produce time out
11:50:25  building produce time out
11:50:25  building produce time out
11:50:35  world time update--> 00年10日21时00分
11:50:50  world time update--> 00年10日21时03分
11:51:5  world time update--> 00年10日21时06分
11:51:15  building produce time out
11:51:15  building produce time out
11:51:15  building produce time out
11:51:20  world time update--> 00年10日21时09分
11:51:35  world time update--> 00年10日21时12分
11:51:50  world time update--> 00年10日21时15分
11:52:5  world time update--> 00年10日21时18分
11:52:20  world time update--> 00年10日21时21分
11:52:35  world time update--> 00年10日21时24分
11:52:50  world time update--> 00年10日21时27分
11:52:55  building produce time out
11:52:55  building produce time out
11:52:55  building produce time out
11:53:5  world time update--> 00年10日21时30分
11:53:20  world time update--> 00年10日21时33分
11:53:35  world time update--> 00年10日21时36分
11:53:50  world time update--> 00年10日21时39分
11:54:5  world time update--> 00年10日21时42分
11:54:20  world time update--> 00年10日21时45分
11:54:35  building produce time out
11:54:35  building produce time out
11:54:35  building produce time out
11:54:35  building produce time out
11:54:35  building produce time out
11:54:35  building produce time out
11:54:35  world time update--> 00年10日21时48分
11:54:50  world time update--> 00年10日21时51分
11:55:5  world time update--> 00年10日21时54分
11:55:20  world time update--> 00年10日21时57分
11:55:36  world time update--> 00年10日22时00分
11:55:51  world time update--> 00年10日22时03分
11:56:6  world time update--> 00年10日22时06分
11:56:16  building produce time out
11:56:16  building produce time out
11:56:16  building produce time out
11:56:21  world time update--> 00年10日22时09分
11:56:36  world time update--> 00年10日22时12分
11:56:51  world time update--> 00年10日22时15分
11:57:6  world time update--> 00年10日22时18分
11:57:21  world time update--> 00年10日22时21分
11:57:36  world time update--> 00年10日22时24分
11:57:51  world time update--> 00年10日22时27分
11:57:56  building produce time out
11:57:56  building produce time out
11:57:56  building produce time out
11:58:6  world time update--> 00年10日22时30分
11:58:21  world time update--> 00年10日22时33分
11:58:36  world time update--> 00年10日22时36分
11:58:46  building produce time out
11:58:46  building produce time out
11:58:46  building produce time out
11:58:51  world time update--> 00年10日22时39分
11:59:6  world time update--> 00年10日22时42分
11:59:21  world time update--> 00年10日22时45分
11:59:36  building produce time out
11:59:36  building produce time out
11:59:36  building produce time out
11:59:36  world time update--> 00年10日22时48分
11:59:51  world time update--> 00年10日22时51分
12:0:6  world time update--> 00年10日22时54分
12:0:21  world time update--> 00年10日22时57分
12:0:36  world time update--> 00年10日23时00分
12:0:51  world time update--> 00年10日23时03分
12:1:6  world time update--> 00年10日23时06分
12:1:16  building produce time out
12:1:16  building produce time out
12:1:16  building produce time out
12:1:21  world time update--> 00年10日23时09分
12:1:36  world time update--> 00年10日23时12分
12:1:51  world time update--> 00年10日23时15分
12:2:6  world time update--> 00年10日23时18分
12:2:21  world time update--> 00年10日23时21分
12:2:36  world time update--> 00年10日23时24分
12:2:51  world time update--> 00年10日23时27分
12:2:56  building produce time out
12:2:56  building produce time out
12:2:56  building produce time out
12:2:56  building produce time out
12:2:56  building produce time out
12:2:56  building produce time out
12:3:6  world time update--> 00年10日23时30分
12:3:21  world time update--> 00年10日23时33分
12:3:36  world time update--> 00年10日23时36分
12:3:51  world time update--> 00年10日23时39分
12:4:6  world time update--> 00年10日23时42分
12:4:22  world time update--> 00年10日23时45分
12:4:37  building produce time out
12:4:37  building produce time out
12:4:37  building produce time out
12:4:37  world time update--> 00年10日23时48分
12:4:52  world time update--> 00年10日23时51分
12:5:7  world time update--> 00年10日23时54分
12:5:22  world time update--> 00年10日23时57分
12:5:37  world time update--> 00年11日00时00分
12:5:52  world time update--> 00年11日00时03分
12:6:7  world time update--> 00年11日00时06分
12:6:17  building produce time out
12:6:17  building produce time out
12:6:17  building produce time out
12:6:22  world time update--> 00年11日00时09分
12:6:37  world time update--> 00年11日00时12分
12:6:52  world time update--> 00年11日00时15分
12:7:7  building produce time out
12:7:7  building produce time out
12:7:7  building produce time out
12:7:7  world time update--> 00年11日00时18分
12:7:22  world time update--> 00年11日00时21分
12:7:37  world time update--> 00年11日00时24分
12:7:52  world time update--> 00年11日00时27分
12:7:57  building produce time out
12:7:57  building produce time out
12:7:57  building produce time out
12:8:7  world time update--> 00年11日00时30分
12:8:22  world time update--> 00年11日00时33分
12:8:37  world time update--> 00年11日00时36分
12:8:52  world time update--> 00年11日00时39分
12:9:7  world time update--> 00年11日00时42分
12:9:22  world time update--> 00年11日00时45分
12:17:28  server on
12:17:43  world time update--> 00年11日00时48分
12:17:59  world time update--> 00年11日00时51分
12:18:14  world time update--> 00年11日00时54分
12:18:29  world time update--> 00年11日00时57分
12:22:13  server on
12:26:18  server on
12:30:7  server on
12:30:22  world time update--> 00年11日01时00分
12:30:37  world time update--> 00年11日01时03分
12:30:52  world time update--> 00年11日01时06分
12:31:7  world time update--> 00年11日01时09分
12:31:22  world time update--> 00年11日01时12分
12:31:37  world time update--> 00年11日01时15分
12:31:52  world time update--> 00年11日01时18分
12:32:7  world time update--> 00年11日01时21分
12:32:22  world time update--> 00年11日01时24分
12:32:37  world time update--> 00年11日01时27分
12:32:52  world time update--> 00年11日01时30分
12:33:8  world time update--> 00年11日01时33分
12:33:23  world time update--> 00年11日01时36分
12:33:38  world time update--> 00年11日01时39分
12:33:53  world time update--> 00年11日01时42分
12:34:8  world time update--> 00年11日01时45分
12:34:23  world time update--> 00年11日01时48分
12:38:19  server on
12:39:58  server on
12:40:13  world time update--> 00年11日01时51分
12:40:28  world time update--> 00年11日01时54分
12:40:43  world time update--> 00年11日01时57分
12:40:58  world time update--> 00年11日02时00分
12:41:13  world time update--> 00年11日02时03分
12:41:28  world time update--> 00年11日02时06分
12:41:43  world time update--> 00年11日02时09分
12:46:40  server on
12:46:48  server on
12:49:3  server on
12:50:18  server on
12:53:8  server on
12:53:23  world time update--> 00年11日02时12分
12:53:39  world time update--> 00年11日02时15分
12:53:39  52e3e7e621cd27b412872063 join the game!
12:53:54  world time update--> 00年11日02时18分
12:54:9  world time update--> 00年11日02时21分
12:54:24  world time update--> 00年11日02时24分
12:54:29  di生成了52f395588d619f88084491e4
12:54:39  world time update--> 00年11日02时27分
12:54:54  world time update--> 00年11日02时30分
12:55:9  world time update--> 00年11日02时33分
12:55:24  world time update--> 00年11日02时36分
12:55:39  world time update--> 00年11日02时39分
12:55:54  world time update--> 00年11日02时42分
12:56:9  world time update--> 00年11日02时45分
12:56:14  di生成了52f395588d619f88084491e4
12:56:24  world time update--> 00年11日02时48分
12:56:39  world time update--> 00年11日02时51分
12:56:54  world time update--> 00年11日02时54分
12:57:9  world time update--> 00年11日02时57分
12:57:24  di生成了52ef8fd60163106814ff823d
12:57:24  world time update--> 00年11日03时00分
12:57:39  world time update--> 00年11日03时03分
12:57:54  world time update--> 00年11日03时06分
12:57:59  di生成了52f395588d619f88084491e4
12:58:10  world time update--> 00年11日03时09分
12:58:25  world time update--> 00年11日03时12分
12:58:40  world time update--> 00年11日03时15分
12:58:55  world time update--> 00年11日03时18分
12:59:10  world time update--> 00年11日03时21分
12:59:25  world time update--> 00年11日03时24分
12:59:40  world time update--> 00年11日03时27分
12:59:45  di生成了52f395588d619f88084491e4
12:59:55  world time update--> 00年11日03时30分
13:0:10  world time update--> 00年11日03时33分
13:0:25  world time update--> 00年11日03时36分
13:0:40  world time update--> 00年11日03时39分
13:0:55  world time update--> 00年11日03时42分
13:1:10  world time update--> 00年11日03时45分
13:1:25  world time update--> 00年11日03时48分
13:1:30  di生成了52f395588d619f88084491e4
13:1:40  di生成了52ef8fd60163106814ff823d
13:1:40  world time update--> 00年11日03时51分
13:1:55  world time update--> 00年11日03时54分
13:2:10  world time update--> 00年11日03时57分
13:2:25  world time update--> 00年11日04时00分
13:2:40  world time update--> 00年11日04时03分
13:2:55  world time update--> 00年11日04时06分
13:3:10  world time update--> 00年11日04时09分
13:3:15  di生成了52f395588d619f88084491e4
13:3:25  world time update--> 00年11日04时12分
13:3:41  world time update--> 00年11日04时15分
13:3:56  world time update--> 00年11日04时18分
13:4:11  world time update--> 00年11日04时21分
13:4:26  world time update--> 00年11日04时24分
13:4:41  world time update--> 00年11日04时27分
13:4:56  world time update--> 00年11日04时30分
13:5:1  di生成了52f395588d619f88084491e4
13:5:11  world time update--> 00年11日04时33分
13:5:26  world time update--> 00年11日04时36分
13:5:41  world time update--> 00年11日04时39分
13:5:56  di生成了52ef8fd60163106814ff823d
13:5:56  world time update--> 00年11日04时42分
13:6:11  world time update--> 00年11日04时45分
13:6:26  world time update--> 00年11日04时48分
13:6:41  world time update--> 00年11日04时51分
13:6:46  di生成了52f395588d619f88084491e4
13:6:56  Fb_voUZ4RNgeLNqzl1p8 disconnect!
13:6:56  52e3e7e621cd27b412872063 join the game!
13:6:56  world time update--> 00年11日04时54分
13:7:11  world time update--> 00年11日04时57分
13:7:26  world time update--> 00年11日05时00分
13:7:41  world time update--> 00年11日05时03分
13:7:56  world time update--> 00年11日05时06分
13:8:11  world time update--> 00年11日05时09分
13:8:26  world time update--> 00年11日05时12分
13:8:31  di生成了52f395588d619f88084491e4
13:8:41  world time update--> 00年11日05时15分
13:8:56  world time update--> 00年11日05时18分
13:8:57  LifnBZM_bsGIR5dQl1p9 disconnect!
13:8:58  52e3e7e621cd27b412872063 join the game!
13:9:11  world time update--> 00年11日05时21分
13:9:17  7o7RTX38pXSgUbS0l1p- disconnect!
13:9:18  52e3e7e621cd27b412872063 join the game!
13:9:26  world time update--> 00年11日05时24分
13:9:41  world time update--> 00年11日05时27分
13:9:56  world time update--> 00年11日05时30分
13:10:10  Erh-foD831DLjd0Ul1p_ disconnect!
13:10:10  52e3e7e621cd27b412872063 join the game!
13:10:12  world time update--> 00年11日05时33分
13:10:17  di生成了52f395588d619f88084491e4
13:10:27  world time update--> 00年11日05时36分
13:10:42  world time update--> 00年11日05时39分
13:10:57  world time update--> 00年11日05时42分
13:11:8  -74CkYeLYI1PfUHBl1qA disconnect!
13:11:8  52e3e7e621cd27b412872063 join the game!
13:11:12  world time update--> 00年11日05时45分
13:11:27  world time update--> 00年11日05时48分
13:11:40  h9dGndVCc6YE-hpOl1qB disconnect!
13:11:41  52e3e7e621cd27b412872063 join the game!
13:11:42  world time update--> 00年11日05时51分
13:11:57  world time update--> 00年11日05时54分
13:12:2  di生成了52f395588d619f88084491e4
13:12:12  world time update--> 00年11日05时57分
13:12:27  world time update--> 00年11日06时00分
13:12:42  world time update--> 00年11日06时03分
13:12:57  world time update--> 00年11日06时06分
13:13:12  world time update--> 00年11日06时09分
13:13:27  world time update--> 00年11日06时12分
13:13:42  world time update--> 00年11日06时15分
13:13:47  di生成了52f395588d619f88084491e4
13:13:57  world time update--> 00年11日06时18分
13:14:4  VCx_gTp1TMwOTpy8l1qC disconnect!
13:14:5  52e3e7e621cd27b412872063 join the game!
13:14:12  world time update--> 00年11日06时21分
13:14:27  world time update--> 00年11日06时24分
13:14:42  world time update--> 00年11日06时27分
13:14:57  world time update--> 00年11日06时30分
13:15:12  world time update--> 00年11日06时33分
13:15:27  world time update--> 00年11日06时36分
13:15:32  di生成了52f395588d619f88084491e4
13:15:42  world time update--> 00年11日06时39分
13:15:57  world time update--> 00年11日06时42分
13:16:12  world time update--> 00年11日06时45分
13:16:27  world time update--> 00年11日06时48分
13:16:42  world time update--> 00年11日06时51分
13:16:57  world time update--> 00年11日06时54分
13:16:59  G2p6Q9s24yXxfuHpl1qD disconnect!
13:16:59  52e3e7e621cd27b412872063 join the game!
13:17:12  world time update--> 00年11日06时57分
13:17:17  di生成了52f395588d619f88084491e4
13:17:27  world time update--> 00年11日07时00分
13:17:43  world time update--> 00年11日07时03分
13:20:49  server on
13:21:4  world time update--> 00年11日07时06分
13:21:19  world time update--> 00年11日07时09分
13:21:34  world time update--> 00年11日07时12分
13:21:49  world time update--> 00年11日07时15分
13:21:51  52ecae74de76df040b09cccc join the game!
13:22:4  wsxxdwd生成了52f395588d619f88084491e4
13:22:4  world time update--> 00年11日07时18分
13:22:8  IKobTISOoimkzcDNsLDx disconnect!
13:22:17  52ecae74de76df040b09cccc join the game!
13:22:19  world time update--> 00年11日07时21分
13:22:33  YYdesjzFVSnQ5UEDsLDy disconnect!
13:22:33  52ecae74de76df040b09cccc join the game!
13:22:34  world time update--> 00年11日07时24分
13:22:49  world time update--> 00年11日07时27分
13:23:4  world time update--> 00年11日07时30分
13:23:15  0TSUfFjHK0L_rTdTsLDz disconnect!
13:23:15  52ecae74de76df040b09cccc join the game!
13:23:19  world time update--> 00年11日07时33分
13:23:32  8gJ6FgfsaQOZ8GZ6sLD0 disconnect!
13:23:34  world time update--> 00年11日07时36分
13:23:43  52ecae74de76df040b09cccc join the game!
13:23:49  wsxxdwd生成了52f395588d619f88084491e4
13:23:49  world time update--> 00年11日07时39分
13:23:57  bROR1SxGqEiWwZlpsLD1 disconnect!
13:24:4  world time update--> 00年11日07时42分
13:24:11  52ecae74de76df040b09cccc join the game!
13:24:19  world time update--> 00年11日07时45分
13:24:34  world time update--> 00年11日07时48分
13:24:49  world time update--> 00年11日07时51分
13:25:5  world time update--> 00年11日07时54分
13:25:20  world time update--> 00年11日07时57分
13:25:35  wsxxdwd生成了52f395588d619f88084491e4
13:25:35  world time update--> 00年11日08时00分
13:25:50  world time update--> 00年11日08时03分
13:26:0  wsxxdwd生成了52ef8fd60163106814ff823d
13:26:5  world time update--> 00年11日08时06分
13:26:13  cw8brEi3hA3QEcCxsLD2 disconnect!
13:26:13  52ecae74de76df040b09cccc join the game!
13:26:20  world time update--> 00年11日08时09分
13:26:35  world time update--> 00年11日08时12分
13:26:41  Spf3iOptmscLzi8KsLD3 disconnect!
13:26:41  52ecae74de76df040b09cccc join the game!
13:26:50  world time update--> 00年11日08时15分
13:27:5  world time update--> 00年11日08时18分
13:27:20  wsxxdwd生成了52f395588d619f88084491e4
13:27:20  world time update--> 00年11日08时21分
13:27:34  -dJoE5UUKHZ5YfNhsLD4 disconnect!
13:27:34  52ecae74de76df040b09cccc join the game!
13:27:35  world time update--> 00年11日08时24分
13:27:50  world time update--> 00年11日08时27分
13:28:5  world time update--> 00年11日08时30分
13:28:9  PzVobgPNwrQcigx_sLD5 disconnect!
13:28:9  52ecae74de76df040b09cccc join the game!
13:28:20  world time update--> 00年11日08时33分
13:28:35  world time update--> 00年11日08时36分
13:28:39  TOekbdORJKv_bfMosLD6 disconnect!
13:28:40  52ecae74de76df040b09cccc join the game!
13:28:50  world time update--> 00年11日08时39分
13:29:5  wsxxdwd生成了52f395588d619f88084491e4
13:29:5  world time update--> 00年11日08时42分
13:29:10  HkCuyFlHx9JlciFIsLD7 disconnect!
13:29:10  52ecae74de76df040b09cccc join the game!
13:29:20  world time update--> 00年11日08时45分
13:29:35  world time update--> 00年11日08时48分
13:29:51  world time update--> 00年11日08时51分
13:30:6  world time update--> 00年11日08时54分
13:30:16  wsxxdwd生成了52ef8fd60163106814ff823d
13:30:21  world time update--> 00年11日08时57分
13:30:36  world time update--> 00年11日09时00分
13:30:51  wsxxdwd生成了52f395588d619f88084491e4
13:30:51  world time update--> 00年11日09时03分
13:31:6  world time update--> 00年11日09时06分
13:31:21  world time update--> 00年11日09时09分
13:31:36  world time update--> 00年11日09时12分
13:31:51  world time update--> 00年11日09时15分
13:32:6  world time update--> 00年11日09时18分
13:32:21  world time update--> 00年11日09时21分
13:32:36  wsxxdwd生成了52f395588d619f88084491e4
13:32:36  world time update--> 00年11日09时24分
13:32:51  world time update--> 00年11日09时27分
13:33:6  world time update--> 00年11日09时30分
13:33:18  2ViKxsoQlQpR7qzKsLD8 disconnect!
13:33:18  52ecae74de76df040b09cccc join the game!
13:33:21  world time update--> 00年11日09时33分
13:33:36  world time update--> 00年11日09时36分
13:33:51  world time update--> 00年11日09时39分
13:34:6  world time update--> 00年11日09时42分
13:34:21  wsxxdwd生成了52f395588d619f88084491e4
13:34:21  world time update--> 00年11日09时45分
13:34:31  wsxxdwd生成了52ef8fd60163106814ff823d
13:34:36  world time update--> 00年11日09时48分
13:34:51  world time update--> 00年11日09时51分
13:35:6  world time update--> 00年11日09时54分
13:35:21  world time update--> 00年11日09时57分
13:35:36  world time update--> 00年11日10时00分
13:35:52  world time update--> 00年11日10时03分
13:36:7  wsxxdwd生成了52f395588d619f88084491e4
13:36:7  world time update--> 00年11日10时06分
13:36:22  world time update--> 00年11日10时09分
13:36:35  JkF88tex-XAn4RjQsLD9 disconnect!
13:36:35  52ecae74de76df040b09cccc join the game!
13:36:37  world time update--> 00年11日10时12分
13:36:52  world time update--> 00年11日10时15分
13:37:7  world time update--> 00年11日10时18分
13:37:22  world time update--> 00年11日10时21分
13:37:37  world time update--> 00年11日10时24分
13:37:52  wsxxdwd生成了52f395588d619f88084491e4
13:37:52  world time update--> 00年11日10时27分
13:38:6  server on
13:38:9  yWRaleNqtpxVemDjwISe disconnect!
13:38:15  52ecae74de76df040b09cccc join the game!
13:38:21  world time update--> 00年11日10时30分
13:38:25  pwHip0eoDwI0vXqIwISf disconnect!
13:38:25  52ecae74de76df040b09cccc join the game!
13:38:36  world time update--> 00年11日10时33分
13:38:51  wsxxdwd生成了52ef8fd60163106814ff823d
13:38:51  world time update--> 00年11日10时36分
13:38:52  Fst0pe26c5-Z5CLiwISg disconnect!
13:38:52  52ecae74de76df040b09cccc join the game!
13:39:3  y0hZddJVcDfBXDG7wISh disconnect!
13:39:3  52ecae74de76df040b09cccc join the game!
13:39:6  world time update--> 00年11日10时39分
13:39:49  server on
13:39:58  52ecae74de76df040b09cccc join the game!
13:41:12  server on
13:41:23  52ecae74de76df040b09cccc join the game!
13:41:27  world time update--> 00年11日10时42分
13:41:37  wsxxdwd生成了52f395588d619f88084491e4
13:41:42  world time update--> 00年11日10时45分
13:41:57  world time update--> 00年11日10时48分
13:42:12  world time update--> 00年11日10时51分
13:42:27  world time update--> 00年11日10时54分
13:42:43  world time update--> 00年11日10时57分
13:42:58  world time update--> 00年11日11时00分
13:43:13  world time update--> 00年11日11时03分
13:43:23  wsxxdwd生成了52f395588d619f88084491e4
13:43:28  world time update--> 00年11日11时06分
13:43:43  world time update--> 00年11日11时09分
13:43:58  world time update--> 00年11日11时12分
13:44:13  world time update--> 00年11日11时15分
13:44:28  world time update--> 00年11日11时18分
13:44:43  world time update--> 00年11日11时21分
13:44:58  world time update--> 00年11日11时24分
13:45:3  wsxxdwd生成了52ef8fd60163106814ff823d
13:45:8  wsxxdwd生成了52f395588d619f88084491e4
13:45:13  world time update--> 00年11日11时27分
13:45:28  world time update--> 00年11日11时30分
13:45:43  world time update--> 00年11日11时33分
13:45:58  world time update--> 00年11日11时36分
13:46:13  world time update--> 00年11日11时39分
13:46:28  world time update--> 00年11日11时42分
13:46:43  world time update--> 00年11日11时45分
13:46:53  wsxxdwd生成了52f395588d619f88084491e4
13:46:58  world time update--> 00年11日11时48分
13:47:13  world time update--> 00年11日11时51分
13:47:28  world time update--> 00年11日11时54分
13:47:43  world time update--> 00年11日11时57分
13:47:58  world time update--> 00年11日12时00分
13:48:13  world time update--> 00年11日12时03分
13:48:29  world time update--> 00年11日12时06分
13:48:39  wsxxdwd生成了52f395588d619f88084491e4
13:48:44  world time update--> 00年11日12时09分
13:48:59  world time update--> 00年11日12时12分
13:49:14  world time update--> 00年11日12时15分
13:49:19  wsxxdwd生成了52ef8fd60163106814ff823d
13:49:29  world time update--> 00年11日12时18分
13:49:44  world time update--> 00年11日12时21分
13:49:59  world time update--> 00年11日12时24分
13:50:14  world time update--> 00年11日12时27分
13:50:24  wsxxdwd生成了52f395588d619f88084491e4
13:50:29  world time update--> 00年11日12时30分
13:50:44  world time update--> 00年11日12时33分
13:50:59  world time update--> 00年11日12时36分
13:51:14  world time update--> 00年11日12时39分
13:51:29  world time update--> 00年11日12时42分
13:51:44  world time update--> 00年11日12时45分
13:51:59  world time update--> 00年11日12时48分
13:52:9  wsxxdwd生成了52f395588d619f88084491e4
13:52:14  world time update--> 00年11日12时51分
13:52:29  world time update--> 00年11日12时54分
13:52:44  world time update--> 00年11日12时57分
13:52:59  world time update--> 00年11日13时00分
13:53:14  world time update--> 00年11日13时03分
13:53:29  world time update--> 00年11日13时06分
13:53:44  world time update--> 00年11日13时09分
13:53:54  wsxxdwd生成了52f395588d619f88084491e4
13:53:59  world time update--> 00年11日13时12分
13:54:14  world time update--> 00年11日13时15分
13:54:30  world time update--> 00年11日13时18分
13:54:45  world time update--> 00年11日13时21分
13:55:0  world time update--> 00年11日13时24分
13:55:15  world time update--> 00年11日13时27分
13:55:30  world time update--> 00年11日13时30分
13:55:40  wsxxdwd生成了52f395588d619f88084491e4
13:55:46  world time update--> 00年11日13时33分
13:56:1  world time update--> 00年11日13时36分
13:56:16  world time update--> 00年11日13时39分
13:56:31  world time update--> 00年11日13时42分
13:56:46  world time update--> 00年11日13时45分
13:57:1  world time update--> 00年11日13时48分
13:57:16  world time update--> 00年11日13时51分
13:57:26  wsxxdwd生成了52f395588d619f88084491e4
13:57:31  world time update--> 00年11日13时54分
13:57:46  world time update--> 00年11日13时57分
13:58:1  world time update--> 00年11日14时00分
13:58:16  world time update--> 00年11日14时03分
13:58:31  world time update--> 00年11日14时06分
13:58:46  world time update--> 00年11日14时09分
13:59:1  world time update--> 00年11日14时12分
13:59:11  wsxxdwd生成了52f395588d619f88084491e4
13:59:16  world time update--> 00年11日14时15分
13:59:31  world time update--> 00年11日14时18分
13:59:46  world time update--> 00年11日14时21分
14:0:1  world time update--> 00年11日14时24分
14:0:16  world time update--> 00年11日14时27分
14:0:31  world time update--> 00年11日14时30分
14:0:46  world time update--> 00年11日14时33分
14:0:56  wsxxdwd生成了52f395588d619f88084491e4
14:1:1  world time update--> 00年11日14时36分
14:1:16  world time update--> 00年11日14时39分
14:1:18  t6PAbYYGu4p1CoMFw1se disconnect!
14:1:18  52ecae74de76df040b09cccc join the game!
14:1:24  8K7bQBmwg950XkJ0w1sf disconnect!
14:1:30  52e3e7e621cd27b412872063 join the game!
14:1:31  world time update--> 00年11日14时42分
14:1:46  world time update--> 00年11日14时45分
14:2:1  world time update--> 00年11日14时48分
14:2:16  world time update--> 00年11日14时51分
14:2:31  world time update--> 00年11日14时54分
14:2:41  di生成了52f395588d619f88084491e4
14:2:46  world time update--> 00年11日14时57分
14:3:1  world time update--> 00年11日15时00分
14:3:16  world time update--> 00年11日15时03分
14:3:32  world time update--> 00年11日15时06分
14:3:47  world time update--> 00年11日15时09分
14:4:2  world time update--> 00年11日15时12分
14:4:17  world time update--> 00年11日15时15分
14:4:27  di生成了52f395588d619f88084491e4
14:4:32  world time update--> 00年11日15时18分
14:4:47  world time update--> 00年11日15时21分
14:5:2  world time update--> 00年11日15时24分
14:5:17  world time update--> 00年11日15时27分
14:5:32  world time update--> 00年11日15时30分
14:5:47  world time update--> 00年11日15时33分
14:6:2  world time update--> 00年11日15时36分
14:6:12  di生成了52f395588d619f88084491e4
14:6:17  world time update--> 00年11日15时39分
14:6:32  world time update--> 00年11日15时42分
14:6:47  world time update--> 00年11日15时45分
14:7:2  world time update--> 00年11日15时48分
14:7:17  world time update--> 00年11日15时51分
14:7:32  world time update--> 00年11日15时54分
14:7:47  world time update--> 00年11日15时57分
14:7:57  di生成了52f395588d619f88084491e4
14:8:2  world time update--> 00年11日16时00分
14:8:17  world time update--> 00年11日16时03分
14:8:32  world time update--> 00年11日16时06分
14:8:47  world time update--> 00年11日16时09分
14:9:2  world time update--> 00年11日16时12分
14:9:17  world time update--> 00年11日16时15分
14:9:32  world time update--> 00年11日16时18分
14:9:42  di生成了52f395588d619f88084491e4
14:9:47  world time update--> 00年11日16时21分
14:10:2  world time update--> 00年11日16时24分
14:10:18  world time update--> 00年11日16时27分
14:10:33  world time update--> 00年11日16时30分
14:10:48  world time update--> 00年11日16时33分
14:11:3  world time update--> 00年11日16时36分
14:11:18  world time update--> 00年11日16时39分
14:11:28  di生成了52f395588d619f88084491e4
14:11:33  world time update--> 00年11日16时42分
14:11:48  world time update--> 00年11日16时45分
14:12:3  world time update--> 00年11日16时48分
14:12:18  world time update--> 00年11日16时51分
14:12:33  world time update--> 00年11日16时54分
14:12:48  world time update--> 00年11日16时57分
14:13:3  world time update--> 00年11日17时00分
14:13:13  di生成了52f395588d619f88084491e4
14:13:18  world time update--> 00年11日17时03分
14:13:33  world time update--> 00年11日17时06分
14:13:48  world time update--> 00年11日17时09分
14:14:3  world time update--> 00年11日17时12分
14:14:18  world time update--> 00年11日17时15分
14:14:33  world time update--> 00年11日17时18分
14:14:48  world time update--> 00年11日17时21分
14:14:58  di生成了52f395588d619f88084491e4
14:15:3  world time update--> 00年11日17时24分
14:15:18  world time update--> 00年11日17时27分
14:15:33  world time update--> 00年11日17时30分
14:15:48  world time update--> 00年11日17时33分
14:16:3  world time update--> 00年11日17时36分
14:16:19  world time update--> 00年11日17时39分
14:16:34  world time update--> 00年11日17时42分
14:16:44  di生成了52f395588d619f88084491e4
14:16:49  world time update--> 00年11日17时45分
14:17:4  world time update--> 00年11日17时48分
14:17:19  world time update--> 00年11日17时51分
14:17:34  world time update--> 00年11日17时54分
14:17:49  world time update--> 00年11日17时57分
14:18:4  world time update--> 00年11日18时00分
14:18:19  world time update--> 00年11日18时03分
14:18:29  di生成了52f395588d619f88084491e4
14:18:34  world time update--> 00年11日18时06分
14:18:49  world time update--> 00年11日18时09分
14:19:4  world time update--> 00年11日18时12分
14:19:19  world time update--> 00年11日18时15分
14:19:34  world time update--> 00年11日18时18分
14:19:49  world time update--> 00年11日18时21分
14:20:4  world time update--> 00年11日18时24分
14:20:14  di生成了52f395588d619f88084491e4
14:20:19  world time update--> 00年11日18时27分
14:20:34  world time update--> 00年11日18时30分
14:20:49  world time update--> 00年11日18时33分
14:21:4  world time update--> 00年11日18时36分
14:21:18  zThrwl0T9Svs_WZZw1sg disconnect!
14:21:18  52e3e7e621cd27b412872063 join the game!
14:21:19  world time update--> 00年11日18时39分
14:21:34  world time update--> 00年11日18时42分
14:21:49  world time update--> 00年11日18时45分
14:21:58  rns8r3Hkr85qSuBGw1sh disconnect!
14:21:59  52e3e7e621cd27b412872063 join the game!
14:21:59  di生成了52f395588d619f88084491e4
14:22:4  world time update--> 00年11日18时48分
14:22:19  world time update--> 00年11日18时51分
14:22:35  world time update--> 00年11日18时54分
14:22:38  Jecv6s3vKsySSd_fw1si disconnect!
14:22:38  52e3e7e621cd27b412872063 join the game!
14:22:50  world time update--> 00年11日18时57分
14:23:5  world time update--> 00年11日19时00分
14:23:20  world time update--> 00年11日19时03分
14:23:35  world time update--> 00年11日19时06分
14:23:45  di生成了52f395588d619f88084491e4
14:23:50  world time update--> 00年11日19时09分
14:24:5  world time update--> 00年11日19时12分
14:24:20  world time update--> 00年11日19时15分
14:24:35  world time update--> 00年11日19时18分
14:24:50  world time update--> 00年11日19时21分
14:25:5  world time update--> 00年11日19时24分
14:25:20  world time update--> 00年11日19时27分
14:25:30  di生成了52f395588d619f88084491e4
14:25:35  world time update--> 00年11日19时30分
14:25:50  world time update--> 00年11日19时33分
14:26:5  world time update--> 00年11日19时36分
14:26:12  3a8zMf4eG11Lgor6w1sj disconnect!
14:26:13  52e3e7e621cd27b412872063 join the game!
14:26:20  world time update--> 00年11日19时39分
14:26:35  world time update--> 00年11日19时42分
14:26:50  world time update--> 00年11日19时45分
14:27:5  world time update--> 00年11日19时48分
14:27:15  di生成了52f395588d619f88084491e4
14:27:20  world time update--> 00年11日19时51分
14:27:35  world time update--> 00年11日19时54分
14:27:50  world time update--> 00年11日19时57分
14:28:5  world time update--> 00年11日20时00分
14:28:20  world time update--> 00年11日20时03分
14:28:35  world time update--> 00年11日20时06分
14:28:50  world time update--> 00年11日20时09分
14:29:1  di生成了52f395588d619f88084491e4
14:29:6  world time update--> 00年11日20时12分
14:29:21  world time update--> 00年11日20时15分
14:29:36  world time update--> 00年11日20时18分
14:29:51  world time update--> 00年11日20时21分
14:30:6  world time update--> 00年11日20时24分
14:30:21  world time update--> 00年11日20时27分
14:30:36  world time update--> 00年11日20时30分
14:30:46  di生成了52f395588d619f88084491e4
14:30:51  world time update--> 00年11日20时33分
14:31:6  world time update--> 00年11日20时36分
14:31:21  world time update--> 00年11日20时39分
14:31:36  world time update--> 00年11日20时42分
14:31:51  world time update--> 00年11日20时45分
14:32:6  world time update--> 00年11日20时48分
14:32:21  world time update--> 00年11日20时51分
14:32:31  di生成了52f395588d619f88084491e4
14:32:36  world time update--> 00年11日20时54分
14:32:51  world time update--> 00年11日20时57分
14:33:6  world time update--> 00年11日21时00分
14:33:21  world time update--> 00年11日21时03分
14:33:36  world time update--> 00年11日21时06分
14:33:51  world time update--> 00年11日21时09分
14:34:6  world time update--> 00年11日21时12分
14:34:16  di生成了52f395588d619f88084491e4
14:34:21  world time update--> 00年11日21时15分
14:34:36  world time update--> 00年11日21时18分
14:34:51  world time update--> 00年11日21时21分
14:35:1  di生成了52ef8fd60163106814ff823d
14:35:7  world time update--> 00年11日21时24分
14:35:22  world time update--> 00年11日21时27分
14:35:37  world time update--> 00年11日21时30分
14:35:52  world time update--> 00年11日21时33分
14:36:2  di生成了52f395588d619f88084491e4
14:36:7  world time update--> 00年11日21时36分
14:36:22  world time update--> 00年11日21时39分
14:36:37  world time update--> 00年11日21时42分
14:36:52  world time update--> 00年11日21时45分
14:37:7  world time update--> 00年11日21时48分
14:37:22  world time update--> 00年11日21时51分
14:37:37  world time update--> 00年11日21时54分
14:37:47  di生成了52f395588d619f88084491e4
14:37:52  world time update--> 00年11日21时57分
14:38:7  world time update--> 00年11日22时00分
14:38:22  world time update--> 00年11日22时03分
14:38:37  world time update--> 00年11日22时06分
14:38:52  world time update--> 00年11日22时09分
14:39:7  world time update--> 00年11日22时12分
14:39:22  world time update--> 00年11日22时15分
14:39:32  di生成了52f395588d619f88084491e4
14:39:37  world time update--> 00年11日22时18分
14:39:52  world time update--> 00年11日22时21分
14:40:7  world time update--> 00年11日22时24分
14:40:22  world time update--> 00年11日22时27分
14:40:37  world time update--> 00年11日22时30分
14:40:52  world time update--> 00年11日22时33分
14:41:7  world time update--> 00年11日22时36分
14:41:17  di生成了52f395588d619f88084491e4
14:41:23  world time update--> 00年11日22时39分
14:41:38  world time update--> 00年11日22时42分
14:41:53  world time update--> 00年11日22时45分
14:42:8  world time update--> 00年11日22时48分
14:42:23  world time update--> 00年11日22时51分
14:42:38  world time update--> 00年11日22时54分
14:42:53  world time update--> 00年11日22时57分
14:43:3  di生成了52f395588d619f88084491e4
14:43:8  world time update--> 00年11日23时00分
14:43:23  world time update--> 00年11日23时03分
14:43:38  world time update--> 00年11日23时06分
14:43:53  world time update--> 00年11日23时09分
14:44:8  world time update--> 00年11日23时12分
14:44:23  world time update--> 00年11日23时15分
14:44:38  world time update--> 00年11日23时18分
14:44:48  di生成了52f395588d619f88084491e4
14:44:53  world time update--> 00年11日23时21分
14:45:8  world time update--> 00年11日23时24分
14:45:23  world time update--> 00年11日23时27分
14:45:38  world time update--> 00年11日23时30分
14:45:53  world time update--> 00年11日23时33分
14:46:8  world time update--> 00年11日23时36分
14:46:23  world time update--> 00年11日23时39分
14:46:33  di生成了52f395588d619f88084491e4
14:46:38  world time update--> 00年11日23时42分
14:46:53  world time update--> 00年11日23时45分
14:47:8  world time update--> 00年11日23时48分
14:47:23  world time update--> 00年11日23时51分
14:47:38  world time update--> 00年11日23时54分
14:47:53  world time update--> 00年11日23时57分
14:48:9  world time update--> 00年12日00时00分
14:48:19  di生成了52f395588d619f88084491e4
14:48:24  world time update--> 00年12日00时03分
14:48:39  world time update--> 00年12日00时06分
14:48:54  world time update--> 00年12日00时09分
14:49:9  world time update--> 00年12日00时12分
14:49:24  world time update--> 00年12日00时15分
14:49:39  world time update--> 00年12日00时18分
14:49:54  world time update--> 00年12日00时21分
14:50:4  di生成了52f395588d619f88084491e4
14:50:9  world time update--> 00年12日00时24分
14:50:24  world time update--> 00年12日00时27分
14:50:39  world time update--> 00年12日00时30分
14:50:54  world time update--> 00年12日00时33分
14:51:9  world time update--> 00年12日00时36分
14:51:24  world time update--> 00年12日00时39分
14:51:39  world time update--> 00年12日00时42分
14:51:49  di生成了52f395588d619f88084491e4
14:51:54  world time update--> 00年12日00时45分
14:52:9  world time update--> 00年12日00时48分
14:52:24  world time update--> 00年12日00时51分
14:52:39  world time update--> 00年12日00时54分
14:52:54  world time update--> 00年12日00时57分
14:53:9  world time update--> 00年12日01时00分
14:53:24  world time update--> 00年12日01时03分
14:53:34  di生成了52f395588d619f88084491e4
14:53:39  world time update--> 00年12日01时06分
14:53:54  world time update--> 00年12日01时09分
14:54:9  world time update--> 00年12日01时12分
14:54:24  world time update--> 00年12日01时15分
14:54:40  world time update--> 00年12日01时18分
14:54:55  world time update--> 00年12日01时21分
14:55:10  world time update--> 00年12日01时24分
14:55:20  di生成了52f395588d619f88084491e4
14:55:25  world time update--> 00年12日01时27分
14:55:40  world time update--> 00年12日01时30分
14:55:55  world time update--> 00年12日01时33分
14:56:10  world time update--> 00年12日01时36分
14:56:25  world time update--> 00年12日01时39分
14:56:40  world time update--> 00年12日01时42分
14:56:55  world time update--> 00年12日01时45分
14:57:5  di生成了52f395588d619f88084491e4
14:57:10  world time update--> 00年12日01时48分
14:57:25  world time update--> 00年12日01时51分
14:57:40  world time update--> 00年12日01时54分
14:57:55  world time update--> 00年12日01时57分
14:58:10  world time update--> 00年12日02时00分
14:58:25  world time update--> 00年12日02时03分
14:58:40  world time update--> 00年12日02时06分
14:58:50  di生成了52f395588d619f88084491e4
14:58:55  world time update--> 00年12日02时09分
14:59:10  world time update--> 00年12日02时12分
14:59:25  world time update--> 00年12日02时15分
14:59:40  world time update--> 00年12日02时18分
14:59:55  world time update--> 00年12日02时21分
15:0:10  world time update--> 00年12日02时24分
15:0:25  world time update--> 00年12日02时27分
15:0:35  di生成了52f395588d619f88084491e4
15:0:40  world time update--> 00年12日02时30分
15:0:55  world time update--> 00年12日02时33分
15:1:11  world time update--> 00年12日02时36分
15:1:26  world time update--> 00年12日02时39分
15:1:41  world time update--> 00年12日02时42分
15:1:56  world time update--> 00年12日02时45分
15:2:11  world time update--> 00年12日02时48分
15:2:21  di生成了52f395588d619f88084491e4
15:2:26  world time update--> 00年12日02时51分
15:2:41  world time update--> 00年12日02时54分
15:2:56  world time update--> 00年12日02时57分
15:3:11  world time update--> 00年12日03时00分
15:3:26  world time update--> 00年12日03时03分
15:3:41  world time update--> 00年12日03时06分
15:3:56  world time update--> 00年12日03时09分
15:4:6  di生成了52f395588d619f88084491e4
15:4:11  world time update--> 00年12日03时12分
15:4:26  world time update--> 00年12日03时15分
15:4:34  mfJVb2eqWIetvd3-w1sk disconnect!
15:4:34  52e3e7e621cd27b412872063 join the game!
15:4:41  KhwE0diFl40Iv14Aw1sl disconnect!
15:4:41  world time update--> 00年12日03时18分
15:4:48  52ecae74de76df040b09cccc join the game!
15:4:56  world time update--> 00年12日03时21分
15:5:11  world time update--> 00年12日03时24分
15:5:26  world time update--> 00年12日03时27分
15:5:41  world time update--> 00年12日03时30分
15:5:43  gR34EIIX1bDM0qkjw1sm disconnect!
15:5:43  52ecae74de76df040b09cccc join the game!
15:5:51  wsxxdwd生成了52f395588d619f88084491e4
15:5:56  world time update--> 00年12日03时33分
15:6:11  world time update--> 00年12日03时36分
15:6:16  ZMUKn5T4rGO8IuUew1sn disconnect!
15:6:16  52ecae74de76df040b09cccc join the game!
15:6:26  world time update--> 00年12日03时39分
15:6:41  world time update--> 00年12日03时42分
15:6:42  TB3defhU3Fhnx1Kcw1so disconnect!
15:6:42  52ecae74de76df040b09cccc join the game!
15:6:56  world time update--> 00年12日03时45分
15:7:11  world time update--> 00年12日03时48分
15:7:17  rBorZGI1EhgIQwuew1sp disconnect!
15:7:17  52ecae74de76df040b09cccc join the game!
15:7:26  world time update--> 00年12日03时51分
15:7:37  wsxxdwd生成了52f395588d619f88084491e4
15:7:42  world time update--> 00年12日03时54分
15:7:56  DXPY3LFwlSMzGQNcw1sq disconnect!
15:7:56  52ecae74de76df040b09cccc join the game!
15:7:57  world time update--> 00年12日03时57分
15:8:12  world time update--> 00年12日04时00分
15:8:27  world time update--> 00年12日04时03分
15:8:39  NOuIVMICVTfHO9xDw1sr disconnect!
15:8:40  52ecae74de76df040b09cccc join the game!
15:8:42  world time update--> 00年12日04时06分
15:8:57  world time update--> 00年12日04时09分
15:9:12  world time update--> 00年12日04时12分
15:9:22  wsxxdwd生成了52f395588d619f88084491e4
15:9:27  world time update--> 00年12日04时15分
15:9:42  world time update--> 00年12日04时18分
15:9:57  world time update--> 00年12日04时21分
15:10:12  world time update--> 00年12日04时24分
15:10:27  world time update--> 00年12日04时27分
15:10:42  world time update--> 00年12日04时30分
15:10:57  world time update--> 00年12日04时33分
15:11:7  wsxxdwd生成了52f395588d619f88084491e4
15:11:12  world time update--> 00年12日04时36分
15:11:27  world time update--> 00年12日04时39分
15:11:42  world time update--> 00年12日04时42分
15:11:57  world time update--> 00年12日04时45分
15:12:12  world time update--> 00年12日04时48分
15:12:27  world time update--> 00年12日04时51分
15:12:42  world time update--> 00年12日04时54分
15:12:52  wsxxdwd生成了52f395588d619f88084491e4
15:12:57  world time update--> 00年12日04时57分
15:13:12  world time update--> 00年12日05时00分
15:13:27  world time update--> 00年12日05时03分
15:13:42  world time update--> 00年12日05时06分
15:13:58  world time update--> 00年12日05时09分
15:14:13  world time update--> 00年12日05时12分
15:14:28  world time update--> 00年12日05时15分
15:14:38  wsxxdwd生成了52f395588d619f88084491e4
15:14:43  world time update--> 00年12日05时18分
15:14:58  world time update--> 00年12日05时21分
15:15:13  world time update--> 00年12日05时24分
15:15:28  world time update--> 00年12日05时27分
15:15:43  world time update--> 00年12日05时30分
15:15:58  world time update--> 00年12日05时33分
15:16:13  world time update--> 00年12日05时36分
15:16:23  wsxxdwd生成了52f395588d619f88084491e4
15:16:28  world time update--> 00年12日05时39分
15:16:43  world time update--> 00年12日05时42分
15:16:58  world time update--> 00年12日05时45分
15:17:13  world time update--> 00年12日05时48分
15:17:28  world time update--> 00年12日05时51分
15:17:43  world time update--> 00年12日05时54分
15:17:58  world time update--> 00年12日05时57分
15:18:8  wsxxdwd生成了52f395588d619f88084491e4
15:18:13  world time update--> 00年12日06时00分
15:18:28  world time update--> 00年12日06时03分
15:18:43  world time update--> 00年12日06时06分
15:18:58  world time update--> 00年12日06时09分
15:19:13  world time update--> 00年12日06时12分
15:19:28  world time update--> 00年12日06时15分
15:19:44  world time update--> 00年12日06时18分
15:19:54  wsxxdwd生成了52f395588d619f88084491e4
15:19:59  world time update--> 00年12日06时21分
15:20:14  world time update--> 00年12日06时24分
15:20:29  world time update--> 00年12日06时27分
15:20:44  world time update--> 00年12日06时30分
15:20:59  world time update--> 00年12日06时33分
15:21:14  world time update--> 00年12日06时36分
15:21:29  world time update--> 00年12日06时39分
15:21:39  wsxxdwd生成了52f395588d619f88084491e4
15:21:43  R80wQ92a47Xm8zhrw1ss disconnect!
15:21:44  52ecae74de76df040b09cccc join the game!
15:21:44  world time update--> 00年12日06时42分
15:21:59  world time update--> 00年12日06时45分
15:22:14  world time update--> 00年12日06时48分
15:22:29  world time update--> 00年12日06时51分
15:22:44  world time update--> 00年12日06时54分
15:22:59  world time update--> 00年12日06时57分
15:23:14  world time update--> 00年12日07时00分
15:23:24  wsxxdwd生成了52f395588d619f88084491e4
15:23:29  world time update--> 00年12日07时03分
15:23:44  world time update--> 00年12日07时06分
15:23:59  world time update--> 00年12日07时09分
15:24:2  NYkz86gStyyGRkASw1st disconnect!
15:24:3  52ecae74de76df040b09cccc join the game!
15:24:14  world time update--> 00年12日07时12分
15:24:29  world time update--> 00年12日07时15分
